{"pytest_version": "7.2.2", "$report_type": "SessionStart"}
{"nodeid": "tests40_3_4.py::test_if_result_is_sorted", "location": ["tests40_3_4.py", 20, "test_if_result_is_sorted"], "keywords": {"test_if_result_is_sorted": 1, "tests40_3_4.py": 1, "Folder_3": 1}, "outcome": "passed", "longrepr": null, "when": "setup", "user_properties": [], "sections": [], "duration": 0.0001478220001445152, "$report_type": "TestReport", "item_index": 2, "worker_id": "gw1", "testrun_uid": "4f155f69e818455babd25056c3b7692e", "node": "<WorkerController gw1>"}
{"nodeid": "tests40_3_4.py::test_strings_of_size_equal_to_28", "location": ["tests40_3_4.py", 5, "test_strings_of_size_equal_to_28"], "keywords": {"test_strings_of_size_equal_to_28": 1, "tests40_3_4.py": 1, "Folder_3": 1}, "outcome": "passed", "longrepr": null, "when": "setup", "user_properties": [], "sections": [], "duration": 0.0001588340019225143, "$report_type": "TestReport", "item_index": 0, "worker_id": "gw0", "testrun_uid": "4f155f69e818455babd25056c3b7692e", "node": "<WorkerController gw0>"}
{"nodeid": "tests40_3_4.py::test_strings_of_size_equal_to_28", "location": ["tests40_3_4.py", 5, "test_strings_of_size_equal_to_28"], "keywords": {"test_strings_of_size_equal_to_28": 1, "tests40_3_4.py": 1, "Folder_3": 1}, "outcome": "failed", "longrepr": {"reprcrash": {"path": "/home/shahin/Benchmark_Command_T0/Q40/command_results_4/Folder_3/tests40_3_4.py", "lineno": 12, "message": "AssertionError: assert ['w', 's', 'r', 'y'] == ['|', '{', 'y...'s', 'r', ...]\n  At index 0 diff: 'w' != '|'\n  Right contains 24 more items, first extra item: 's'\n  Full diff:\n    [\n  -  '|',\n  -  '{',\n  -  'y',...\n  \n  ...Full output truncated (30 lines hidden), use '-vv' to show"}, "reprtraceback": {"reprentries": [{"type": "ReprEntry", "data": {"lines": ["    def test_strings_of_size_equal_to_28():", "        selection_range = string.ascii_letters + string.digits + ' ' + \"!#$%&()*+,-./:;<=>?@[]^_{|}~\"", "        s = ''.join(random.sample(selection_range, k=28))", "        if 'descending' == 'ascending':", "            assert return_n_smallest_chars(s) == sorted(s)", "        else:", ">           assert return_n_smallest_chars(s) == sorted(s, reverse=True)", "E           AssertionError: assert ['w', 's', 'r', 'y'] == ['|', '{', 'y...'s', 'r', ...]", "E             At index 0 diff: 'w' != '|'", "E             Right contains 24 more items, first extra item: 's'", "E             Full diff:", "E               [", "E             -  '|',", "E             -  '{',", "E             -  'y',...", "E             ", "E             ...Full output truncated (30 lines hidden), use '-vv' to show"], "reprfuncargs": {"args": []}, "reprlocals": null, "reprfileloc": {"path": "Q40/command_results_4/Folder_3/tests40_3_4.py", "lineno": 12, "message": "AssertionError"}, "style": "long"}}], "extraline": null, "style": "long"}, "sections": [], "chain": [[{"reprentries": [{"type": "ReprEntry", "data": {"lines": ["    def test_strings_of_size_equal_to_28():", "        selection_range = string.ascii_letters + string.digits + ' ' + \"!#$%&()*+,-./:;<=>?@[]^_{|}~\"", "        s = ''.join(random.sample(selection_range, k=28))", "        if 'descending' == 'ascending':", "            assert return_n_smallest_chars(s) == sorted(s)", "        else:", ">           assert return_n_smallest_chars(s) == sorted(s, reverse=True)", "E           AssertionError: assert ['w', 's', 'r', 'y'] == ['|', '{', 'y...'s', 'r', ...]", "E             At index 0 diff: 'w' != '|'", "E             Right contains 24 more items, first extra item: 's'", "E             Full diff:", "E               [", "E             -  '|',", "E             -  '{',", "E             -  'y',...", "E             ", "E             ...Full output truncated (30 lines hidden), use '-vv' to show"], "reprfuncargs": {"args": []}, "reprlocals": null, "reprfileloc": {"path": "Q40/command_results_4/Folder_3/tests40_3_4.py", "lineno": 12, "message": "AssertionError"}, "style": "long"}}], "extraline": null, "style": "long"}, {"path": "/home/shahin/Benchmark_Command_T0/Q40/command_results_4/Folder_3/tests40_3_4.py", "lineno": 12, "message": "AssertionError: assert ['w', 's', 'r', 'y'] == ['|', '{', 'y...'s', 'r', ...]\n  At index 0 diff: 'w' != '|'\n  Right contains 24 more items, first extra item: 's'\n  Full diff:\n    [\n  -  '|',\n  -  '{',\n  -  'y',...\n  \n  ...Full output truncated (30 lines hidden), use '-vv' to show"}, null]]}, "when": "call", "user_properties": [], "sections": [], "duration": 0.0006833670049672946, "extra": [], "$report_type": "TestReport", "item_index": 0, "worker_id": "gw0", "testrun_uid": "4f155f69e818455babd25056c3b7692e", "node": "<WorkerController gw0>"}
{"exitstatus": 2, "$report_type": "SessionFinish"}
