{"pytest_version": "7.2.2", "$report_type": "SessionStart"}
{"nodeid": "tests26_23_2.py::test_nums", "location": ["tests26_23_2.py", 14, "test_nums"], "keywords": {"test_nums": 1, "tests26_23_2.py": 1, "Folder_23": 1}, "outcome": "passed", "longrepr": null, "when": "setup", "user_properties": [], "sections": [], "duration": 0.00012078700092388317, "$report_type": "TestReport", "item_index": 2, "worker_id": "gw1", "testrun_uid": "8560d22e267f4f22ae65a4b914eb5dd0", "node": "<WorkerController gw1>"}
{"nodeid": "tests26_23_2.py::test_range_of_given_arguments", "location": ["tests26_23_2.py", 4, "test_range_of_given_arguments"], "keywords": {"test_range_of_given_arguments": 1, "tests26_23_2.py": 1, "Folder_23": 1}, "outcome": "passed", "longrepr": null, "when": "setup", "user_properties": [], "sections": [], "duration": 0.00016002099982870277, "$report_type": "TestReport", "item_index": 0, "worker_id": "gw0", "testrun_uid": "8560d22e267f4f22ae65a4b914eb5dd0", "node": "<WorkerController gw0>"}
{"nodeid": "tests26_23_2.py::test_range_of_given_arguments", "location": ["tests26_23_2.py", 4, "test_range_of_given_arguments"], "keywords": {"test_range_of_given_arguments": 1, "tests26_23_2.py": 1, "Folder_23": 1}, "outcome": "failed", "longrepr": {"reprcrash": {"path": "/home/shahin/Benchmark_Command/Q26/command_results_2/Folder_23/tests26_23_2.py", "lineno": 7, "message": "assert 0 == 3053\n +  where 0 = sum_in_range([50, 51, 52, 53, 54, 55, ...])\n +  and   3053 = sum([50, 51, 52, 53, 54, 55, ...])"}, "reprtraceback": {"reprentries": [{"type": "ReprEntry", "data": {"lines": ["    def test_range_of_given_arguments():", "        initial_list = list(range(50, 92 + 1))", ">       assert sum_in_range(initial_list) == sum(initial_list)", "E       assert 0 == 3053", "E        +  where 0 = sum_in_range([50, 51, 52, 53, 54, 55, ...])", "E        +  and   3053 = sum([50, 51, 52, 53, 54, 55, ...])"], "reprfuncargs": {"args": []}, "reprlocals": null, "reprfileloc": {"path": "Q26/command_results_2/Folder_23/tests26_23_2.py", "lineno": 7, "message": "AssertionError"}, "style": "long"}}], "extraline": null, "style": "long"}, "sections": [], "chain": [[{"reprentries": [{"type": "ReprEntry", "data": {"lines": ["    def test_range_of_given_arguments():", "        initial_list = list(range(50, 92 + 1))", ">       assert sum_in_range(initial_list) == sum(initial_list)", "E       assert 0 == 3053", "E        +  where 0 = sum_in_range([50, 51, 52, 53, 54, 55, ...])", "E        +  and   3053 = sum([50, 51, 52, 53, 54, 55, ...])"], "reprfuncargs": {"args": []}, "reprlocals": null, "reprfileloc": {"path": "Q26/command_results_2/Folder_23/tests26_23_2.py", "lineno": 7, "message": "AssertionError"}, "style": "long"}}], "extraline": null, "style": "long"}, {"path": "/home/shahin/Benchmark_Command/Q26/command_results_2/Folder_23/tests26_23_2.py", "lineno": 7, "message": "assert 0 == 3053\n +  where 0 = sum_in_range([50, 51, 52, 53, 54, 55, ...])\n +  and   3053 = sum([50, 51, 52, 53, 54, 55, ...])"}, null]]}, "when": "call", "user_properties": [], "sections": [], "duration": 0.00024304599901370239, "extra": [], "$report_type": "TestReport", "item_index": 0, "worker_id": "gw0", "testrun_uid": "8560d22e267f4f22ae65a4b914eb5dd0", "node": "<WorkerController gw0>"}
{"exitstatus": 2, "$report_type": "SessionFinish"}
