{"pytest_version": "7.2.2", "$report_type": "SessionStart"}
{"nodeid": "tests39_21_1.py::test_if_result_is_sorted", "location": ["tests39_21_1.py", 20, "test_if_result_is_sorted"], "keywords": {"test_if_result_is_sorted": 1, "tests39_21_1.py": 1, "Folder_21": 1}, "outcome": "passed", "longrepr": null, "when": "setup", "user_properties": [], "sections": [], "duration": 0.00012140200124122202, "$report_type": "TestReport", "item_index": 2, "worker_id": "gw1", "testrun_uid": "2c4acee8598d4a9ba56833385f304dc3", "node": "<WorkerController gw1>"}
{"nodeid": "tests39_21_1.py::test_strings_of_size_equal_to_44", "location": ["tests39_21_1.py", 5, "test_strings_of_size_equal_to_44"], "keywords": {"test_strings_of_size_equal_to_44": 1, "tests39_21_1.py": 1, "Folder_21": 1}, "outcome": "passed", "longrepr": null, "when": "setup", "user_properties": [], "sections": [], "duration": 0.00016732000221963972, "$report_type": "TestReport", "item_index": 0, "worker_id": "gw0", "testrun_uid": "2c4acee8598d4a9ba56833385f304dc3", "node": "<WorkerController gw0>"}
{"nodeid": "tests39_21_1.py::test_strings_of_size_equal_to_44", "location": ["tests39_21_1.py", 5, "test_strings_of_size_equal_to_44"], "keywords": {"test_strings_of_size_equal_to_44": 1, "tests39_21_1.py": 1, "Folder_21": 1}, "outcome": "failed", "longrepr": {"reprcrash": {"path": "/home/shahin/Benchmark_Command_T0/Q39/command_results_1/Folder_21/tests39_21_1.py", "lineno": 12, "message": "AssertionError: assert ['B', 'Z', 'M...'J', 'N', ...] == ['|', '{', 'z...'w', 't', ...]\n  At index 0 diff: 'B' != '|'\n  Right contains 32 more items, first extra item: '_'\n  Full diff:\n    [\n  -  '|',\n  ?   ^\n  +  'B',...\n  \n  ...Full output truncated (53 lines hidden), use '-vv' to show"}, "reprtraceback": {"reprentries": [{"type": "ReprEntry", "data": {"lines": ["    def test_strings_of_size_equal_to_44():", "        selection_range = string.ascii_letters + string.digits + ' ' + \"!#$%&()*+,-./:;<=>?@[]^_{|}~\"", "        s = ''.join(random.sample(selection_range, k=44))", "        if 'descending' == 'ascending':", "            assert return_n_greatest_chars(s) == sorted(s)", "        else:", ">           assert return_n_greatest_chars(s) == sorted(s, reverse=True)", "E           AssertionError: assert ['B', 'Z', 'M...'J', 'N', ...] == ['|', '{', 'z...'w', 't', ...]", "E             At index 0 diff: 'B' != '|'", "E             Right contains 32 more items, first extra item: '_'", "E             Full diff:", "E               [", "E             -  '|',", "E             ?   ^", "E             +  'B',...", "E             ", "E             ...Full output truncated (53 lines hidden), use '-vv' to show"], "reprfuncargs": {"args": []}, "reprlocals": null, "reprfileloc": {"path": "Q39/command_results_1/Folder_21/tests39_21_1.py", "lineno": 12, "message": "AssertionError"}, "style": "long"}}], "extraline": null, "style": "long"}, "sections": [], "chain": [[{"reprentries": [{"type": "ReprEntry", "data": {"lines": ["    def test_strings_of_size_equal_to_44():", "        selection_range = string.ascii_letters + string.digits + ' ' + \"!#$%&()*+,-./:;<=>?@[]^_{|}~\"", "        s = ''.join(random.sample(selection_range, k=44))", "        if 'descending' == 'ascending':", "            assert return_n_greatest_chars(s) == sorted(s)", "        else:", ">           assert return_n_greatest_chars(s) == sorted(s, reverse=True)", "E           AssertionError: assert ['B', 'Z', 'M...'J', 'N', ...] == ['|', '{', 'z...'w', 't', ...]", "E             At index 0 diff: 'B' != '|'", "E             Right contains 32 more items, first extra item: '_'", "E             Full diff:", "E               [", "E             -  '|',", "E             ?   ^", "E             +  'B',...", "E             ", "E             ...Full output truncated (53 lines hidden), use '-vv' to show"], "reprfuncargs": {"args": []}, "reprlocals": null, "reprfileloc": {"path": "Q39/command_results_1/Folder_21/tests39_21_1.py", "lineno": 12, "message": "AssertionError"}, "style": "long"}}], "extraline": null, "style": "long"}, {"path": "/home/shahin/Benchmark_Command_T0/Q39/command_results_1/Folder_21/tests39_21_1.py", "lineno": 12, "message": "AssertionError: assert ['B', 'Z', 'M...'J', 'N', ...] == ['|', '{', 'z...'w', 't', ...]\n  At index 0 diff: 'B' != '|'\n  Right contains 32 more items, first extra item: '_'\n  Full diff:\n    [\n  -  '|',\n  ?   ^\n  +  'B',...\n  \n  ...Full output truncated (53 lines hidden), use '-vv' to show"}, null]]}, "when": "call", "user_properties": [], "sections": [], "duration": 0.0007324100006371737, "extra": [], "$report_type": "TestReport", "item_index": 0, "worker_id": "gw0", "testrun_uid": "2c4acee8598d4a9ba56833385f304dc3", "node": "<WorkerController gw0>"}
{"exitstatus": 2, "$report_type": "SessionFinish"}
