{"pytest_version": "7.2.2", "$report_type": "SessionStart"}
{"nodeid": "tests53_81_2.py::test_string_of_many_chars", "location": ["tests53_81_2.py", 19, "test_string_of_many_chars"], "keywords": {"test_string_of_many_chars": 1, "tests53_81_2.py": 1, "Folder_81": 1}, "outcome": "passed", "longrepr": null, "when": "setup", "user_properties": [], "sections": [], "duration": 0.00012526499995146878, "$report_type": "TestReport", "item_index": 2, "worker_id": "gw1", "testrun_uid": "a641b1f320754bc0892b2ef811ac3f9a", "node": "<WorkerController gw1>"}
{"nodeid": "tests53_81_2.py::test_string_of_similar_chars_of_length_33", "location": ["tests53_81_2.py", 5, "test_string_of_similar_chars_of_length_33"], "keywords": {"test_string_of_similar_chars_of_length_33": 1, "tests53_81_2.py": 1, "Folder_81": 1}, "outcome": "passed", "longrepr": null, "when": "setup", "user_properties": [], "sections": [], "duration": 0.0001658809997024946, "$report_type": "TestReport", "item_index": 0, "worker_id": "gw0", "testrun_uid": "a641b1f320754bc0892b2ef811ac3f9a", "node": "<WorkerController gw0>"}
{"nodeid": "tests53_81_2.py::test_string_of_similar_chars_of_length_33", "location": ["tests53_81_2.py", 5, "test_string_of_similar_chars_of_length_33"], "keywords": {"test_string_of_similar_chars_of_length_33": 1, "tests53_81_2.py": 1, "Folder_81": 1}, "outcome": "failed", "longrepr": {"reprcrash": {"path": "/home/shahin/Benchmark_Command/Q53/command_results_2/Folder_81/tests53_81_2.py", "lineno": 8, "message": "AssertionError: assert {1, 2, 3, 4, 5, 6, ...} == {'aaaaaaaaaaa...aaaaaaaaaaaa'}\n  Extra items in the left set:\n  1\n  2\n  3\n  4\n  5\n  6...\n  \n  ...Full output truncated (16 lines hidden), use '-vv' to show"}, "reprtraceback": {"reprentries": [{"type": "ReprEntry", "data": {"lines": ["    def test_string_of_similar_chars_of_length_33():", "        s = ''.join('a' for _ in range(33))", ">       assert palindrome_of_length_at_least_n(s) == {s}", "E       AssertionError: assert {1, 2, 3, 4, 5, 6, ...} == {'aaaaaaaaaaa...aaaaaaaaaaaa'}", "E         Extra items in the left set:", "E         1", "E         2", "E         3", "E         4", "E         5", "E         6...", "E         ", "E         ...Full output truncated (16 lines hidden), use '-vv' to show"], "reprfuncargs": {"args": []}, "reprlocals": null, "reprfileloc": {"path": "Q53/command_results_2/Folder_81/tests53_81_2.py", "lineno": 8, "message": "AssertionError"}, "style": "long"}}], "extraline": null, "style": "long"}, "sections": [], "chain": [[{"reprentries": [{"type": "ReprEntry", "data": {"lines": ["    def test_string_of_similar_chars_of_length_33():", "        s = ''.join('a' for _ in range(33))", ">       assert palindrome_of_length_at_least_n(s) == {s}", "E       AssertionError: assert {1, 2, 3, 4, 5, 6, ...} == {'aaaaaaaaaaa...aaaaaaaaaaaa'}", "E         Extra items in the left set:", "E         1", "E         2", "E         3", "E         4", "E         5", "E         6...", "E         ", "E         ...Full output truncated (16 lines hidden), use '-vv' to show"], "reprfuncargs": {"args": []}, "reprlocals": null, "reprfileloc": {"path": "Q53/command_results_2/Folder_81/tests53_81_2.py", "lineno": 8, "message": "AssertionError"}, "style": "long"}}], "extraline": null, "style": "long"}, {"path": "/home/shahin/Benchmark_Command/Q53/command_results_2/Folder_81/tests53_81_2.py", "lineno": 8, "message": "AssertionError: assert {1, 2, 3, 4, 5, 6, ...} == {'aaaaaaaaaaa...aaaaaaaaaaaa'}\n  Extra items in the left set:\n  1\n  2\n  3\n  4\n  5\n  6...\n  \n  ...Full output truncated (16 lines hidden), use '-vv' to show"}, null]]}, "when": "call", "user_properties": [], "sections": [], "duration": 0.0004644410000764765, "extra": [], "$report_type": "TestReport", "item_index": 0, "worker_id": "gw0", "testrun_uid": "a641b1f320754bc0892b2ef811ac3f9a", "node": "<WorkerController gw0>"}
{"exitstatus": 2, "$report_type": "SessionFinish"}
