{"pytest_version": "7.2.2", "$report_type": "SessionStart"}
{"nodeid": "tests56_71_3.py::test_string_of_same_character", "location": ["tests56_71_3.py", 5, "test_string_of_same_character"], "keywords": {"test_string_of_same_character": 1, "tests56_71_3.py": 1, "Folder_71": 1}, "outcome": "passed", "longrepr": null, "when": "setup", "user_properties": [], "sections": [], "duration": 0.00017376200412400067, "$report_type": "TestReport", "item_index": 0, "worker_id": "gw0", "testrun_uid": "ce4147217c22453d9ddf2af6d4d0c9be", "node": "<WorkerController gw0>"}
{"nodeid": "tests56_71_3.py::test_same_character_string", "location": ["tests56_71_3.py", 18, "test_same_character_string"], "keywords": {"test_same_character_string": 1, "tests56_71_3.py": 1, "Folder_71": 1}, "outcome": "passed", "longrepr": null, "when": "setup", "user_properties": [], "sections": [], "duration": 0.00012285399134270847, "$report_type": "TestReport", "item_index": 2, "worker_id": "gw1", "testrun_uid": "ce4147217c22453d9ddf2af6d4d0c9be", "node": "<WorkerController gw1>"}
{"nodeid": "tests56_71_3.py::test_string_of_same_character", "location": ["tests56_71_3.py", 5, "test_string_of_same_character"], "keywords": {"test_string_of_same_character": 1, "tests56_71_3.py": 1, "Folder_71": 1}, "outcome": "failed", "longrepr": {"reprcrash": {"path": "/home/shahin/Benchmark_Command_T0/Q56/command_results_3/Folder_71/tests56_71_3.py", "lineno": 10, "message": "AssertionError: assert not [' ']\n +  where [' '] = all_substring_of_size_n('                          ')"}, "reprtraceback": {"reprentries": [{"type": "ReprEntry", "data": {"lines": ["    def test_string_of_same_character():", "        selection = [' ', '0', '@', 'a']", "        for char in selection:", "            s = ''.join(char for _ in range(1, 17 + 10))", ">           assert not all_substring_of_size_n(s)", "E           AssertionError: assert not [' ']", "E            +  where [' '] = all_substring_of_size_n('                          ')"], "reprfuncargs": {"args": []}, "reprlocals": null, "reprfileloc": {"path": "Q56/command_results_3/Folder_71/tests56_71_3.py", "lineno": 10, "message": "AssertionError"}, "style": "long"}}], "extraline": null, "style": "long"}, "sections": [], "chain": [[{"reprentries": [{"type": "ReprEntry", "data": {"lines": ["    def test_string_of_same_character():", "        selection = [' ', '0', '@', 'a']", "        for char in selection:", "            s = ''.join(char for _ in range(1, 17 + 10))", ">           assert not all_substring_of_size_n(s)", "E           AssertionError: assert not [' ']", "E            +  where [' '] = all_substring_of_size_n('                          ')"], "reprfuncargs": {"args": []}, "reprlocals": null, "reprfileloc": {"path": "Q56/command_results_3/Folder_71/tests56_71_3.py", "lineno": 10, "message": "AssertionError"}, "style": "long"}}], "extraline": null, "style": "long"}, {"path": "/home/shahin/Benchmark_Command_T0/Q56/command_results_3/Folder_71/tests56_71_3.py", "lineno": 10, "message": "AssertionError: assert not [' ']\n +  where [' '] = all_substring_of_size_n('                          ')"}, null]]}, "when": "call", "user_properties": [], "sections": [], "duration": 0.00025241200637537986, "extra": [], "$report_type": "TestReport", "item_index": 0, "worker_id": "gw0", "testrun_uid": "ce4147217c22453d9ddf2af6d4d0c9be", "node": "<WorkerController gw0>"}
{"exitstatus": 2, "$report_type": "SessionFinish"}
