{"pytest_version": "7.2.2", "$report_type": "SessionStart"}
{"nodeid": "tests40_47_4.py::test_strings_of_size_equal_to_21", "location": ["tests40_47_4.py", 5, "test_strings_of_size_equal_to_21"], "keywords": {"test_strings_of_size_equal_to_21": 1, "tests40_47_4.py": 1, "Folder_47": 1}, "outcome": "passed", "longrepr": null, "when": "setup", "user_properties": [], "sections": [], "duration": 0.00016197399963857606, "$report_type": "TestReport", "item_index": 0, "worker_id": "gw0", "testrun_uid": "f5f2e88498564796b8870e612d1e1f85", "node": "<WorkerController gw0>"}
{"nodeid": "tests40_47_4.py::test_if_result_is_sorted", "location": ["tests40_47_4.py", 20, "test_if_result_is_sorted"], "keywords": {"test_if_result_is_sorted": 1, "tests40_47_4.py": 1, "Folder_47": 1}, "outcome": "passed", "longrepr": null, "when": "setup", "user_properties": [], "sections": [], "duration": 0.0001193429998238571, "$report_type": "TestReport", "item_index": 2, "worker_id": "gw1", "testrun_uid": "f5f2e88498564796b8870e612d1e1f85", "node": "<WorkerController gw1>"}
{"nodeid": "tests40_47_4.py::test_strings_of_size_equal_to_21", "location": ["tests40_47_4.py", 5, "test_strings_of_size_equal_to_21"], "keywords": {"test_strings_of_size_equal_to_21": 1, "tests40_47_4.py": 1, "Folder_47": 1}, "outcome": "failed", "longrepr": {"reprcrash": {"path": "/home/shahin/Benchmark_Command/Q40/command_results_4/Folder_47/tests40_47_4.py", "lineno": 12, "message": "AssertionError: assert ['a', 'g', 'j', 's', 'z'] == ['}', 'z', 's...'g', 'a', ...]\n  At index 0 diff: 'a' != '}'\n  Right contains 16 more items, first extra item: 'a'\n  Full diff:\n    [\n  -  '}',\n  ?   ^\n  +  'a',...\n  \n  ...Full output truncated (26 lines hidden), use '-vv' to show"}, "reprtraceback": {"reprentries": [{"type": "ReprEntry", "data": {"lines": ["    def test_strings_of_size_equal_to_21():", "        selection_range = string.ascii_letters + string.digits + ' ' + \"!#$%&()*+,-./:;<=>?@[]^_{|}~\"", "        s = ''.join(random.sample(selection_range, k=21))", "        if 'descending' == 'ascending':", "            assert return_n_smallest_chars(s) == sorted(s)", "        else:", ">           assert return_n_smallest_chars(s) == sorted(s, reverse=True)", "E           AssertionError: assert ['a', 'g', 'j', 's', 'z'] == ['}', 'z', 's...'g', 'a', ...]", "E             At index 0 diff: 'a' != '}'", "E             Right contains 16 more items, first extra item: 'a'", "E             Full diff:", "E               [", "E             -  '}',", "E             ?   ^", "E             +  'a',...", "E             ", "E             ...Full output truncated (26 lines hidden), use '-vv' to show"], "reprfuncargs": {"args": []}, "reprlocals": null, "reprfileloc": {"path": "Q40/command_results_4/Folder_47/tests40_47_4.py", "lineno": 12, "message": "AssertionError"}, "style": "long"}}], "extraline": null, "style": "long"}, "sections": [], "chain": [[{"reprentries": [{"type": "ReprEntry", "data": {"lines": ["    def test_strings_of_size_equal_to_21():", "        selection_range = string.ascii_letters + string.digits + ' ' + \"!#$%&()*+,-./:;<=>?@[]^_{|}~\"", "        s = ''.join(random.sample(selection_range, k=21))", "        if 'descending' == 'ascending':", "            assert return_n_smallest_chars(s) == sorted(s)", "        else:", ">           assert return_n_smallest_chars(s) == sorted(s, reverse=True)", "E           AssertionError: assert ['a', 'g', 'j', 's', 'z'] == ['}', 'z', 's...'g', 'a', ...]", "E             At index 0 diff: 'a' != '}'", "E             Right contains 16 more items, first extra item: 'a'", "E             Full diff:", "E               [", "E             -  '}',", "E             ?   ^", "E             +  'a',...", "E             ", "E             ...Full output truncated (26 lines hidden), use '-vv' to show"], "reprfuncargs": {"args": []}, "reprlocals": null, "reprfileloc": {"path": "Q40/command_results_4/Folder_47/tests40_47_4.py", "lineno": 12, "message": "AssertionError"}, "style": "long"}}], "extraline": null, "style": "long"}, {"path": "/home/shahin/Benchmark_Command/Q40/command_results_4/Folder_47/tests40_47_4.py", "lineno": 12, "message": "AssertionError: assert ['a', 'g', 'j', 's', 'z'] == ['}', 'z', 's...'g', 'a', ...]\n  At index 0 diff: 'a' != '}'\n  Right contains 16 more items, first extra item: 'a'\n  Full diff:\n    [\n  -  '}',\n  ?   ^\n  +  'a',...\n  \n  ...Full output truncated (26 lines hidden), use '-vv' to show"}, null]]}, "when": "call", "user_properties": [], "sections": [], "duration": 0.0006038529973011464, "extra": [], "$report_type": "TestReport", "item_index": 0, "worker_id": "gw0", "testrun_uid": "f5f2e88498564796b8870e612d1e1f85", "node": "<WorkerController gw0>"}
{"exitstatus": 2, "$report_type": "SessionFinish"}
