{"pytest_version": "7.2.2", "$report_type": "SessionStart"}
{"nodeid": "tests26_38_4.py::test_nums", "location": ["tests26_38_4.py", 14, "test_nums"], "keywords": {"test_nums": 1, "tests26_38_4.py": 1, "Folder_38": 1}, "outcome": "passed", "longrepr": null, "when": "setup", "user_properties": [], "sections": [], "duration": 0.0001250040004379116, "$report_type": "TestReport", "item_index": 2, "worker_id": "gw1", "testrun_uid": "404862ad1469449db1169eb67997e92c", "node": "<WorkerController gw1>"}
{"nodeid": "tests26_38_4.py::test_range_of_given_arguments", "location": ["tests26_38_4.py", 4, "test_range_of_given_arguments"], "keywords": {"test_range_of_given_arguments": 1, "tests26_38_4.py": 1, "Folder_38": 1}, "outcome": "passed", "longrepr": null, "when": "setup", "user_properties": [], "sections": [], "duration": 0.00014949100113881286, "$report_type": "TestReport", "item_index": 0, "worker_id": "gw0", "testrun_uid": "404862ad1469449db1169eb67997e92c", "node": "<WorkerController gw0>"}
{"nodeid": "tests26_38_4.py::test_range_of_given_arguments", "location": ["tests26_38_4.py", 4, "test_range_of_given_arguments"], "keywords": {"test_range_of_given_arguments": 1, "tests26_38_4.py": 1, "Folder_38": 1}, "outcome": "failed", "longrepr": {"reprcrash": {"path": "/home/shahin/Benchmark_Command/Q26/command_results_4/Folder_38/tests26_38_4.py", "lineno": 7, "message": "assert 0 == 1332\n +  where 0 = sum_in_range([44, 45, 46, 47, 48, 49, ...])\n +  and   1332 = sum([44, 45, 46, 47, 48, 49, ...])"}, "reprtraceback": {"reprentries": [{"type": "ReprEntry", "data": {"lines": ["    def test_range_of_given_arguments():", "        initial_list = list(range(44, 67 + 1))", ">       assert sum_in_range(initial_list) == sum(initial_list)", "E       assert 0 == 1332", "E        +  where 0 = sum_in_range([44, 45, 46, 47, 48, 49, ...])", "E        +  and   1332 = sum([44, 45, 46, 47, 48, 49, ...])"], "reprfuncargs": {"args": []}, "reprlocals": null, "reprfileloc": {"path": "Q26/command_results_4/Folder_38/tests26_38_4.py", "lineno": 7, "message": "AssertionError"}, "style": "long"}}], "extraline": null, "style": "long"}, "sections": [], "chain": [[{"reprentries": [{"type": "ReprEntry", "data": {"lines": ["    def test_range_of_given_arguments():", "        initial_list = list(range(44, 67 + 1))", ">       assert sum_in_range(initial_list) == sum(initial_list)", "E       assert 0 == 1332", "E        +  where 0 = sum_in_range([44, 45, 46, 47, 48, 49, ...])", "E        +  and   1332 = sum([44, 45, 46, 47, 48, 49, ...])"], "reprfuncargs": {"args": []}, "reprlocals": null, "reprfileloc": {"path": "Q26/command_results_4/Folder_38/tests26_38_4.py", "lineno": 7, "message": "AssertionError"}, "style": "long"}}], "extraline": null, "style": "long"}, {"path": "/home/shahin/Benchmark_Command/Q26/command_results_4/Folder_38/tests26_38_4.py", "lineno": 7, "message": "assert 0 == 1332\n +  where 0 = sum_in_range([44, 45, 46, 47, 48, 49, ...])\n +  and   1332 = sum([44, 45, 46, 47, 48, 49, ...])"}, null]]}, "when": "call", "user_properties": [], "sections": [], "duration": 0.0002928989997599274, "extra": [], "$report_type": "TestReport", "item_index": 0, "worker_id": "gw0", "testrun_uid": "404862ad1469449db1169eb67997e92c", "node": "<WorkerController gw0>"}
{"exitstatus": 2, "$report_type": "SessionFinish"}
