{"pytest_version": "7.2.2", "$report_type": "SessionStart"}
{"nodeid": "tests40_64_4.py::test_if_result_is_sorted", "location": ["tests40_64_4.py", 20, "test_if_result_is_sorted"], "keywords": {"test_if_result_is_sorted": 1, "tests40_64_4.py": 1, "Folder_64": 1}, "outcome": "passed", "longrepr": null, "when": "setup", "user_properties": [], "sections": [], "duration": 0.00012343100024736486, "$report_type": "TestReport", "item_index": 2, "worker_id": "gw1", "testrun_uid": "fd3d109481dc42a19937f250bc5bd449", "node": "<WorkerController gw1>"}
{"nodeid": "tests40_64_4.py::test_strings_of_size_equal_to_39", "location": ["tests40_64_4.py", 5, "test_strings_of_size_equal_to_39"], "keywords": {"test_strings_of_size_equal_to_39": 1, "tests40_64_4.py": 1, "Folder_64": 1}, "outcome": "passed", "longrepr": null, "when": "setup", "user_properties": [], "sections": [], "duration": 0.0001604310018592514, "$report_type": "TestReport", "item_index": 0, "worker_id": "gw0", "testrun_uid": "fd3d109481dc42a19937f250bc5bd449", "node": "<WorkerController gw0>"}
{"nodeid": "tests40_64_4.py::test_strings_of_size_equal_to_39", "location": ["tests40_64_4.py", 5, "test_strings_of_size_equal_to_39"], "keywords": {"test_strings_of_size_equal_to_39": 1, "tests40_64_4.py": 1, "Folder_64": 1}, "outcome": "failed", "longrepr": {"reprcrash": {"path": "/home/shahin/Benchmark_Command/Q40/command_results_4/Folder_64/tests40_64_4.py", "lineno": 12, "message": "AssertionError: assert ['a', 'c', 'd...'g', 'j', ...] == ['~', '}', '|...'u', 's', ...]\n  At index 0 diff: 'a' != '~'\n  Right contains 28 more items, first extra item: 'd'\n  Full diff:\n    [\n  -  '~',\n  ?   ^\n  +  'a',...\n  \n  ...Full output truncated (54 lines hidden), use '-vv' to show"}, "reprtraceback": {"reprentries": [{"type": "ReprEntry", "data": {"lines": ["    def test_strings_of_size_equal_to_39():", "        selection_range = string.ascii_letters + string.digits + ' ' + \"!#$%&()*+,-./:;<=>?@[]^_{|}~\"", "        s = ''.join(random.sample(selection_range, k=39))", "        if 'descending' == 'ascending':", "            assert return_n_smallest_chars(s) == sorted(s)", "        else:", ">           assert return_n_smallest_chars(s) == sorted(s, reverse=True)", "E           AssertionError: assert ['a', 'c', 'd...'g', 'j', ...] == ['~', '}', '|...'u', 's', ...]", "E             At index 0 diff: 'a' != '~'", "E             Right contains 28 more items, first extra item: 'd'", "E             Full diff:", "E               [", "E             -  '~',", "E             ?   ^", "E             +  'a',...", "E             ", "E             ...Full output truncated (54 lines hidden), use '-vv' to show"], "reprfuncargs": {"args": []}, "reprlocals": null, "reprfileloc": {"path": "Q40/command_results_4/Folder_64/tests40_64_4.py", "lineno": 12, "message": "AssertionError"}, "style": "long"}}], "extraline": null, "style": "long"}, "sections": [], "chain": [[{"reprentries": [{"type": "ReprEntry", "data": {"lines": ["    def test_strings_of_size_equal_to_39():", "        selection_range = string.ascii_letters + string.digits + ' ' + \"!#$%&()*+,-./:;<=>?@[]^_{|}~\"", "        s = ''.join(random.sample(selection_range, k=39))", "        if 'descending' == 'ascending':", "            assert return_n_smallest_chars(s) == sorted(s)", "        else:", ">           assert return_n_smallest_chars(s) == sorted(s, reverse=True)", "E           AssertionError: assert ['a', 'c', 'd...'g', 'j', ...] == ['~', '}', '|...'u', 's', ...]", "E             At index 0 diff: 'a' != '~'", "E             Right contains 28 more items, first extra item: 'd'", "E             Full diff:", "E               [", "E             -  '~',", "E             ?   ^", "E             +  'a',...", "E             ", "E             ...Full output truncated (54 lines hidden), use '-vv' to show"], "reprfuncargs": {"args": []}, "reprlocals": null, "reprfileloc": {"path": "Q40/command_results_4/Folder_64/tests40_64_4.py", "lineno": 12, "message": "AssertionError"}, "style": "long"}}], "extraline": null, "style": "long"}, {"path": "/home/shahin/Benchmark_Command/Q40/command_results_4/Folder_64/tests40_64_4.py", "lineno": 12, "message": "AssertionError: assert ['a', 'c', 'd...'g', 'j', ...] == ['~', '}', '|...'u', 's', ...]\n  At index 0 diff: 'a' != '~'\n  Right contains 28 more items, first extra item: 'd'\n  Full diff:\n    [\n  -  '~',\n  ?   ^\n  +  'a',...\n  \n  ...Full output truncated (54 lines hidden), use '-vv' to show"}, null]]}, "when": "call", "user_properties": [], "sections": [], "duration": 0.0009209469972120132, "extra": [], "$report_type": "TestReport", "item_index": 0, "worker_id": "gw0", "testrun_uid": "fd3d109481dc42a19937f250bc5bd449", "node": "<WorkerController gw0>"}
{"exitstatus": 2, "$report_type": "SessionFinish"}
