{"pytest_version": "7.2.2", "$report_type": "SessionStart"}
{"nodeid": "tests40_21_2.py::test_if_result_is_sorted", "location": ["tests40_21_2.py", 20, "test_if_result_is_sorted"], "keywords": {"test_if_result_is_sorted": 1, "tests40_21_2.py": 1, "Folder_21": 1}, "outcome": "passed", "longrepr": null, "when": "setup", "user_properties": [], "sections": [], "duration": 0.00011869299851241522, "$report_type": "TestReport", "item_index": 2, "worker_id": "gw1", "testrun_uid": "1bbf4761ade24f7393ed7f682702a296", "node": "<WorkerController gw1>"}
{"nodeid": "tests40_21_2.py::test_strings_of_size_equal_to_44", "location": ["tests40_21_2.py", 5, "test_strings_of_size_equal_to_44"], "keywords": {"test_strings_of_size_equal_to_44": 1, "tests40_21_2.py": 1, "Folder_21": 1}, "outcome": "passed", "longrepr": null, "when": "setup", "user_properties": [], "sections": [], "duration": 0.00014915999781806022, "$report_type": "TestReport", "item_index": 0, "worker_id": "gw0", "testrun_uid": "1bbf4761ade24f7393ed7f682702a296", "node": "<WorkerController gw0>"}
{"nodeid": "tests40_21_2.py::test_strings_of_size_equal_to_44", "location": ["tests40_21_2.py", 5, "test_strings_of_size_equal_to_44"], "keywords": {"test_strings_of_size_equal_to_44": 1, "tests40_21_2.py": 1, "Folder_21": 1}, "outcome": "failed", "longrepr": {"reprcrash": {"path": "/home/shahin/Benchmark_Command/Q40/command_results_2/Folder_21/tests40_21_2.py", "lineno": 12, "message": "AssertionError: assert [']', 'x', 'n...'U', '9', ...] == ['~', '{', 'y...'w', 'u', ...]\n  At index 0 diff: ']' != '~'\n  Right contains 2 more items, first extra item: ')'\n  Full diff:\n    [\n  -  '~',\n  ?   ^\n  +  ']',...\n  \n  ...Full output truncated (85 lines hidden), use '-vv' to show"}, "reprtraceback": {"reprentries": [{"type": "ReprEntry", "data": {"lines": ["    def test_strings_of_size_equal_to_44():", "        selection_range = string.ascii_letters + string.digits + ' ' + \"!#$%&()*+,-./:;<=>?@[]^_{|}~\"", "        s = ''.join(random.sample(selection_range, k=44))", "        if 'descending' == 'ascending':", "            assert return_n_smallest_chars(s) == sorted(s)", "        else:", ">           assert return_n_smallest_chars(s) == sorted(s, reverse=True)", "E           AssertionError: assert [']', 'x', 'n...'U', '9', ...] == ['~', '{', 'y...'w', 'u', ...]", "E             At index 0 diff: ']' != '~'", "E             Right contains 2 more items, first extra item: ')'", "E             Full diff:", "E               [", "E             -  '~',", "E             ?   ^", "E             +  ']',...", "E             ", "E             ...Full output truncated (85 lines hidden), use '-vv' to show"], "reprfuncargs": {"args": []}, "reprlocals": null, "reprfileloc": {"path": "Q40/command_results_2/Folder_21/tests40_21_2.py", "lineno": 12, "message": "AssertionError"}, "style": "long"}}], "extraline": null, "style": "long"}, "sections": [], "chain": [[{"reprentries": [{"type": "ReprEntry", "data": {"lines": ["    def test_strings_of_size_equal_to_44():", "        selection_range = string.ascii_letters + string.digits + ' ' + \"!#$%&()*+,-./:;<=>?@[]^_{|}~\"", "        s = ''.join(random.sample(selection_range, k=44))", "        if 'descending' == 'ascending':", "            assert return_n_smallest_chars(s) == sorted(s)", "        else:", ">           assert return_n_smallest_chars(s) == sorted(s, reverse=True)", "E           AssertionError: assert [']', 'x', 'n...'U', '9', ...] == ['~', '{', 'y...'w', 'u', ...]", "E             At index 0 diff: ']' != '~'", "E             Right contains 2 more items, first extra item: ')'", "E             Full diff:", "E               [", "E             -  '~',", "E             ?   ^", "E             +  ']',...", "E             ", "E             ...Full output truncated (85 lines hidden), use '-vv' to show"], "reprfuncargs": {"args": []}, "reprlocals": null, "reprfileloc": {"path": "Q40/command_results_2/Folder_21/tests40_21_2.py", "lineno": 12, "message": "AssertionError"}, "style": "long"}}], "extraline": null, "style": "long"}, {"path": "/home/shahin/Benchmark_Command/Q40/command_results_2/Folder_21/tests40_21_2.py", "lineno": 12, "message": "AssertionError: assert [']', 'x', 'n...'U', '9', ...] == ['~', '{', 'y...'w', 'u', ...]\n  At index 0 diff: ']' != '~'\n  Right contains 2 more items, first extra item: ')'\n  Full diff:\n    [\n  -  '~',\n  ?   ^\n  +  ']',...\n  \n  ...Full output truncated (85 lines hidden), use '-vv' to show"}, null]]}, "when": "call", "user_properties": [], "sections": [], "duration": 0.0009802890017454047, "extra": [], "$report_type": "TestReport", "item_index": 0, "worker_id": "gw0", "testrun_uid": "1bbf4761ade24f7393ed7f682702a296", "node": "<WorkerController gw0>"}
{"exitstatus": 2, "$report_type": "SessionFinish"}
