{"pytest_version": "7.2.2", "$report_type": "SessionStart"}
{"nodeid": "tests40_65_1.py::test_strings_of_size_equal_to_27", "location": ["tests40_65_1.py", 5, "test_strings_of_size_equal_to_27"], "keywords": {"test_strings_of_size_equal_to_27": 1, "tests40_65_1.py": 1, "Folder_65": 1}, "outcome": "passed", "longrepr": null, "when": "setup", "user_properties": [], "sections": [], "duration": 0.00013519300046027638, "$report_type": "TestReport", "item_index": 0, "worker_id": "gw0", "testrun_uid": "3555629b13ab437d973e7d70cb927f1c", "node": "<WorkerController gw0>"}
{"nodeid": "tests40_65_1.py::test_if_result_is_sorted", "location": ["tests40_65_1.py", 20, "test_if_result_is_sorted"], "keywords": {"test_if_result_is_sorted": 1, "tests40_65_1.py": 1, "Folder_65": 1}, "outcome": "passed", "longrepr": null, "when": "setup", "user_properties": [], "sections": [], "duration": 0.00027307200070936233, "$report_type": "TestReport", "item_index": 2, "worker_id": "gw1", "testrun_uid": "3555629b13ab437d973e7d70cb927f1c", "node": "<WorkerController gw1>"}
{"nodeid": "tests40_65_1.py::test_strings_of_size_equal_to_27", "location": ["tests40_65_1.py", 5, "test_strings_of_size_equal_to_27"], "keywords": {"test_strings_of_size_equal_to_27": 1, "tests40_65_1.py": 1, "Folder_65": 1}, "outcome": "failed", "longrepr": {"reprcrash": {"path": "/home/shahin/Benchmark_Command/Q40/command_results_1/Folder_65/tests40_65_1.py", "lineno": 12, "message": "AssertionError: assert ['q', 't', 'u', 'x'] == ['x', 'u', 't...'^', '[', ...]\n  At index 0 diff: 'q' != 'x'\n  Right contains 23 more items, first extra item: '^'\n  Full diff:\n    [\n  +  'q',\n  +  't',\n  +  'u',...\n  \n  ...Full output truncated (29 lines hidden), use '-vv' to show"}, "reprtraceback": {"reprentries": [{"type": "ReprEntry", "data": {"lines": ["    def test_strings_of_size_equal_to_27():", "        selection_range = string.ascii_letters + string.digits + ' ' + \"!#$%&()*+,-./:;<=>?@[]^_{|}~\"", "        s = ''.join(random.sample(selection_range, k=27))", "        if 'descending' == 'ascending':", "            assert return_n_smallest_chars(s) == sorted(s)", "        else:", ">           assert return_n_smallest_chars(s) == sorted(s, reverse=True)", "E           AssertionError: assert ['q', 't', 'u', 'x'] == ['x', 'u', 't...'^', '[', ...]", "E             At index 0 diff: 'q' != 'x'", "E             Right contains 23 more items, first extra item: '^'", "E             Full diff:", "E               [", "E             +  'q',", "E             +  't',", "E             +  'u',...", "E             ", "E             ...Full output truncated (29 lines hidden), use '-vv' to show"], "reprfuncargs": {"args": []}, "reprlocals": null, "reprfileloc": {"path": "Q40/command_results_1/Folder_65/tests40_65_1.py", "lineno": 12, "message": "AssertionError"}, "style": "long"}}], "extraline": null, "style": "long"}, "sections": [], "chain": [[{"reprentries": [{"type": "ReprEntry", "data": {"lines": ["    def test_strings_of_size_equal_to_27():", "        selection_range = string.ascii_letters + string.digits + ' ' + \"!#$%&()*+,-./:;<=>?@[]^_{|}~\"", "        s = ''.join(random.sample(selection_range, k=27))", "        if 'descending' == 'ascending':", "            assert return_n_smallest_chars(s) == sorted(s)", "        else:", ">           assert return_n_smallest_chars(s) == sorted(s, reverse=True)", "E           AssertionError: assert ['q', 't', 'u', 'x'] == ['x', 'u', 't...'^', '[', ...]", "E             At index 0 diff: 'q' != 'x'", "E             Right contains 23 more items, first extra item: '^'", "E             Full diff:", "E               [", "E             +  'q',", "E             +  't',", "E             +  'u',...", "E             ", "E             ...Full output truncated (29 lines hidden), use '-vv' to show"], "reprfuncargs": {"args": []}, "reprlocals": null, "reprfileloc": {"path": "Q40/command_results_1/Folder_65/tests40_65_1.py", "lineno": 12, "message": "AssertionError"}, "style": "long"}}], "extraline": null, "style": "long"}, {"path": "/home/shahin/Benchmark_Command/Q40/command_results_1/Folder_65/tests40_65_1.py", "lineno": 12, "message": "AssertionError: assert ['q', 't', 'u', 'x'] == ['x', 'u', 't...'^', '[', ...]\n  At index 0 diff: 'q' != 'x'\n  Right contains 23 more items, first extra item: '^'\n  Full diff:\n    [\n  +  'q',\n  +  't',\n  +  'u',...\n  \n  ...Full output truncated (29 lines hidden), use '-vv' to show"}, null]]}, "when": "call", "user_properties": [], "sections": [], "duration": 0.0005242229999566916, "extra": [], "$report_type": "TestReport", "item_index": 0, "worker_id": "gw0", "testrun_uid": "3555629b13ab437d973e7d70cb927f1c", "node": "<WorkerController gw0>"}
{"exitstatus": 2, "$report_type": "SessionFinish"}
