{"pytest_version": "7.4.3", "$report_type": "SessionStart"}
{"nodeid": "tests39_3_3.py::test_if_result_is_sorted", "location": ["tests39_3_3.py", 20, "test_if_result_is_sorted"], "keywords": {"test_if_result_is_sorted": 1, "tests39_3_3.py": 1, "Folder_3": 1}, "outcome": "passed", "longrepr": null, "when": "setup", "user_properties": [], "sections": [], "duration": 0.00011452700709924102, "start": 1700341709.398956, "stop": 1700341709.399071, "$report_type": "TestReport", "item_index": 2, "worker_id": "gw1", "testrun_uid": "a72e10d6e83c43a88e2ff460fc4bec53", "node": "<WorkerController gw1>"}
{"nodeid": "tests39_3_3.py::test_strings_of_size_equal_to_28", "location": ["tests39_3_3.py", 5, "test_strings_of_size_equal_to_28"], "keywords": {"test_strings_of_size_equal_to_28": 1, "tests39_3_3.py": 1, "Folder_3": 1}, "outcome": "passed", "longrepr": null, "when": "setup", "user_properties": [], "sections": [], "duration": 0.00012911699013784528, "start": 1700341709.3989983, "stop": 1700341709.399128, "$report_type": "TestReport", "item_index": 0, "worker_id": "gw0", "testrun_uid": "a72e10d6e83c43a88e2ff460fc4bec53", "node": "<WorkerController gw0>"}
{"nodeid": "tests39_3_3.py::test_if_result_is_sorted", "location": ["tests39_3_3.py", 20, "test_if_result_is_sorted"], "keywords": {"test_if_result_is_sorted": 1, "tests39_3_3.py": 1, "Folder_3": 1}, "outcome": "failed", "longrepr": {"reprcrash": {"path": "/data/Benchmark_Command/Q39/command_results_3/Folder_3/tests39_3_3.py", "lineno": 28, "message": "AssertionError: assert ['.', '/', 'G...'Y', '?', ...] == ['{', 'x', 'v...'q', 'o', ...]\n  At index 0 diff: '.' != '{'\n  Full diff:\n    [\n  +  '.',\n  +  '/',\n  +  'G',\n  +  '7',...\n  \n  ...Full output truncated (51 lines hidden), use '-vv' to show"}, "reprtraceback": {"reprentries": [{"type": "ReprEntry", "data": {"lines": ["    def test_if_result_is_sorted():", "        selection_range = string.ascii_letters + string.digits + ' ' + \"!#$%&()*+,-./:;<=>?@[]^_{|}~\"", "        s = ''.join(random.sample(selection_range, k=28 + 1))", "        result = return_n_greatest_chars(s)", "        if 'descending' == 'ascending':", "            assert result == sorted(result)", "        else:", ">           assert result == sorted(result, reverse=True)", "E           AssertionError: assert ['.', '/', 'G...'Y', '?', ...] == ['{', 'x', 'v...'q', 'o', ...]", "E             At index 0 diff: '.' != '{'", "E             Full diff:", "E               [", "E             +  '.',", "E             +  '/',", "E             +  'G',", "E             +  '7',...", "E             ", "E             ...Full output truncated (51 lines hidden), use '-vv' to show"], "reprfuncargs": {"args": []}, "reprlocals": null, "reprfileloc": {"path": "Q39/command_results_3/Folder_3/tests39_3_3.py", "lineno": 28, "message": "AssertionError"}, "style": "long"}}], "extraline": null, "style": "long"}, "sections": [], "chain": [[{"reprentries": [{"type": "ReprEntry", "data": {"lines": ["    def test_if_result_is_sorted():", "        selection_range = string.ascii_letters + string.digits + ' ' + \"!#$%&()*+,-./:;<=>?@[]^_{|}~\"", "        s = ''.join(random.sample(selection_range, k=28 + 1))", "        result = return_n_greatest_chars(s)", "        if 'descending' == 'ascending':", "            assert result == sorted(result)", "        else:", ">           assert result == sorted(result, reverse=True)", "E           AssertionError: assert ['.', '/', 'G...'Y', '?', ...] == ['{', 'x', 'v...'q', 'o', ...]", "E             At index 0 diff: '.' != '{'", "E             Full diff:", "E               [", "E             +  '.',", "E             +  '/',", "E             +  'G',", "E             +  '7',...", "E             ", "E             ...Full output truncated (51 lines hidden), use '-vv' to show"], "reprfuncargs": {"args": []}, "reprlocals": null, "reprfileloc": {"path": "Q39/command_results_3/Folder_3/tests39_3_3.py", "lineno": 28, "message": "AssertionError"}, "style": "long"}}], "extraline": null, "style": "long"}, {"path": "/data/Benchmark_Command/Q39/command_results_3/Folder_3/tests39_3_3.py", "lineno": 28, "message": "AssertionError: assert ['.', '/', 'G...'Y', '?', ...] == ['{', 'x', 'v...'q', 'o', ...]\n  At index 0 diff: '.' != '{'\n  Full diff:\n    [\n  +  '.',\n  +  '/',\n  +  'G',\n  +  '7',...\n  \n  ...Full output truncated (51 lines hidden), use '-vv' to show"}, null]]}, "when": "call", "user_properties": [], "sections": [], "duration": 0.0005859840021003038, "start": 1700341709.3993263, "stop": 1700341709.3999126, "extras": [], "$report_type": "TestReport", "item_index": 2, "worker_id": "gw1", "testrun_uid": "a72e10d6e83c43a88e2ff460fc4bec53", "node": "<WorkerController gw1>"}
{"exitstatus": 2, "$report_type": "SessionFinish"}
