{"pytest_version": "7.2.2", "$report_type": "SessionStart"}
{"nodeid": "tests26_76_4.py::test_nums", "location": ["tests26_76_4.py", 14, "test_nums"], "keywords": {"test_nums": 1, "tests26_76_4.py": 1, "Folder_76": 1}, "outcome": "passed", "longrepr": null, "when": "setup", "user_properties": [], "sections": [], "duration": 0.0001160870015155524, "$report_type": "TestReport", "item_index": 2, "worker_id": "gw1", "testrun_uid": "7492c5cafad2460e96348eb2de7e597b", "node": "<WorkerController gw1>"}
{"nodeid": "tests26_76_4.py::test_range_of_given_arguments", "location": ["tests26_76_4.py", 4, "test_range_of_given_arguments"], "keywords": {"test_range_of_given_arguments": 1, "tests26_76_4.py": 1, "Folder_76": 1}, "outcome": "passed", "longrepr": null, "when": "setup", "user_properties": [], "sections": [], "duration": 0.00016391800090787, "$report_type": "TestReport", "item_index": 0, "worker_id": "gw0", "testrun_uid": "7492c5cafad2460e96348eb2de7e597b", "node": "<WorkerController gw0>"}
{"nodeid": "tests26_76_4.py::test_range_of_given_arguments", "location": ["tests26_76_4.py", 4, "test_range_of_given_arguments"], "keywords": {"test_range_of_given_arguments": 1, "tests26_76_4.py": 1, "Folder_76": 1}, "outcome": "failed", "longrepr": {"reprcrash": {"path": "/home/shahin/Benchmark_Command/Q26/command_results_4/Folder_76/tests26_76_4.py", "lineno": 7, "message": "assert 0 == 44919\n +  where 0 = sum_in_range([682, 683, 684, 685, 686, 687, ...])\n +  and   44919 = sum([682, 683, 684, 685, 686, 687, ...])"}, "reprtraceback": {"reprentries": [{"type": "ReprEntry", "data": {"lines": ["    def test_range_of_given_arguments():", "        initial_list = list(range(682, 744 + 1))", ">       assert sum_in_range(initial_list) == sum(initial_list)", "E       assert 0 == 44919", "E        +  where 0 = sum_in_range([682, 683, 684, 685, 686, 687, ...])", "E        +  and   44919 = sum([682, 683, 684, 685, 686, 687, ...])"], "reprfuncargs": {"args": []}, "reprlocals": null, "reprfileloc": {"path": "Q26/command_results_4/Folder_76/tests26_76_4.py", "lineno": 7, "message": "AssertionError"}, "style": "long"}}], "extraline": null, "style": "long"}, "sections": [], "chain": [[{"reprentries": [{"type": "ReprEntry", "data": {"lines": ["    def test_range_of_given_arguments():", "        initial_list = list(range(682, 744 + 1))", ">       assert sum_in_range(initial_list) == sum(initial_list)", "E       assert 0 == 44919", "E        +  where 0 = sum_in_range([682, 683, 684, 685, 686, 687, ...])", "E        +  and   44919 = sum([682, 683, 684, 685, 686, 687, ...])"], "reprfuncargs": {"args": []}, "reprlocals": null, "reprfileloc": {"path": "Q26/command_results_4/Folder_76/tests26_76_4.py", "lineno": 7, "message": "AssertionError"}, "style": "long"}}], "extraline": null, "style": "long"}, {"path": "/home/shahin/Benchmark_Command/Q26/command_results_4/Folder_76/tests26_76_4.py", "lineno": 7, "message": "assert 0 == 44919\n +  where 0 = sum_in_range([682, 683, 684, 685, 686, 687, ...])\n +  and   44919 = sum([682, 683, 684, 685, 686, 687, ...])"}, null]]}, "when": "call", "user_properties": [], "sections": [], "duration": 0.00024413800019829068, "extra": [], "$report_type": "TestReport", "item_index": 0, "worker_id": "gw0", "testrun_uid": "7492c5cafad2460e96348eb2de7e597b", "node": "<WorkerController gw0>"}
{"exitstatus": 2, "$report_type": "SessionFinish"}
