{"pytest_version": "7.4.3", "$report_type": "SessionStart"}
{"nodeid": "tests39_83_3.py::test_strings_of_size_equal_to_38", "location": ["tests39_83_3.py", 5, "test_strings_of_size_equal_to_38"], "keywords": {"test_strings_of_size_equal_to_38": 1, "tests39_83_3.py": 1, "Folder_83": 1}, "outcome": "passed", "longrepr": null, "when": "setup", "user_properties": [], "sections": [], "duration": 0.00018369799363426864, "start": 1700341779.4097242, "stop": 1700341779.4099088, "$report_type": "TestReport", "item_index": 0, "worker_id": "gw0", "testrun_uid": "d3a7379618454d19a1d4d50f008e9a9d", "node": "<WorkerController gw0>"}
{"nodeid": "tests39_83_3.py::test_if_result_is_sorted", "location": ["tests39_83_3.py", 20, "test_if_result_is_sorted"], "keywords": {"test_if_result_is_sorted": 1, "tests39_83_3.py": 1, "Folder_83": 1}, "outcome": "passed", "longrepr": null, "when": "setup", "user_properties": [], "sections": [], "duration": 0.0001681669964455068, "start": 1700341779.4097257, "stop": 1700341779.409895, "$report_type": "TestReport", "item_index": 2, "worker_id": "gw1", "testrun_uid": "d3a7379618454d19a1d4d50f008e9a9d", "node": "<WorkerController gw1>"}
{"nodeid": "tests39_83_3.py::test_if_result_is_sorted", "location": ["tests39_83_3.py", 20, "test_if_result_is_sorted"], "keywords": {"test_if_result_is_sorted": 1, "tests39_83_3.py": 1, "Folder_83": 1}, "outcome": "failed", "longrepr": {"reprcrash": {"path": "/data/Benchmark_Command/Q39/command_results_3/Folder_83/tests39_83_3.py", "lineno": 28, "message": "AssertionError: assert ['}', 'z', 'Y...'x', 'W', ...] == ['}', 'z', 'y...'v', 'u', ...]\n  At index 2 diff: 'Y' != 'y'\n  Full diff:\n    [\n     '}',\n     'z',\n  +  'Y',\n     'y',...\n  \n  ...Full output truncated (44 lines hidden), use '-vv' to show"}, "reprtraceback": {"reprentries": [{"type": "ReprEntry", "data": {"lines": ["    def test_if_result_is_sorted():", "        selection_range = string.ascii_letters + string.digits + ' ' + \"!#$%&()*+,-./:;<=>?@[]^_{|}~\"", "        s = ''.join(random.sample(selection_range, k=38 + 1))", "        result = return_n_greatest_chars(s)", "        if 'descending' == 'ascending':", "            assert result == sorted(result)", "        else:", ">           assert result == sorted(result, reverse=True)", "E           AssertionError: assert ['}', 'z', 'Y...'x', 'W', ...] == ['}', 'z', 'y...'v', 'u', ...]", "E             At index 2 diff: 'Y' != 'y'", "E             Full diff:", "E               [", "E                '}',", "E                'z',", "E             +  'Y',", "E                'y',...", "E             ", "E             ...Full output truncated (44 lines hidden), use '-vv' to show"], "reprfuncargs": {"args": []}, "reprlocals": null, "reprfileloc": {"path": "Q39/command_results_3/Folder_83/tests39_83_3.py", "lineno": 28, "message": "AssertionError"}, "style": "long"}}], "extraline": null, "style": "long"}, "sections": [], "chain": [[{"reprentries": [{"type": "ReprEntry", "data": {"lines": ["    def test_if_result_is_sorted():", "        selection_range = string.ascii_letters + string.digits + ' ' + \"!#$%&()*+,-./:;<=>?@[]^_{|}~\"", "        s = ''.join(random.sample(selection_range, k=38 + 1))", "        result = return_n_greatest_chars(s)", "        if 'descending' == 'ascending':", "            assert result == sorted(result)", "        else:", ">           assert result == sorted(result, reverse=True)", "E           AssertionError: assert ['}', 'z', 'Y...'x', 'W', ...] == ['}', 'z', 'y...'v', 'u', ...]", "E             At index 2 diff: 'Y' != 'y'", "E             Full diff:", "E               [", "E                '}',", "E                'z',", "E             +  'Y',", "E                'y',...", "E             ", "E             ...Full output truncated (44 lines hidden), use '-vv' to show"], "reprfuncargs": {"args": []}, "reprlocals": null, "reprfileloc": {"path": "Q39/command_results_3/Folder_83/tests39_83_3.py", "lineno": 28, "message": "AssertionError"}, "style": "long"}}], "extraline": null, "style": "long"}, {"path": "/data/Benchmark_Command/Q39/command_results_3/Folder_83/tests39_83_3.py", "lineno": 28, "message": "AssertionError: assert ['}', 'z', 'Y...'x', 'W', ...] == ['}', 'z', 'y...'v', 'u', ...]\n  At index 2 diff: 'Y' != 'y'\n  Full diff:\n    [\n     '}',\n     'z',\n  +  'Y',\n     'y',...\n  \n  ...Full output truncated (44 lines hidden), use '-vv' to show"}, null]]}, "when": "call", "user_properties": [], "sections": [], "duration": 0.0006924140034243464, "start": 1700341779.4101667, "stop": 1700341779.4108598, "extras": [], "$report_type": "TestReport", "item_index": 2, "worker_id": "gw1", "testrun_uid": "d3a7379618454d19a1d4d50f008e9a9d", "node": "<WorkerController gw1>"}
{"exitstatus": 2, "$report_type": "SessionFinish"}
