{"pytest_version": "7.4.3", "$report_type": "SessionStart"}
{"nodeid": "tests39_3_4.py::test_strings_of_size_equal_to_28", "location": ["tests39_3_4.py", 5, "test_strings_of_size_equal_to_28"], "keywords": {"test_strings_of_size_equal_to_28": 1, "tests39_3_4.py": 1, "Folder_3": 1}, "outcome": "passed", "longrepr": null, "when": "setup", "user_properties": [], "sections": [], "duration": 0.00014102700515650213, "start": 1700341796.2620175, "stop": 1700341796.262159, "$report_type": "TestReport", "item_index": 0, "worker_id": "gw0", "testrun_uid": "2fccdd0066cf49f4ac3f4a9e42a09339", "node": "<WorkerController gw0>"}
{"nodeid": "tests39_3_4.py::test_if_result_is_sorted", "location": ["tests39_3_4.py", 20, "test_if_result_is_sorted"], "keywords": {"test_if_result_is_sorted": 1, "tests39_3_4.py": 1, "Folder_3": 1}, "outcome": "passed", "longrepr": null, "when": "setup", "user_properties": [], "sections": [], "duration": 0.00014349300181493163, "start": 1700341796.262056, "stop": 1700341796.2622004, "$report_type": "TestReport", "item_index": 2, "worker_id": "gw1", "testrun_uid": "2fccdd0066cf49f4ac3f4a9e42a09339", "node": "<WorkerController gw1>"}
{"nodeid": "tests39_3_4.py::test_strings_of_size_equal_to_28", "location": ["tests39_3_4.py", 5, "test_strings_of_size_equal_to_28"], "keywords": {"test_strings_of_size_equal_to_28": 1, "tests39_3_4.py": 1, "Folder_3": 1}, "outcome": "failed", "longrepr": {"reprcrash": {"path": "/data/Benchmark_Command/Q39/command_results_4/Folder_3/tests39_3_4.py", "lineno": 12, "message": "AssertionError: assert ['|', 'y', 'V...'U', 's', ...] == ['|', 'y', 'u...'q', 'm', ...]\n  At index 2 diff: 'V' != 'u'\n  Full diff:\n    [\n     '|',\n     'y',\n  +  'V',\n     'u',...\n  \n  ...Full output truncated (31 lines hidden), use '-vv' to show"}, "reprtraceback": {"reprentries": [{"type": "ReprEntry", "data": {"lines": ["    def test_strings_of_size_equal_to_28():", "        selection_range = string.ascii_letters + string.digits + ' ' + \"!#$%&()*+,-./:;<=>?@[]^_{|}~\"", "        s = ''.join(random.sample(selection_range, k=28))", "        if 'descending' == 'ascending':", "            assert return_n_greatest_chars(s) == sorted(s)", "        else:", ">           assert return_n_greatest_chars(s) == sorted(s, reverse=True)", "E           AssertionError: assert ['|', 'y', 'V...'U', 's', ...] == ['|', 'y', 'u...'q', 'm', ...]", "E             At index 2 diff: 'V' != 'u'", "E             Full diff:", "E               [", "E                '|',", "E                'y',", "E             +  'V',", "E                'u',...", "E             ", "E             ...Full output truncated (31 lines hidden), use '-vv' to show"], "reprfuncargs": {"args": []}, "reprlocals": null, "reprfileloc": {"path": "Q39/command_results_4/Folder_3/tests39_3_4.py", "lineno": 12, "message": "AssertionError"}, "style": "long"}}], "extraline": null, "style": "long"}, "sections": [], "chain": [[{"reprentries": [{"type": "ReprEntry", "data": {"lines": ["    def test_strings_of_size_equal_to_28():", "        selection_range = string.ascii_letters + string.digits + ' ' + \"!#$%&()*+,-./:;<=>?@[]^_{|}~\"", "        s = ''.join(random.sample(selection_range, k=28))", "        if 'descending' == 'ascending':", "            assert return_n_greatest_chars(s) == sorted(s)", "        else:", ">           assert return_n_greatest_chars(s) == sorted(s, reverse=True)", "E           AssertionError: assert ['|', 'y', 'V...'U', 's', ...] == ['|', 'y', 'u...'q', 'm', ...]", "E             At index 2 diff: 'V' != 'u'", "E             Full diff:", "E               [", "E                '|',", "E                'y',", "E             +  'V',", "E                'u',...", "E             ", "E             ...Full output truncated (31 lines hidden), use '-vv' to show"], "reprfuncargs": {"args": []}, "reprlocals": null, "reprfileloc": {"path": "Q39/command_results_4/Folder_3/tests39_3_4.py", "lineno": 12, "message": "AssertionError"}, "style": "long"}}], "extraline": null, "style": "long"}, {"path": "/data/Benchmark_Command/Q39/command_results_4/Folder_3/tests39_3_4.py", "lineno": 12, "message": "AssertionError: assert ['|', 'y', 'V...'U', 's', ...] == ['|', 'y', 'u...'q', 'm', ...]\n  At index 2 diff: 'V' != 'u'\n  Full diff:\n    [\n     '|',\n     'y',\n  +  'V',\n     'u',...\n  \n  ...Full output truncated (31 lines hidden), use '-vv' to show"}, null]]}, "when": "call", "user_properties": [], "sections": [], "duration": 0.0005504119908437133, "start": 1700341796.2623937, "stop": 1700341796.2629445, "extras": [], "$report_type": "TestReport", "item_index": 0, "worker_id": "gw0", "testrun_uid": "2fccdd0066cf49f4ac3f4a9e42a09339", "node": "<WorkerController gw0>"}
{"exitstatus": 2, "$report_type": "SessionFinish"}
