{"pytest_version": "7.2.2", "$report_type": "SessionStart"}
{"nodeid": "tests3_27_3.py::test_large_range", "location": ["tests3_27_3.py", 3, "test_large_range"], "keywords": {"test_large_range": 1, "tests3_27_3.py": 1, "Folder_27": 1}, "outcome": "passed", "longrepr": null, "when": "setup", "user_properties": [], "sections": [], "duration": 0.00013705699984711828, "$report_type": "TestReport", "item_index": 0, "worker_id": "gw0", "testrun_uid": "76d0f862eb354158af6c038fe1914c7b", "node": "<WorkerController gw0>"}
{"nodeid": "tests3_27_3.py::test_even_range", "location": ["tests3_27_3.py", 15, "test_even_range"], "keywords": {"test_even_range": 1, "tests3_27_3.py": 1, "Folder_27": 1}, "outcome": "passed", "longrepr": null, "when": "setup", "user_properties": [], "sections": [], "duration": 0.00013551400024880422, "$report_type": "TestReport", "item_index": 2, "worker_id": "gw1", "testrun_uid": "76d0f862eb354158af6c038fe1914c7b", "node": "<WorkerController gw1>"}
{"nodeid": "tests3_27_3.py::test_even_range", "location": ["tests3_27_3.py", 15, "test_even_range"], "keywords": {"test_even_range": 1, "tests3_27_3.py": 1, "Folder_27": 1}, "outcome": "failed", "longrepr": {"reprcrash": {"path": "/home/shahin/Benchmark_Command/Q3/command_results_3/Folder_27/tests3_27_3.py", "lineno": 19, "message": "AssertionError: assert [134, 136, 13...142, 144, ...] == [134, 136, 13...142, 144, ...]\n  Right contains one more item: 188\n  Full diff:\n    [\n     134,\n     136,\n     138,\n     140,...\n  \n  ...Full output truncated (26 lines hidden), use '-vv' to show"}, "reprtraceback": {"reprentries": [{"type": "ReprEntry", "data": {"lines": ["    def test_even_range():", "        even_list = [2 * i for i in range(1, 93 + 2)]", "        expected_list = even_list[66:93 + 1]", ">       assert all_pos_ints_inclusive(even_list) == expected_list", "E       AssertionError: assert [134, 136, 13...142, 144, ...] == [134, 136, 13...142, 144, ...]", "E         Right contains one more item: 188", "E         Full diff:", "E           [", "E            134,", "E            136,", "E            138,", "E            140,...", "E         ", "E         ...Full output truncated (26 lines hidden), use '-vv' to show"], "reprfuncargs": {"args": []}, "reprlocals": null, "reprfileloc": {"path": "Q3/command_results_3/Folder_27/tests3_27_3.py", "lineno": 19, "message": "AssertionError"}, "style": "long"}}], "extraline": null, "style": "long"}, "sections": [], "chain": [[{"reprentries": [{"type": "ReprEntry", "data": {"lines": ["    def test_even_range():", "        even_list = [2 * i for i in range(1, 93 + 2)]", "        expected_list = even_list[66:93 + 1]", ">       assert all_pos_ints_inclusive(even_list) == expected_list", "E       AssertionError: assert [134, 136, 13...142, 144, ...] == [134, 136, 13...142, 144, ...]", "E         Right contains one more item: 188", "E         Full diff:", "E           [", "E            134,", "E            136,", "E            138,", "E            140,...", "E         ", "E         ...Full output truncated (26 lines hidden), use '-vv' to show"], "reprfuncargs": {"args": []}, "reprlocals": null, "reprfileloc": {"path": "Q3/command_results_3/Folder_27/tests3_27_3.py", "lineno": 19, "message": "AssertionError"}, "style": "long"}}], "extraline": null, "style": "long"}, {"path": "/home/shahin/Benchmark_Command/Q3/command_results_3/Folder_27/tests3_27_3.py", "lineno": 19, "message": "AssertionError: assert [134, 136, 13...142, 144, ...] == [134, 136, 13...142, 144, ...]\n  Right contains one more item: 188\n  Full diff:\n    [\n     134,\n     136,\n     138,\n     140,...\n  \n  ...Full output truncated (26 lines hidden), use '-vv' to show"}, null]]}, "when": "call", "user_properties": [], "sections": [], "duration": 0.0005888939999749709, "extra": [], "$report_type": "TestReport", "item_index": 2, "worker_id": "gw1", "testrun_uid": "76d0f862eb354158af6c038fe1914c7b", "node": "<WorkerController gw1>"}
{"exitstatus": 2, "$report_type": "SessionFinish"}
