{"pytest_version": "7.2.2", "$report_type": "SessionStart"}
{"nodeid": "tests40_66_4.py::test_if_result_is_sorted", "location": ["tests40_66_4.py", 20, "test_if_result_is_sorted"], "keywords": {"test_if_result_is_sorted": 1, "tests40_66_4.py": 1, "Folder_66": 1}, "outcome": "passed", "longrepr": null, "when": "setup", "user_properties": [], "sections": [], "duration": 0.00016126799891935661, "$report_type": "TestReport", "item_index": 2, "worker_id": "gw1", "testrun_uid": "648d384707b04ccab8dffacad4fc59e3", "node": "<WorkerController gw1>"}
{"nodeid": "tests40_66_4.py::test_strings_of_size_equal_to_33", "location": ["tests40_66_4.py", 5, "test_strings_of_size_equal_to_33"], "keywords": {"test_strings_of_size_equal_to_33": 1, "tests40_66_4.py": 1, "Folder_66": 1}, "outcome": "passed", "longrepr": null, "when": "setup", "user_properties": [], "sections": [], "duration": 0.00020639399735955521, "$report_type": "TestReport", "item_index": 0, "worker_id": "gw0", "testrun_uid": "648d384707b04ccab8dffacad4fc59e3", "node": "<WorkerController gw0>"}
{"nodeid": "tests40_66_4.py::test_strings_of_size_equal_to_33", "location": ["tests40_66_4.py", 5, "test_strings_of_size_equal_to_33"], "keywords": {"test_strings_of_size_equal_to_33": 1, "tests40_66_4.py": 1, "Folder_66": 1}, "outcome": "failed", "longrepr": {"reprcrash": {"path": "/home/shahin/Benchmark_Command_T0/Q40/command_results_4/Folder_66/tests40_66_4.py", "lineno": 12, "message": "AssertionError: assert ['s', 'c', 'v...'d', 'q', ...] == ['{', 'v', 's...'p', 'o', ...]\n  At index 0 diff: 's' != '{'\n  Right contains 24 more items, first extra item: 'c'\n  Full diff:\n    [\n  -  '{',\n  ?   ^\n  +  's',...\n  \n  ...Full output truncated (41 lines hidden), use '-vv' to show"}, "reprtraceback": {"reprentries": [{"type": "ReprEntry", "data": {"lines": ["    def test_strings_of_size_equal_to_33():", "        selection_range = string.ascii_letters + string.digits + ' ' + \"!#$%&()*+,-./:;<=>?@[]^_{|}~\"", "        s = ''.join(random.sample(selection_range, k=33))", "        if 'descending' == 'ascending':", "            assert return_n_smallest_chars(s) == sorted(s)", "        else:", ">           assert return_n_smallest_chars(s) == sorted(s, reverse=True)", "E           AssertionError: assert ['s', 'c', 'v...'d', 'q', ...] == ['{', 'v', 's...'p', 'o', ...]", "E             At index 0 diff: 's' != '{'", "E             Right contains 24 more items, first extra item: 'c'", "E             Full diff:", "E               [", "E             -  '{',", "E             ?   ^", "E             +  's',...", "E             ", "E             ...Full output truncated (41 lines hidden), use '-vv' to show"], "reprfuncargs": {"args": []}, "reprlocals": null, "reprfileloc": {"path": "Q40/command_results_4/Folder_66/tests40_66_4.py", "lineno": 12, "message": "AssertionError"}, "style": "long"}}], "extraline": null, "style": "long"}, "sections": [], "chain": [[{"reprentries": [{"type": "ReprEntry", "data": {"lines": ["    def test_strings_of_size_equal_to_33():", "        selection_range = string.ascii_letters + string.digits + ' ' + \"!#$%&()*+,-./:;<=>?@[]^_{|}~\"", "        s = ''.join(random.sample(selection_range, k=33))", "        if 'descending' == 'ascending':", "            assert return_n_smallest_chars(s) == sorted(s)", "        else:", ">           assert return_n_smallest_chars(s) == sorted(s, reverse=True)", "E           AssertionError: assert ['s', 'c', 'v...'d', 'q', ...] == ['{', 'v', 's...'p', 'o', ...]", "E             At index 0 diff: 's' != '{'", "E             Right contains 24 more items, first extra item: 'c'", "E             Full diff:", "E               [", "E             -  '{',", "E             ?   ^", "E             +  's',...", "E             ", "E             ...Full output truncated (41 lines hidden), use '-vv' to show"], "reprfuncargs": {"args": []}, "reprlocals": null, "reprfileloc": {"path": "Q40/command_results_4/Folder_66/tests40_66_4.py", "lineno": 12, "message": "AssertionError"}, "style": "long"}}], "extraline": null, "style": "long"}, {"path": "/home/shahin/Benchmark_Command_T0/Q40/command_results_4/Folder_66/tests40_66_4.py", "lineno": 12, "message": "AssertionError: assert ['s', 'c', 'v...'d', 'q', ...] == ['{', 'v', 's...'p', 'o', ...]\n  At index 0 diff: 's' != '{'\n  Right contains 24 more items, first extra item: 'c'\n  Full diff:\n    [\n  -  '{',\n  ?   ^\n  +  's',...\n  \n  ...Full output truncated (41 lines hidden), use '-vv' to show"}, null]]}, "when": "call", "user_properties": [], "sections": [], "duration": 0.0010033680009655654, "extra": [], "$report_type": "TestReport", "item_index": 0, "worker_id": "gw0", "testrun_uid": "648d384707b04ccab8dffacad4fc59e3", "node": "<WorkerController gw0>"}
{"exitstatus": 2, "$report_type": "SessionFinish"}
