{"pytest_version": "7.2.2", "$report_type": "SessionStart"}
{"nodeid": "tests52_36_5.py::test_string_of_spaces_and_letters", "location": ["tests52_36_5.py", 16, "test_string_of_spaces_and_letters"], "keywords": {"test_string_of_spaces_and_letters": 1, "tests52_36_5.py": 1, "Folder_36": 1}, "outcome": "passed", "longrepr": null, "when": "setup", "user_properties": [], "sections": [], "duration": 0.0001126810020650737, "$report_type": "TestReport", "item_index": 2, "worker_id": "gw1", "testrun_uid": "41d3654a0f494d4ea05fb17998a9e0a4", "node": "<WorkerController gw1>"}
{"nodeid": "tests52_36_5.py::test_string_of_many_chars", "location": ["tests52_36_5.py", 6, "test_string_of_many_chars"], "keywords": {"test_string_of_many_chars": 1, "tests52_36_5.py": 1, "Folder_36": 1}, "outcome": "passed", "longrepr": null, "when": "setup", "user_properties": [], "sections": [], "duration": 0.000162203999934718, "$report_type": "TestReport", "item_index": 0, "worker_id": "gw0", "testrun_uid": "41d3654a0f494d4ea05fb17998a9e0a4", "node": "<WorkerController gw0>"}
{"nodeid": "tests52_36_5.py::test_string_of_many_chars", "location": ["tests52_36_5.py", 6, "test_string_of_many_chars"], "keywords": {"test_string_of_many_chars": 1, "tests52_36_5.py": 1, "Folder_36": 1}, "outcome": "passed", "longrepr": null, "when": "call", "user_properties": [], "sections": [], "duration": 0.00018714999896474183, "extra": [], "$report_type": "TestReport", "item_index": 0, "worker_id": "gw0", "testrun_uid": "41d3654a0f494d4ea05fb17998a9e0a4", "node": "<WorkerController gw0>"}
{"nodeid": "tests52_36_5.py::test_string_of_many_chars", "location": ["tests52_36_5.py", 6, "test_string_of_many_chars"], "keywords": {"test_string_of_many_chars": 1, "tests52_36_5.py": 1, "Folder_36": 1}, "outcome": "passed", "longrepr": null, "when": "teardown", "user_properties": [], "sections": [], "duration": 0.0001208059984492138, "$report_type": "TestReport", "item_index": 0, "worker_id": "gw0", "testrun_uid": "41d3654a0f494d4ea05fb17998a9e0a4", "node": "<WorkerController gw0>"}
{"nodeid": "tests52_36_5.py::test_string_of_spaces", "location": ["tests52_36_5.py", 11, "test_string_of_spaces"], "keywords": {"test_string_of_spaces": 1, "tests52_36_5.py": 1, "Folder_36": 1}, "outcome": "passed", "longrepr": null, "when": "setup", "user_properties": [], "sections": [], "duration": 0.00011696900037350133, "$report_type": "TestReport", "item_index": 1, "worker_id": "gw0", "testrun_uid": "41d3654a0f494d4ea05fb17998a9e0a4", "node": "<WorkerController gw0>"}
{"nodeid": "tests52_36_5.py::test_string_of_spaces", "location": ["tests52_36_5.py", 11, "test_string_of_spaces"], "keywords": {"test_string_of_spaces": 1, "tests52_36_5.py": 1, "Folder_36": 1}, "outcome": "failed", "longrepr": {"reprcrash": {"path": "/home/shahin/Benchmark_Command/Q52/command_results_5/Folder_36/tests52_36_5.py", "lineno": 14, "message": "AssertionError: assert not {' '}\n +  where {' '} = palindrome_of_length_n('                                                                                                                                                                                                                                                                                                                                                                                                                                                                                                                                                                                                                                                                                                    ')"}, "reprtraceback": {"reprentries": [{"type": "ReprEntry", "data": {"lines": ["    def test_string_of_spaces():", "        s = ' ' * (338 * 2)", ">       assert not palindrome_of_length_n(s)", "E       AssertionError: assert not {' '}", "E        +  where {' '} = palindrome_of_length_n('                                                                                                                                                                                                                                                                                                                                                                                                                                                                                                                                                                                                                                                                                                    ')"], "reprfuncargs": {"args": []}, "reprlocals": null, "reprfileloc": {"path": "Q52/command_results_5/Folder_36/tests52_36_5.py", "lineno": 14, "message": "AssertionError"}, "style": "long"}}], "extraline": null, "style": "long"}, "sections": [], "chain": [[{"reprentries": [{"type": "ReprEntry", "data": {"lines": ["    def test_string_of_spaces():", "        s = ' ' * (338 * 2)", ">       assert not palindrome_of_length_n(s)", "E       AssertionError: assert not {' '}", "E        +  where {' '} = palindrome_of_length_n('                                                                                                                                                                                                                                                                                                                                                                                                                                                                                                                                                                                                                                                                                                    ')"], "reprfuncargs": {"args": []}, "reprlocals": null, "reprfileloc": {"path": "Q52/command_results_5/Folder_36/tests52_36_5.py", "lineno": 14, "message": "AssertionError"}, "style": "long"}}], "extraline": null, "style": "long"}, {"path": "/home/shahin/Benchmark_Command/Q52/command_results_5/Folder_36/tests52_36_5.py", "lineno": 14, "message": "AssertionError: assert not {' '}\n +  where {' '} = palindrome_of_length_n('                                                                                                                                                                                                                                                                                                                                                                                                                                                                                                                                                                                                                                                                                                    ')"}, null]]}, "when": "call", "user_properties": [], "sections": [], "duration": 0.05364863000067999, "extra": [], "$report_type": "TestReport", "item_index": 1, "worker_id": "gw0", "testrun_uid": "41d3654a0f494d4ea05fb17998a9e0a4", "node": "<WorkerController gw0>"}
{"exitstatus": 2, "$report_type": "SessionFinish"}
