{"pytest_version": "7.2.2", "$report_type": "SessionStart"}
{"nodeid": "tests40_61_4.py::test_if_result_is_sorted", "location": ["tests40_61_4.py", 20, "test_if_result_is_sorted"], "keywords": {"test_if_result_is_sorted": 1, "tests40_61_4.py": 1, "Folder_61": 1}, "outcome": "passed", "longrepr": null, "when": "setup", "user_properties": [], "sections": [], "duration": 0.00011800500215031207, "$report_type": "TestReport", "item_index": 2, "worker_id": "gw1", "testrun_uid": "53c8133803f945ec99c693d2a5bb25e3", "node": "<WorkerController gw1>"}
{"nodeid": "tests40_61_4.py::test_strings_of_size_equal_to_66", "location": ["tests40_61_4.py", 5, "test_strings_of_size_equal_to_66"], "keywords": {"test_strings_of_size_equal_to_66": 1, "tests40_61_4.py": 1, "Folder_61": 1}, "outcome": "passed", "longrepr": null, "when": "setup", "user_properties": [], "sections": [], "duration": 0.0001736920021357946, "$report_type": "TestReport", "item_index": 0, "worker_id": "gw0", "testrun_uid": "53c8133803f945ec99c693d2a5bb25e3", "node": "<WorkerController gw0>"}
{"nodeid": "tests40_61_4.py::test_strings_of_size_equal_to_66", "location": ["tests40_61_4.py", 5, "test_strings_of_size_equal_to_66"], "keywords": {"test_strings_of_size_equal_to_66": 1, "tests40_61_4.py": 1, "Folder_61": 1}, "outcome": "failed", "longrepr": {"reprcrash": {"path": "/home/shahin/Benchmark_Command_T0/Q40/command_results_4/Folder_61/tests40_61_4.py", "lineno": 12, "message": "AssertionError: assert ['r', 'z', 'g...'v', 'd', ...] == ['}', '{', 'z...'v', 's', ...]\n  At index 0 diff: 'r' != '}'\n  Right contains 48 more items, first extra item: 'b'\n  Full diff:\n    [\n  -  '}',\n  ?   ^\n  +  'r',...\n  \n  ...Full output truncated (83 lines hidden), use '-vv' to show"}, "reprtraceback": {"reprentries": [{"type": "ReprEntry", "data": {"lines": ["    def test_strings_of_size_equal_to_66():", "        selection_range = string.ascii_letters + string.digits + ' ' + \"!#$%&()*+,-./:;<=>?@[]^_{|}~\"", "        s = ''.join(random.sample(selection_range, k=66))", "        if 'descending' == 'ascending':", "            assert return_n_smallest_chars(s) == sorted(s)", "        else:", ">           assert return_n_smallest_chars(s) == sorted(s, reverse=True)", "E           AssertionError: assert ['r', 'z', 'g...'v', 'd', ...] == ['}', '{', 'z...'v', 's', ...]", "E             At index 0 diff: 'r' != '}'", "E             Right contains 48 more items, first extra item: 'b'", "E             Full diff:", "E               [", "E             -  '}',", "E             ?   ^", "E             +  'r',...", "E             ", "E             ...Full output truncated (83 lines hidden), use '-vv' to show"], "reprfuncargs": {"args": []}, "reprlocals": null, "reprfileloc": {"path": "Q40/command_results_4/Folder_61/tests40_61_4.py", "lineno": 12, "message": "AssertionError"}, "style": "long"}}], "extraline": null, "style": "long"}, "sections": [], "chain": [[{"reprentries": [{"type": "ReprEntry", "data": {"lines": ["    def test_strings_of_size_equal_to_66():", "        selection_range = string.ascii_letters + string.digits + ' ' + \"!#$%&()*+,-./:;<=>?@[]^_{|}~\"", "        s = ''.join(random.sample(selection_range, k=66))", "        if 'descending' == 'ascending':", "            assert return_n_smallest_chars(s) == sorted(s)", "        else:", ">           assert return_n_smallest_chars(s) == sorted(s, reverse=True)", "E           AssertionError: assert ['r', 'z', 'g...'v', 'd', ...] == ['}', '{', 'z...'v', 's', ...]", "E             At index 0 diff: 'r' != '}'", "E             Right contains 48 more items, first extra item: 'b'", "E             Full diff:", "E               [", "E             -  '}',", "E             ?   ^", "E             +  'r',...", "E             ", "E             ...Full output truncated (83 lines hidden), use '-vv' to show"], "reprfuncargs": {"args": []}, "reprlocals": null, "reprfileloc": {"path": "Q40/command_results_4/Folder_61/tests40_61_4.py", "lineno": 12, "message": "AssertionError"}, "style": "long"}}], "extraline": null, "style": "long"}, {"path": "/home/shahin/Benchmark_Command_T0/Q40/command_results_4/Folder_61/tests40_61_4.py", "lineno": 12, "message": "AssertionError: assert ['r', 'z', 'g...'v', 'd', ...] == ['}', '{', 'z...'v', 's', ...]\n  At index 0 diff: 'r' != '}'\n  Right contains 48 more items, first extra item: 'b'\n  Full diff:\n    [\n  -  '}',\n  ?   ^\n  +  'r',...\n  \n  ...Full output truncated (83 lines hidden), use '-vv' to show"}, null]]}, "when": "call", "user_properties": [], "sections": [], "duration": 0.0010268730038660578, "extra": [], "$report_type": "TestReport", "item_index": 0, "worker_id": "gw0", "testrun_uid": "53c8133803f945ec99c693d2a5bb25e3", "node": "<WorkerController gw0>"}
{"exitstatus": 2, "$report_type": "SessionFinish"}
