{"pytest_version": "7.2.2", "$report_type": "SessionStart"}
{"nodeid": "tests39_57_1.py::test_if_result_is_sorted", "location": ["tests39_57_1.py", 20, "test_if_result_is_sorted"], "keywords": {"test_if_result_is_sorted": 1, "tests39_57_1.py": 1, "Folder_57": 1}, "outcome": "passed", "longrepr": null, "when": "setup", "user_properties": [], "sections": [], "duration": 0.00015283199900295585, "$report_type": "TestReport", "item_index": 2, "worker_id": "gw1", "testrun_uid": "1083248bbf5641739c4e911f33d6001e", "node": "<WorkerController gw1>"}
{"nodeid": "tests39_57_1.py::test_strings_of_size_equal_to_29", "location": ["tests39_57_1.py", 5, "test_strings_of_size_equal_to_29"], "keywords": {"test_strings_of_size_equal_to_29": 1, "tests39_57_1.py": 1, "Folder_57": 1}, "outcome": "passed", "longrepr": null, "when": "setup", "user_properties": [], "sections": [], "duration": 0.00017727899830788374, "$report_type": "TestReport", "item_index": 0, "worker_id": "gw0", "testrun_uid": "1083248bbf5641739c4e911f33d6001e", "node": "<WorkerController gw0>"}
{"nodeid": "tests39_57_1.py::test_strings_of_size_equal_to_29", "location": ["tests39_57_1.py", 5, "test_strings_of_size_equal_to_29"], "keywords": {"test_strings_of_size_equal_to_29": 1, "tests39_57_1.py": 1, "Folder_57": 1}, "outcome": "failed", "longrepr": {"reprcrash": {"path": "/home/shahin/Benchmark_Command_T0/Q39/command_results_1/Folder_57/tests39_57_1.py", "lineno": 12, "message": "AssertionError: assert ['Z', 'B', 'Y...'A', 'M', ...] == ['}', '{', 'u...'k', 'j', ...]\n  At index 0 diff: 'Z' != '}'\n  Right contains 21 more items, first extra item: 'd'\n  Full diff:\n    [\n  -  '}',\n  -  '{',\n  -  'u',...\n  \n  ...Full output truncated (31 lines hidden), use '-vv' to show"}, "reprtraceback": {"reprentries": [{"type": "ReprEntry", "data": {"lines": ["    def test_strings_of_size_equal_to_29():", "        selection_range = string.ascii_letters + string.digits + ' ' + \"!#$%&()*+,-./:;<=>?@[]^_{|}~\"", "        s = ''.join(random.sample(selection_range, k=29))", "        if 'descending' == 'ascending':", "            assert return_n_greatest_chars(s) == sorted(s)", "        else:", ">           assert return_n_greatest_chars(s) == sorted(s, reverse=True)", "E           AssertionError: assert ['Z', 'B', 'Y...'A', 'M', ...] == ['}', '{', 'u...'k', 'j', ...]", "E             At index 0 diff: 'Z' != '}'", "E             Right contains 21 more items, first extra item: 'd'", "E             Full diff:", "E               [", "E             -  '}',", "E             -  '{',", "E             -  'u',...", "E             ", "E             ...Full output truncated (31 lines hidden), use '-vv' to show"], "reprfuncargs": {"args": []}, "reprlocals": null, "reprfileloc": {"path": "Q39/command_results_1/Folder_57/tests39_57_1.py", "lineno": 12, "message": "AssertionError"}, "style": "long"}}], "extraline": null, "style": "long"}, "sections": [], "chain": [[{"reprentries": [{"type": "ReprEntry", "data": {"lines": ["    def test_strings_of_size_equal_to_29():", "        selection_range = string.ascii_letters + string.digits + ' ' + \"!#$%&()*+,-./:;<=>?@[]^_{|}~\"", "        s = ''.join(random.sample(selection_range, k=29))", "        if 'descending' == 'ascending':", "            assert return_n_greatest_chars(s) == sorted(s)", "        else:", ">           assert return_n_greatest_chars(s) == sorted(s, reverse=True)", "E           AssertionError: assert ['Z', 'B', 'Y...'A', 'M', ...] == ['}', '{', 'u...'k', 'j', ...]", "E             At index 0 diff: 'Z' != '}'", "E             Right contains 21 more items, first extra item: 'd'", "E             Full diff:", "E               [", "E             -  '}',", "E             -  '{',", "E             -  'u',...", "E             ", "E             ...Full output truncated (31 lines hidden), use '-vv' to show"], "reprfuncargs": {"args": []}, "reprlocals": null, "reprfileloc": {"path": "Q39/command_results_1/Folder_57/tests39_57_1.py", "lineno": 12, "message": "AssertionError"}, "style": "long"}}], "extraline": null, "style": "long"}, {"path": "/home/shahin/Benchmark_Command_T0/Q39/command_results_1/Folder_57/tests39_57_1.py", "lineno": 12, "message": "AssertionError: assert ['Z', 'B', 'Y...'A', 'M', ...] == ['}', '{', 'u...'k', 'j', ...]\n  At index 0 diff: 'Z' != '}'\n  Right contains 21 more items, first extra item: 'd'\n  Full diff:\n    [\n  -  '}',\n  -  '{',\n  -  'u',...\n  \n  ...Full output truncated (31 lines hidden), use '-vv' to show"}, null]]}, "when": "call", "user_properties": [], "sections": [], "duration": 0.0006127009983174503, "extra": [], "$report_type": "TestReport", "item_index": 0, "worker_id": "gw0", "testrun_uid": "1083248bbf5641739c4e911f33d6001e", "node": "<WorkerController gw0>"}
{"exitstatus": 2, "$report_type": "SessionFinish"}
