{"pytest_version": "7.2.2", "$report_type": "SessionStart"}
{"nodeid": "tests40_31_4.py::test_if_result_is_sorted", "location": ["tests40_31_4.py", 20, "test_if_result_is_sorted"], "keywords": {"test_if_result_is_sorted": 1, "tests40_31_4.py": 1, "Folder_31": 1}, "outcome": "passed", "longrepr": null, "when": "setup", "user_properties": [], "sections": [], "duration": 0.0001631820050533861, "$report_type": "TestReport", "item_index": 2, "worker_id": "gw1", "testrun_uid": "1edbf375532c4fa7a227b4a7e7829c27", "node": "<WorkerController gw1>"}
{"nodeid": "tests40_31_4.py::test_strings_of_size_equal_to_70", "location": ["tests40_31_4.py", 5, "test_strings_of_size_equal_to_70"], "keywords": {"test_strings_of_size_equal_to_70": 1, "tests40_31_4.py": 1, "Folder_31": 1}, "outcome": "passed", "longrepr": null, "when": "setup", "user_properties": [], "sections": [], "duration": 0.00019837999570881948, "$report_type": "TestReport", "item_index": 0, "worker_id": "gw0", "testrun_uid": "1edbf375532c4fa7a227b4a7e7829c27", "node": "<WorkerController gw0>"}
{"nodeid": "tests40_31_4.py::test_strings_of_size_equal_to_70", "location": ["tests40_31_4.py", 5, "test_strings_of_size_equal_to_70"], "keywords": {"test_strings_of_size_equal_to_70": 1, "tests40_31_4.py": 1, "Folder_31": 1}, "outcome": "failed", "longrepr": {"reprcrash": {"path": "/home/shahin/Benchmark_Command_T0/Q40/command_results_4/Folder_31/tests40_31_4.py", "lineno": 12, "message": "AssertionError: assert ['b', 'e', 't...'x', 'r', ...] == ['}', '{', 'z...'x', 'v', ...]\n  At index 0 diff: 'b' != '}'\n  Right contains 51 more items, first extra item: 'b'\n  Full diff:\n    [\n  -  '}',\n  ?   ^\n  +  'b',...\n  \n  ...Full output truncated (91 lines hidden), use '-vv' to show"}, "reprtraceback": {"reprentries": [{"type": "ReprEntry", "data": {"lines": ["    def test_strings_of_size_equal_to_70():", "        selection_range = string.ascii_letters + string.digits + ' ' + \"!#$%&()*+,-./:;<=>?@[]^_{|}~\"", "        s = ''.join(random.sample(selection_range, k=70))", "        if 'descending' == 'ascending':", "            assert return_n_smallest_chars(s) == sorted(s)", "        else:", ">           assert return_n_smallest_chars(s) == sorted(s, reverse=True)", "E           AssertionError: assert ['b', 'e', 't...'x', 'r', ...] == ['}', '{', 'z...'x', 'v', ...]", "E             At index 0 diff: 'b' != '}'", "E             Right contains 51 more items, first extra item: 'b'", "E             Full diff:", "E               [", "E             -  '}',", "E             ?   ^", "E             +  'b',...", "E             ", "E             ...Full output truncated (91 lines hidden), use '-vv' to show"], "reprfuncargs": {"args": []}, "reprlocals": null, "reprfileloc": {"path": "Q40/command_results_4/Folder_31/tests40_31_4.py", "lineno": 12, "message": "AssertionError"}, "style": "long"}}], "extraline": null, "style": "long"}, "sections": [], "chain": [[{"reprentries": [{"type": "ReprEntry", "data": {"lines": ["    def test_strings_of_size_equal_to_70():", "        selection_range = string.ascii_letters + string.digits + ' ' + \"!#$%&()*+,-./:;<=>?@[]^_{|}~\"", "        s = ''.join(random.sample(selection_range, k=70))", "        if 'descending' == 'ascending':", "            assert return_n_smallest_chars(s) == sorted(s)", "        else:", ">           assert return_n_smallest_chars(s) == sorted(s, reverse=True)", "E           AssertionError: assert ['b', 'e', 't...'x', 'r', ...] == ['}', '{', 'z...'x', 'v', ...]", "E             At index 0 diff: 'b' != '}'", "E             Right contains 51 more items, first extra item: 'b'", "E             Full diff:", "E               [", "E             -  '}',", "E             ?   ^", "E             +  'b',...", "E             ", "E             ...Full output truncated (91 lines hidden), use '-vv' to show"], "reprfuncargs": {"args": []}, "reprlocals": null, "reprfileloc": {"path": "Q40/command_results_4/Folder_31/tests40_31_4.py", "lineno": 12, "message": "AssertionError"}, "style": "long"}}], "extraline": null, "style": "long"}, {"path": "/home/shahin/Benchmark_Command_T0/Q40/command_results_4/Folder_31/tests40_31_4.py", "lineno": 12, "message": "AssertionError: assert ['b', 'e', 't...'x', 'r', ...] == ['}', '{', 'z...'x', 'v', ...]\n  At index 0 diff: 'b' != '}'\n  Right contains 51 more items, first extra item: 'b'\n  Full diff:\n    [\n  -  '}',\n  ?   ^\n  +  'b',...\n  \n  ...Full output truncated (91 lines hidden), use '-vv' to show"}, null]]}, "when": "call", "user_properties": [], "sections": [], "duration": 0.0016394240010413341, "extra": [], "$report_type": "TestReport", "item_index": 0, "worker_id": "gw0", "testrun_uid": "1edbf375532c4fa7a227b4a7e7829c27", "node": "<WorkerController gw0>"}
{"exitstatus": 2, "$report_type": "SessionFinish"}
