{"pytest_version": "7.2.2", "$report_type": "SessionStart"}
{"nodeid": "tests52_33_5.py::test_string_of_spaces_and_letters", "location": ["tests52_33_5.py", 16, "test_string_of_spaces_and_letters"], "keywords": {"test_string_of_spaces_and_letters": 1, "tests52_33_5.py": 1, "Folder_33": 1}, "outcome": "passed", "longrepr": null, "when": "setup", "user_properties": [], "sections": [], "duration": 0.00016428800154244527, "$report_type": "TestReport", "item_index": 2, "worker_id": "gw1", "testrun_uid": "c1b6958faec74d8e94c9d15ab689472f", "node": "<WorkerController gw1>"}
{"nodeid": "tests52_33_5.py::test_string_of_many_chars", "location": ["tests52_33_5.py", 6, "test_string_of_many_chars"], "keywords": {"test_string_of_many_chars": 1, "tests52_33_5.py": 1, "Folder_33": 1}, "outcome": "passed", "longrepr": null, "when": "setup", "user_properties": [], "sections": [], "duration": 0.00019186899953638203, "$report_type": "TestReport", "item_index": 0, "worker_id": "gw0", "testrun_uid": "c1b6958faec74d8e94c9d15ab689472f", "node": "<WorkerController gw0>"}
{"nodeid": "tests52_33_5.py::test_string_of_many_chars", "location": ["tests52_33_5.py", 6, "test_string_of_many_chars"], "keywords": {"test_string_of_many_chars": 1, "tests52_33_5.py": 1, "Folder_33": 1}, "outcome": "passed", "longrepr": null, "when": "call", "user_properties": [], "sections": [], "duration": 0.0003442859997448977, "extra": [], "$report_type": "TestReport", "item_index": 0, "worker_id": "gw0", "testrun_uid": "c1b6958faec74d8e94c9d15ab689472f", "node": "<WorkerController gw0>"}
{"nodeid": "tests52_33_5.py::test_string_of_many_chars", "location": ["tests52_33_5.py", 6, "test_string_of_many_chars"], "keywords": {"test_string_of_many_chars": 1, "tests52_33_5.py": 1, "Folder_33": 1}, "outcome": "passed", "longrepr": null, "when": "teardown", "user_properties": [], "sections": [], "duration": 0.00013388099978328682, "$report_type": "TestReport", "item_index": 0, "worker_id": "gw0", "testrun_uid": "c1b6958faec74d8e94c9d15ab689472f", "node": "<WorkerController gw0>"}
{"nodeid": "tests52_33_5.py::test_string_of_spaces", "location": ["tests52_33_5.py", 11, "test_string_of_spaces"], "keywords": {"test_string_of_spaces": 1, "tests52_33_5.py": 1, "Folder_33": 1}, "outcome": "passed", "longrepr": null, "when": "setup", "user_properties": [], "sections": [], "duration": 0.00013933100126450881, "$report_type": "TestReport", "item_index": 1, "worker_id": "gw0", "testrun_uid": "c1b6958faec74d8e94c9d15ab689472f", "node": "<WorkerController gw0>"}
{"nodeid": "tests52_33_5.py::test_string_of_spaces", "location": ["tests52_33_5.py", 11, "test_string_of_spaces"], "keywords": {"test_string_of_spaces": 1, "tests52_33_5.py": 1, "Folder_33": 1}, "outcome": "failed", "longrepr": {"reprcrash": {"path": "/home/shahin/Benchmark_Command/Q52/command_results_5/Folder_33/tests52_33_5.py", "lineno": 14, "message": "AssertionError: assert not {' '}\n +  where {' '} = palindrome_of_length_n('                                                                                                                                                                                                                                                                                                                                                                                                                                                                                                                                                                                                                                                                                                                                                                                                                                                                                                                                                                                      ')"}, "reprtraceback": {"reprentries": [{"type": "ReprEntry", "data": {"lines": ["    def test_string_of_spaces():", "        s = ' ' * (475 * 2)", ">       assert not palindrome_of_length_n(s)", "E       AssertionError: assert not {' '}", "E        +  where {' '} = palindrome_of_length_n('                                                                                                                                                                                                                                                                                                                                                                                                                                                                                                                                                                                                                                                                                                                                                                                                                                                                                                                                                                                      ')"], "reprfuncargs": {"args": []}, "reprlocals": null, "reprfileloc": {"path": "Q52/command_results_5/Folder_33/tests52_33_5.py", "lineno": 14, "message": "AssertionError"}, "style": "long"}}], "extraline": null, "style": "long"}, "sections": [], "chain": [[{"reprentries": [{"type": "ReprEntry", "data": {"lines": ["    def test_string_of_spaces():", "        s = ' ' * (475 * 2)", ">       assert not palindrome_of_length_n(s)", "E       AssertionError: assert not {' '}", "E        +  where {' '} = palindrome_of_length_n('                                                                                                                                                                                                                                                                                                                                                                                                                                                                                                                                                                                                                                                                                                                                                                                                                                                                                                                                                                                      ')"], "reprfuncargs": {"args": []}, "reprlocals": null, "reprfileloc": {"path": "Q52/command_results_5/Folder_33/tests52_33_5.py", "lineno": 14, "message": "AssertionError"}, "style": "long"}}], "extraline": null, "style": "long"}, {"path": "/home/shahin/Benchmark_Command/Q52/command_results_5/Folder_33/tests52_33_5.py", "lineno": 14, "message": "AssertionError: assert not {' '}\n +  where {' '} = palindrome_of_length_n('                                                                                                                                                                                                                                                                                                                                                                                                                                                                                                                                                                                                                                                                                                                                                                                                                                                                                                                                                                                      ')"}, null]]}, "when": "call", "user_properties": [], "sections": [], "duration": 0.0003194189994246699, "extra": [], "$report_type": "TestReport", "item_index": 1, "worker_id": "gw0", "testrun_uid": "c1b6958faec74d8e94c9d15ab689472f", "node": "<WorkerController gw0>"}
{"exitstatus": 2, "$report_type": "SessionFinish"}
