{"pytest_version": "7.2.2", "$report_type": "SessionStart"}
{"nodeid": "tests40_64_2.py::test_strings_of_size_equal_to_39", "location": ["tests40_64_2.py", 5, "test_strings_of_size_equal_to_39"], "keywords": {"test_strings_of_size_equal_to_39": 1, "tests40_64_2.py": 1, "Folder_64": 1}, "outcome": "passed", "longrepr": null, "when": "setup", "user_properties": [], "sections": [], "duration": 0.00015510599769186229, "$report_type": "TestReport", "item_index": 0, "worker_id": "gw0", "testrun_uid": "fed8f9f4e31a47afaf14c697607586b3", "node": "<WorkerController gw0>"}
{"nodeid": "tests40_64_2.py::test_if_result_is_sorted", "location": ["tests40_64_2.py", 20, "test_if_result_is_sorted"], "keywords": {"test_if_result_is_sorted": 1, "tests40_64_2.py": 1, "Folder_64": 1}, "outcome": "passed", "longrepr": null, "when": "setup", "user_properties": [], "sections": [], "duration": 0.00025157100026262924, "$report_type": "TestReport", "item_index": 2, "worker_id": "gw1", "testrun_uid": "fed8f9f4e31a47afaf14c697607586b3", "node": "<WorkerController gw1>"}
{"nodeid": "tests40_64_2.py::test_strings_of_size_equal_to_39", "location": ["tests40_64_2.py", 5, "test_strings_of_size_equal_to_39"], "keywords": {"test_strings_of_size_equal_to_39": 1, "tests40_64_2.py": 1, "Folder_64": 1}, "outcome": "failed", "longrepr": {"reprcrash": {"path": "/home/shahin/Benchmark_Command_T0/Q40/command_results_2/Folder_64/tests40_64_2.py", "lineno": 12, "message": "AssertionError: assert ['r', 'e', 'n...'l', 'f', ...] == ['~', 'z', 'y...'r', 'q', ...]\n  At index 0 diff: 'r' != '~'\n  Right contains 26 more items, first extra item: 'a'\n  Full diff:\n    [\n  -  '~',\n  ?   ^\n  +  'r',...\n  \n  ...Full output truncated (50 lines hidden), use '-vv' to show"}, "reprtraceback": {"reprentries": [{"type": "ReprEntry", "data": {"lines": ["    def test_strings_of_size_equal_to_39():", "        selection_range = string.ascii_letters + string.digits + ' ' + \"!#$%&()*+,-./:;<=>?@[]^_{|}~\"", "        s = ''.join(random.sample(selection_range, k=39))", "        if 'descending' == 'ascending':", "            assert return_n_smallest_chars(s) == sorted(s)", "        else:", ">           assert return_n_smallest_chars(s) == sorted(s, reverse=True)", "E           AssertionError: assert ['r', 'e', 'n...'l', 'f', ...] == ['~', 'z', 'y...'r', 'q', ...]", "E             At index 0 diff: 'r' != '~'", "E             Right contains 26 more items, first extra item: 'a'", "E             Full diff:", "E               [", "E             -  '~',", "E             ?   ^", "E             +  'r',...", "E             ", "E             ...Full output truncated (50 lines hidden), use '-vv' to show"], "reprfuncargs": {"args": []}, "reprlocals": null, "reprfileloc": {"path": "Q40/command_results_2/Folder_64/tests40_64_2.py", "lineno": 12, "message": "AssertionError"}, "style": "long"}}], "extraline": null, "style": "long"}, "sections": [], "chain": [[{"reprentries": [{"type": "ReprEntry", "data": {"lines": ["    def test_strings_of_size_equal_to_39():", "        selection_range = string.ascii_letters + string.digits + ' ' + \"!#$%&()*+,-./:;<=>?@[]^_{|}~\"", "        s = ''.join(random.sample(selection_range, k=39))", "        if 'descending' == 'ascending':", "            assert return_n_smallest_chars(s) == sorted(s)", "        else:", ">           assert return_n_smallest_chars(s) == sorted(s, reverse=True)", "E           AssertionError: assert ['r', 'e', 'n...'l', 'f', ...] == ['~', 'z', 'y...'r', 'q', ...]", "E             At index 0 diff: 'r' != '~'", "E             Right contains 26 more items, first extra item: 'a'", "E             Full diff:", "E               [", "E             -  '~',", "E             ?   ^", "E             +  'r',...", "E             ", "E             ...Full output truncated (50 lines hidden), use '-vv' to show"], "reprfuncargs": {"args": []}, "reprlocals": null, "reprfileloc": {"path": "Q40/command_results_2/Folder_64/tests40_64_2.py", "lineno": 12, "message": "AssertionError"}, "style": "long"}}], "extraline": null, "style": "long"}, {"path": "/home/shahin/Benchmark_Command_T0/Q40/command_results_2/Folder_64/tests40_64_2.py", "lineno": 12, "message": "AssertionError: assert ['r', 'e', 'n...'l', 'f', ...] == ['~', 'z', 'y...'r', 'q', ...]\n  At index 0 diff: 'r' != '~'\n  Right contains 26 more items, first extra item: 'a'\n  Full diff:\n    [\n  -  '~',\n  ?   ^\n  +  'r',...\n  \n  ...Full output truncated (50 lines hidden), use '-vv' to show"}, null]]}, "when": "call", "user_properties": [], "sections": [], "duration": 0.0007311169974855147, "extra": [], "$report_type": "TestReport", "item_index": 0, "worker_id": "gw0", "testrun_uid": "fed8f9f4e31a47afaf14c697607586b3", "node": "<WorkerController gw0>"}
{"exitstatus": 2, "$report_type": "SessionFinish"}
