{"pytest_version": "7.2.2", "$report_type": "SessionStart"}
{"nodeid": "tests40_29_3.py::test_if_result_is_sorted", "location": ["tests40_29_3.py", 20, "test_if_result_is_sorted"], "keywords": {"test_if_result_is_sorted": 1, "tests40_29_3.py": 1, "Folder_29": 1}, "outcome": "passed", "longrepr": null, "when": "setup", "user_properties": [], "sections": [], "duration": 0.00016379699809476733, "$report_type": "TestReport", "item_index": 2, "worker_id": "gw1", "testrun_uid": "a34d3bd67cc84ca69685e6972e95a3dc", "node": "<WorkerController gw1>"}
{"nodeid": "tests40_29_3.py::test_strings_of_size_equal_to_23", "location": ["tests40_29_3.py", 5, "test_strings_of_size_equal_to_23"], "keywords": {"test_strings_of_size_equal_to_23": 1, "tests40_29_3.py": 1, "Folder_29": 1}, "outcome": "passed", "longrepr": null, "when": "setup", "user_properties": [], "sections": [], "duration": 0.00020419299835339189, "$report_type": "TestReport", "item_index": 0, "worker_id": "gw0", "testrun_uid": "a34d3bd67cc84ca69685e6972e95a3dc", "node": "<WorkerController gw0>"}
{"nodeid": "tests40_29_3.py::test_strings_of_size_equal_to_23", "location": ["tests40_29_3.py", 5, "test_strings_of_size_equal_to_23"], "keywords": {"test_strings_of_size_equal_to_23": 1, "tests40_29_3.py": 1, "Folder_29": 1}, "outcome": "failed", "longrepr": {"reprcrash": {"path": "/home/shahin/Benchmark_Command/Q40/command_results_3/Folder_29/tests40_29_3.py", "lineno": 12, "message": "AssertionError: assert ['3', '4', '6...'P', 'R', ...] == ['s', 'p', 'o...'c', '_', ...]\n  At index 0 diff: '3' != 's'\n  Right contains 9 more items, first extra item: '6'\n  Full diff:\n    [\n  +  '3',\n  +  '4',\n  +  '6',...\n  \n  ...Full output truncated (35 lines hidden), use '-vv' to show"}, "reprtraceback": {"reprentries": [{"type": "ReprEntry", "data": {"lines": ["    def test_strings_of_size_equal_to_23():", "        selection_range = string.ascii_letters + string.digits + ' ' + \"!#$%&()*+,-./:;<=>?@[]^_{|}~\"", "        s = ''.join(random.sample(selection_range, k=23))", "        if 'descending' == 'ascending':", "            assert return_n_smallest_chars(s) == sorted(s)", "        else:", ">           assert return_n_smallest_chars(s) == sorted(s, reverse=True)", "E           AssertionError: assert ['3', '4', '6...'P', 'R', ...] == ['s', 'p', 'o...'c', '_', ...]", "E             At index 0 diff: '3' != 's'", "E             Right contains 9 more items, first extra item: '6'", "E             Full diff:", "E               [", "E             +  '3',", "E             +  '4',", "E             +  '6',...", "E             ", "E             ...Full output truncated (35 lines hidden), use '-vv' to show"], "reprfuncargs": {"args": []}, "reprlocals": null, "reprfileloc": {"path": "Q40/command_results_3/Folder_29/tests40_29_3.py", "lineno": 12, "message": "AssertionError"}, "style": "long"}}], "extraline": null, "style": "long"}, "sections": [], "chain": [[{"reprentries": [{"type": "ReprEntry", "data": {"lines": ["    def test_strings_of_size_equal_to_23():", "        selection_range = string.ascii_letters + string.digits + ' ' + \"!#$%&()*+,-./:;<=>?@[]^_{|}~\"", "        s = ''.join(random.sample(selection_range, k=23))", "        if 'descending' == 'ascending':", "            assert return_n_smallest_chars(s) == sorted(s)", "        else:", ">           assert return_n_smallest_chars(s) == sorted(s, reverse=True)", "E           AssertionError: assert ['3', '4', '6...'P', 'R', ...] == ['s', 'p', 'o...'c', '_', ...]", "E             At index 0 diff: '3' != 's'", "E             Right contains 9 more items, first extra item: '6'", "E             Full diff:", "E               [", "E             +  '3',", "E             +  '4',", "E             +  '6',...", "E             ", "E             ...Full output truncated (35 lines hidden), use '-vv' to show"], "reprfuncargs": {"args": []}, "reprlocals": null, "reprfileloc": {"path": "Q40/command_results_3/Folder_29/tests40_29_3.py", "lineno": 12, "message": "AssertionError"}, "style": "long"}}], "extraline": null, "style": "long"}, {"path": "/home/shahin/Benchmark_Command/Q40/command_results_3/Folder_29/tests40_29_3.py", "lineno": 12, "message": "AssertionError: assert ['3', '4', '6...'P', 'R', ...] == ['s', 'p', 'o...'c', '_', ...]\n  At index 0 diff: '3' != 's'\n  Right contains 9 more items, first extra item: '6'\n  Full diff:\n    [\n  +  '3',\n  +  '4',\n  +  '6',...\n  \n  ...Full output truncated (35 lines hidden), use '-vv' to show"}, null]]}, "when": "call", "user_properties": [], "sections": [], "duration": 0.0008188860010704957, "extra": [], "$report_type": "TestReport", "item_index": 0, "worker_id": "gw0", "testrun_uid": "a34d3bd67cc84ca69685e6972e95a3dc", "node": "<WorkerController gw0>"}
{"exitstatus": 2, "$report_type": "SessionFinish"}
