{"pytest_version": "7.2.2", "$report_type": "SessionStart"}
{"nodeid": "tests40_61_2.py::test_if_result_is_sorted", "location": ["tests40_61_2.py", 20, "test_if_result_is_sorted"], "keywords": {"test_if_result_is_sorted": 1, "tests40_61_2.py": 1, "Folder_61": 1}, "outcome": "passed", "longrepr": null, "when": "setup", "user_properties": [], "sections": [], "duration": 0.00012089100346202031, "$report_type": "TestReport", "item_index": 2, "worker_id": "gw1", "testrun_uid": "ee1d507e22904a9bbc8c3b5ecdf39a9b", "node": "<WorkerController gw1>"}
{"nodeid": "tests40_61_2.py::test_strings_of_size_equal_to_66", "location": ["tests40_61_2.py", 5, "test_strings_of_size_equal_to_66"], "keywords": {"test_strings_of_size_equal_to_66": 1, "tests40_61_2.py": 1, "Folder_61": 1}, "outcome": "passed", "longrepr": null, "when": "setup", "user_properties": [], "sections": [], "duration": 0.00016759000573074445, "$report_type": "TestReport", "item_index": 0, "worker_id": "gw0", "testrun_uid": "ee1d507e22904a9bbc8c3b5ecdf39a9b", "node": "<WorkerController gw0>"}
{"nodeid": "tests40_61_2.py::test_strings_of_size_equal_to_66", "location": ["tests40_61_2.py", 5, "test_strings_of_size_equal_to_66"], "keywords": {"test_strings_of_size_equal_to_66": 1, "tests40_61_2.py": 1, "Folder_61": 1}, "outcome": "failed", "longrepr": {"reprcrash": {"path": "/home/shahin/Benchmark_Command_T0/Q40/command_results_2/Folder_61/tests40_61_2.py", "lineno": 12, "message": "AssertionError: assert ['y', 'z', 'c...'m', 'i', ...] == ['~', '}', '|...'z', 'y', ...]\n  At index 0 diff: 'y' != '~'\n  Right contains 48 more items, first extra item: 'e'\n  Full diff:\n    [\n  -  '~',\n  ?   ^\n  +  'y',...\n  \n  ...Full output truncated (81 lines hidden), use '-vv' to show"}, "reprtraceback": {"reprentries": [{"type": "ReprEntry", "data": {"lines": ["    def test_strings_of_size_equal_to_66():", "        selection_range = string.ascii_letters + string.digits + ' ' + \"!#$%&()*+,-./:;<=>?@[]^_{|}~\"", "        s = ''.join(random.sample(selection_range, k=66))", "        if 'descending' == 'ascending':", "            assert return_n_smallest_chars(s) == sorted(s)", "        else:", ">           assert return_n_smallest_chars(s) == sorted(s, reverse=True)", "E           AssertionError: assert ['y', 'z', 'c...'m', 'i', ...] == ['~', '}', '|...'z', 'y', ...]", "E             At index 0 diff: 'y' != '~'", "E             Right contains 48 more items, first extra item: 'e'", "E             Full diff:", "E               [", "E             -  '~',", "E             ?   ^", "E             +  'y',...", "E             ", "E             ...Full output truncated (81 lines hidden), use '-vv' to show"], "reprfuncargs": {"args": []}, "reprlocals": null, "reprfileloc": {"path": "Q40/command_results_2/Folder_61/tests40_61_2.py", "lineno": 12, "message": "AssertionError"}, "style": "long"}}], "extraline": null, "style": "long"}, "sections": [], "chain": [[{"reprentries": [{"type": "ReprEntry", "data": {"lines": ["    def test_strings_of_size_equal_to_66():", "        selection_range = string.ascii_letters + string.digits + ' ' + \"!#$%&()*+,-./:;<=>?@[]^_{|}~\"", "        s = ''.join(random.sample(selection_range, k=66))", "        if 'descending' == 'ascending':", "            assert return_n_smallest_chars(s) == sorted(s)", "        else:", ">           assert return_n_smallest_chars(s) == sorted(s, reverse=True)", "E           AssertionError: assert ['y', 'z', 'c...'m', 'i', ...] == ['~', '}', '|...'z', 'y', ...]", "E             At index 0 diff: 'y' != '~'", "E             Right contains 48 more items, first extra item: 'e'", "E             Full diff:", "E               [", "E             -  '~',", "E             ?   ^", "E             +  'y',...", "E             ", "E             ...Full output truncated (81 lines hidden), use '-vv' to show"], "reprfuncargs": {"args": []}, "reprlocals": null, "reprfileloc": {"path": "Q40/command_results_2/Folder_61/tests40_61_2.py", "lineno": 12, "message": "AssertionError"}, "style": "long"}}], "extraline": null, "style": "long"}, {"path": "/home/shahin/Benchmark_Command_T0/Q40/command_results_2/Folder_61/tests40_61_2.py", "lineno": 12, "message": "AssertionError: assert ['y', 'z', 'c...'m', 'i', ...] == ['~', '}', '|...'z', 'y', ...]\n  At index 0 diff: 'y' != '~'\n  Right contains 48 more items, first extra item: 'e'\n  Full diff:\n    [\n  -  '~',\n  ?   ^\n  +  'y',...\n  \n  ...Full output truncated (81 lines hidden), use '-vv' to show"}, null]]}, "when": "call", "user_properties": [], "sections": [], "duration": 0.0008965930028352886, "extra": [], "$report_type": "TestReport", "item_index": 0, "worker_id": "gw0", "testrun_uid": "ee1d507e22904a9bbc8c3b5ecdf39a9b", "node": "<WorkerController gw0>"}
{"exitstatus": 2, "$report_type": "SessionFinish"}
