{"pytest_version": "7.2.2", "$report_type": "SessionStart"}
{"nodeid": "tests40_3_2.py::test_if_result_is_sorted", "location": ["tests40_3_2.py", 20, "test_if_result_is_sorted"], "keywords": {"test_if_result_is_sorted": 1, "tests40_3_2.py": 1, "Folder_3": 1}, "outcome": "passed", "longrepr": null, "when": "setup", "user_properties": [], "sections": [], "duration": 0.00011698999878717586, "$report_type": "TestReport", "item_index": 2, "worker_id": "gw1", "testrun_uid": "f4795c0ac7424052b2f21cf649311709", "node": "<WorkerController gw1>"}
{"nodeid": "tests40_3_2.py::test_strings_of_size_equal_to_28", "location": ["tests40_3_2.py", 5, "test_strings_of_size_equal_to_28"], "keywords": {"test_strings_of_size_equal_to_28": 1, "tests40_3_2.py": 1, "Folder_3": 1}, "outcome": "passed", "longrepr": null, "when": "setup", "user_properties": [], "sections": [], "duration": 0.0001876619971881155, "$report_type": "TestReport", "item_index": 0, "worker_id": "gw0", "testrun_uid": "f4795c0ac7424052b2f21cf649311709", "node": "<WorkerController gw0>"}
{"nodeid": "tests40_3_2.py::test_strings_of_size_equal_to_28", "location": ["tests40_3_2.py", 5, "test_strings_of_size_equal_to_28"], "keywords": {"test_strings_of_size_equal_to_28": 1, "tests40_3_2.py": 1, "Folder_3": 1}, "outcome": "failed", "longrepr": {"reprcrash": {"path": "/home/shahin/Benchmark_Command/Q40/command_results_2/Folder_3/tests40_3_2.py", "lineno": 12, "message": "AssertionError: assert ['E', 'G', 'N...'U', 'W', ...] == ['}', '|', '{...'t', 'o', ...]\n  At index 0 diff: 'E' != '}'\n  Right contains 12 more items, first extra item: 'N'\n  Full diff:\n    [\n  -  '}',\n  ?   ^\n  +  'E',...\n  \n  ...Full output truncated (48 lines hidden), use '-vv' to show"}, "reprtraceback": {"reprentries": [{"type": "ReprEntry", "data": {"lines": ["    def test_strings_of_size_equal_to_28():", "        selection_range = string.ascii_letters + string.digits + ' ' + \"!#$%&()*+,-./:;<=>?@[]^_{|}~\"", "        s = ''.join(random.sample(selection_range, k=28))", "        if 'descending' == 'ascending':", "            assert return_n_smallest_chars(s) == sorted(s)", "        else:", ">           assert return_n_smallest_chars(s) == sorted(s, reverse=True)", "E           AssertionError: assert ['E', 'G', 'N...'U', 'W', ...] == ['}', '|', '{...'t', 'o', ...]", "E             At index 0 diff: 'E' != '}'", "E             Right contains 12 more items, first extra item: 'N'", "E             Full diff:", "E               [", "E             -  '}',", "E             ?   ^", "E             +  'E',...", "E             ", "E             ...Full output truncated (48 lines hidden), use '-vv' to show"], "reprfuncargs": {"args": []}, "reprlocals": null, "reprfileloc": {"path": "Q40/command_results_2/Folder_3/tests40_3_2.py", "lineno": 12, "message": "AssertionError"}, "style": "long"}}], "extraline": null, "style": "long"}, "sections": [], "chain": [[{"reprentries": [{"type": "ReprEntry", "data": {"lines": ["    def test_strings_of_size_equal_to_28():", "        selection_range = string.ascii_letters + string.digits + ' ' + \"!#$%&()*+,-./:;<=>?@[]^_{|}~\"", "        s = ''.join(random.sample(selection_range, k=28))", "        if 'descending' == 'ascending':", "            assert return_n_smallest_chars(s) == sorted(s)", "        else:", ">           assert return_n_smallest_chars(s) == sorted(s, reverse=True)", "E           AssertionError: assert ['E', 'G', 'N...'U', 'W', ...] == ['}', '|', '{...'t', 'o', ...]", "E             At index 0 diff: 'E' != '}'", "E             Right contains 12 more items, first extra item: 'N'", "E             Full diff:", "E               [", "E             -  '}',", "E             ?   ^", "E             +  'E',...", "E             ", "E             ...Full output truncated (48 lines hidden), use '-vv' to show"], "reprfuncargs": {"args": []}, "reprlocals": null, "reprfileloc": {"path": "Q40/command_results_2/Folder_3/tests40_3_2.py", "lineno": 12, "message": "AssertionError"}, "style": "long"}}], "extraline": null, "style": "long"}, {"path": "/home/shahin/Benchmark_Command/Q40/command_results_2/Folder_3/tests40_3_2.py", "lineno": 12, "message": "AssertionError: assert ['E', 'G', 'N...'U', 'W', ...] == ['}', '|', '{...'t', 'o', ...]\n  At index 0 diff: 'E' != '}'\n  Right contains 12 more items, first extra item: 'N'\n  Full diff:\n    [\n  -  '}',\n  ?   ^\n  +  'E',...\n  \n  ...Full output truncated (48 lines hidden), use '-vv' to show"}, null]]}, "when": "call", "user_properties": [], "sections": [], "duration": 0.0009806890011532232, "extra": [], "$report_type": "TestReport", "item_index": 0, "worker_id": "gw0", "testrun_uid": "f4795c0ac7424052b2f21cf649311709", "node": "<WorkerController gw0>"}
{"exitstatus": 2, "$report_type": "SessionFinish"}
