{"pytest_version": "7.4.3", "$report_type": "SessionStart"}
{"nodeid": "tests39_94_2.py::test_if_result_is_sorted", "location": ["tests39_94_2.py", 20, "test_if_result_is_sorted"], "keywords": {"test_if_result_is_sorted": 1, "tests39_94_2.py": 1, "Folder_94": 1}, "outcome": "passed", "longrepr": null, "when": "setup", "user_properties": [], "sections": [], "duration": 0.00018448400078341365, "start": 1700341701.5994833, "stop": 1700341701.5996687, "$report_type": "TestReport", "item_index": 2, "worker_id": "gw1", "testrun_uid": "6653d50147f84ab18c8623260f6ad2ee", "node": "<WorkerController gw1>"}
{"nodeid": "tests39_94_2.py::test_strings_of_size_equal_to_87", "location": ["tests39_94_2.py", 5, "test_strings_of_size_equal_to_87"], "keywords": {"test_strings_of_size_equal_to_87": 1, "tests39_94_2.py": 1, "Folder_94": 1}, "outcome": "passed", "longrepr": null, "when": "setup", "user_properties": [], "sections": [], "duration": 0.00019993900787085295, "start": 1700341701.599513, "stop": 1700341701.599714, "$report_type": "TestReport", "item_index": 0, "worker_id": "gw0", "testrun_uid": "6653d50147f84ab18c8623260f6ad2ee", "node": "<WorkerController gw0>"}
{"nodeid": "tests39_94_2.py::test_if_result_is_sorted", "location": ["tests39_94_2.py", 20, "test_if_result_is_sorted"], "keywords": {"test_if_result_is_sorted": 1, "tests39_94_2.py": 1, "Folder_94": 1}, "outcome": "failed", "longrepr": {"reprcrash": {"path": "/data/Benchmark_Command/Q39/command_results_2/Folder_94/tests39_94_2.py", "lineno": 28, "message": "AssertionError: assert ['~', '}', '|...'Z', 'y', ...] == ['~', '}', '|...'y', 'x', ...]\n  At index 4 diff: 'Z' != 'y'\n  Full diff:\n    [\n     '~',\n     '}',\n     '|',\n     '{',...\n  \n  ...Full output truncated (109 lines hidden), use '-vv' to show"}, "reprtraceback": {"reprentries": [{"type": "ReprEntry", "data": {"lines": ["    def test_if_result_is_sorted():", "        selection_range = string.ascii_letters + string.digits + ' ' + \"!#$%&()*+,-./:;<=>?@[]^_{|}~\"", "        s = ''.join(random.sample(selection_range, k=87 + 1))", "        result = return_n_greatest_chars(s)", "        if 'descending' == 'ascending':", "            assert result == sorted(result)", "        else:", ">           assert result == sorted(result, reverse=True)", "E           AssertionError: assert ['~', '}', '|...'Z', 'y', ...] == ['~', '}', '|...'y', 'x', ...]", "E             At index 4 diff: 'Z' != 'y'", "E             Full diff:", "E               [", "E                '~',", "E                '}',", "E                '|',", "E                '{',...", "E             ", "E             ...Full output truncated (109 lines hidden), use '-vv' to show"], "reprfuncargs": {"args": []}, "reprlocals": null, "reprfileloc": {"path": "Q39/command_results_2/Folder_94/tests39_94_2.py", "lineno": 28, "message": "AssertionError"}, "style": "long"}}], "extraline": null, "style": "long"}, "sections": [], "chain": [[{"reprentries": [{"type": "ReprEntry", "data": {"lines": ["    def test_if_result_is_sorted():", "        selection_range = string.ascii_letters + string.digits + ' ' + \"!#$%&()*+,-./:;<=>?@[]^_{|}~\"", "        s = ''.join(random.sample(selection_range, k=87 + 1))", "        result = return_n_greatest_chars(s)", "        if 'descending' == 'ascending':", "            assert result == sorted(result)", "        else:", ">           assert result == sorted(result, reverse=True)", "E           AssertionError: assert ['~', '}', '|...'Z', 'y', ...] == ['~', '}', '|...'y', 'x', ...]", "E             At index 4 diff: 'Z' != 'y'", "E             Full diff:", "E               [", "E                '~',", "E                '}',", "E                '|',", "E                '{',...", "E             ", "E             ...Full output truncated (109 lines hidden), use '-vv' to show"], "reprfuncargs": {"args": []}, "reprlocals": null, "reprfileloc": {"path": "Q39/command_results_2/Folder_94/tests39_94_2.py", "lineno": 28, "message": "AssertionError"}, "style": "long"}}], "extraline": null, "style": "long"}, {"path": "/data/Benchmark_Command/Q39/command_results_2/Folder_94/tests39_94_2.py", "lineno": 28, "message": "AssertionError: assert ['~', '}', '|...'Z', 'y', ...] == ['~', '}', '|...'y', 'x', ...]\n  At index 4 diff: 'Z' != 'y'\n  Full diff:\n    [\n     '~',\n     '}',\n     '|',\n     '{',...\n  \n  ...Full output truncated (109 lines hidden), use '-vv' to show"}, null]]}, "when": "call", "user_properties": [], "sections": [], "duration": 0.001137184997787699, "start": 1700341701.599973, "stop": 1700341701.601111, "extras": [], "$report_type": "TestReport", "item_index": 2, "worker_id": "gw1", "testrun_uid": "6653d50147f84ab18c8623260f6ad2ee", "node": "<WorkerController gw1>"}
{"exitstatus": 2, "$report_type": "SessionFinish"}
