{"pytest_version": "7.2.2", "$report_type": "SessionStart"}
{"nodeid": "tests37_2_5.py::test_compare_lengths_with_large_string", "location": ["tests37_2_5.py", 22, "test_compare_lengths_with_large_string"], "keywords": {"test_compare_lengths_with_large_string": 1, "tests37_2_5.py": 1, "Folder_2": 1}, "outcome": "passed", "longrepr": null, "when": "setup", "user_properties": [], "sections": [], "duration": 0.00011931799963349476, "$report_type": "TestReport", "item_index": 2, "worker_id": "gw1", "testrun_uid": "4b28d656c179496cad2ab17af267636b", "node": "<WorkerController gw1>"}
{"nodeid": "tests37_2_5.py::test_repeat_char", "location": ["tests37_2_5.py", 5, "test_repeat_char"], "keywords": {"test_repeat_char": 1, "tests37_2_5.py": 1, "Folder_2": 1}, "outcome": "passed", "longrepr": null, "when": "setup", "user_properties": [], "sections": [], "duration": 0.0001415110018569976, "$report_type": "TestReport", "item_index": 0, "worker_id": "gw0", "testrun_uid": "4b28d656c179496cad2ab17af267636b", "node": "<WorkerController gw0>"}
{"nodeid": "tests37_2_5.py::test_repeat_char", "location": ["tests37_2_5.py", 5, "test_repeat_char"], "keywords": {"test_repeat_char": 1, "tests37_2_5.py": 1, "Folder_2": 1}, "outcome": "passed", "longrepr": null, "when": "call", "user_properties": [], "sections": [], "duration": 0.00018704700050875545, "extra": [], "$report_type": "TestReport", "item_index": 0, "worker_id": "gw0", "testrun_uid": "4b28d656c179496cad2ab17af267636b", "node": "<WorkerController gw0>"}
{"nodeid": "tests37_2_5.py::test_repeat_char", "location": ["tests37_2_5.py", 5, "test_repeat_char"], "keywords": {"test_repeat_char": 1, "tests37_2_5.py": 1, "Folder_2": 1}, "outcome": "passed", "longrepr": null, "when": "teardown", "user_properties": [], "sections": [], "duration": 8.614500256953761e-05, "$report_type": "TestReport", "item_index": 0, "worker_id": "gw0", "testrun_uid": "4b28d656c179496cad2ab17af267636b", "node": "<WorkerController gw0>"}
{"nodeid": "tests37_2_5.py::test_property_of_function", "location": ["tests37_2_5.py", 13, "test_property_of_function"], "keywords": {"test_property_of_function": 1, "tests37_2_5.py": 1, "Folder_2": 1}, "outcome": "passed", "longrepr": null, "when": "setup", "user_properties": [], "sections": [], "duration": 9.255700570065528e-05, "$report_type": "TestReport", "item_index": 1, "worker_id": "gw0", "testrun_uid": "4b28d656c179496cad2ab17af267636b", "node": "<WorkerController gw0>"}
{"nodeid": "tests37_2_5.py::test_property_of_function", "location": ["tests37_2_5.py", 13, "test_property_of_function"], "keywords": {"test_property_of_function": 1, "tests37_2_5.py": 1, "Folder_2": 1}, "outcome": "failed", "longrepr": {"reprcrash": {"path": "/home/shahin/Benchmark_Command_T0/Q37/command_results_5/Folder_2/tests37_2_5.py", "lineno": 20, "message": "AssertionError: assert 'V' not in 'VVV'\n  'V' is contained here:\n    VVV\n  ?   +"}, "reprtraceback": {"reprentries": [{"type": "ReprEntry", "data": {"lines": ["    def test_property_of_function():", "        s = ''.join(random.choice(string.ascii_letters) for _ in range(984 * 2))", "        returned_s = filter_chars(s)", "        sliced_s = s[477:984+1]", "        for char in sliced_s:", "            if ',' <= char <= 'V':", ">               assert char not in returned_s", "E               AssertionError: assert 'V' not in 'VVV'", "E                 'V' is contained here:", "E                   VVV", "E                 ?   +"], "reprfuncargs": {"args": []}, "reprlocals": null, "reprfileloc": {"path": "Q37/command_results_5/Folder_2/tests37_2_5.py", "lineno": 20, "message": "AssertionError"}, "style": "long"}}], "extraline": null, "style": "long"}, "sections": [], "chain": [[{"reprentries": [{"type": "ReprEntry", "data": {"lines": ["    def test_property_of_function():", "        s = ''.join(random.choice(string.ascii_letters) for _ in range(984 * 2))", "        returned_s = filter_chars(s)", "        sliced_s = s[477:984+1]", "        for char in sliced_s:", "            if ',' <= char <= 'V':", ">               assert char not in returned_s", "E               AssertionError: assert 'V' not in 'VVV'", "E                 'V' is contained here:", "E                   VVV", "E                 ?   +"], "reprfuncargs": {"args": []}, "reprlocals": null, "reprfileloc": {"path": "Q37/command_results_5/Folder_2/tests37_2_5.py", "lineno": 20, "message": "AssertionError"}, "style": "long"}}], "extraline": null, "style": "long"}, {"path": "/home/shahin/Benchmark_Command_T0/Q37/command_results_5/Folder_2/tests37_2_5.py", "lineno": 20, "message": "AssertionError: assert 'V' not in 'VVV'\n  'V' is contained here:\n    VVV\n  ?   +"}, null]]}, "when": "call", "user_properties": [], "sections": [], "duration": 0.000971626999671571, "extra": [], "$report_type": "TestReport", "item_index": 1, "worker_id": "gw0", "testrun_uid": "4b28d656c179496cad2ab17af267636b", "node": "<WorkerController gw0>"}
{"exitstatus": 2, "$report_type": "SessionFinish"}
