{"pytest_version": "7.2.2", "$report_type": "SessionStart"}
{"nodeid": "tests40_24_3.py::test_if_result_is_sorted", "location": ["tests40_24_3.py", 20, "test_if_result_is_sorted"], "keywords": {"test_if_result_is_sorted": 1, "tests40_24_3.py": 1, "Folder_24": 1}, "outcome": "passed", "longrepr": null, "when": "setup", "user_properties": [], "sections": [], "duration": 0.0001147599978139624, "$report_type": "TestReport", "item_index": 2, "worker_id": "gw1", "testrun_uid": "54b3f1a2b7fe418fa1a2b7a8dad9acef", "node": "<WorkerController gw1>"}
{"nodeid": "tests40_24_3.py::test_strings_of_size_equal_to_32", "location": ["tests40_24_3.py", 5, "test_strings_of_size_equal_to_32"], "keywords": {"test_strings_of_size_equal_to_32": 1, "tests40_24_3.py": 1, "Folder_24": 1}, "outcome": "passed", "longrepr": null, "when": "setup", "user_properties": [], "sections": [], "duration": 0.0001611580009921454, "$report_type": "TestReport", "item_index": 0, "worker_id": "gw0", "testrun_uid": "54b3f1a2b7fe418fa1a2b7a8dad9acef", "node": "<WorkerController gw0>"}
{"nodeid": "tests40_24_3.py::test_strings_of_size_equal_to_32", "location": ["tests40_24_3.py", 5, "test_strings_of_size_equal_to_32"], "keywords": {"test_strings_of_size_equal_to_32": 1, "tests40_24_3.py": 1, "Folder_24": 1}, "outcome": "failed", "longrepr": {"reprcrash": {"path": "/home/shahin/Benchmark_Command_T0/Q40/command_results_3/Folder_24/tests40_24_3.py", "lineno": 12, "message": "AssertionError: assert ['p', 'v', 'i...'w', 'g', ...] == ['~', 'w', 'v...'p', 'n', ...]\n  At index 0 diff: 'p' != '~'\n  Right contains 22 more items, first extra item: 'b'\n  Full diff:\n    [\n  -  '~',\n  ?   ^\n  +  'p',...\n  \n  ...Full output truncated (43 lines hidden), use '-vv' to show"}, "reprtraceback": {"reprentries": [{"type": "ReprEntry", "data": {"lines": ["    def test_strings_of_size_equal_to_32():", "        selection_range = string.ascii_letters + string.digits + ' ' + \"!#$%&()*+,-./:;<=>?@[]^_{|}~\"", "        s = ''.join(random.sample(selection_range, k=32))", "        if 'descending' == 'ascending':", "            assert return_n_smallest_chars(s) == sorted(s)", "        else:", ">           assert return_n_smallest_chars(s) == sorted(s, reverse=True)", "E           AssertionError: assert ['p', 'v', 'i...'w', 'g', ...] == ['~', 'w', 'v...'p', 'n', ...]", "E             At index 0 diff: 'p' != '~'", "E             Right contains 22 more items, first extra item: 'b'", "E             Full diff:", "E               [", "E             -  '~',", "E             ?   ^", "E             +  'p',...", "E             ", "E             ...Full output truncated (43 lines hidden), use '-vv' to show"], "reprfuncargs": {"args": []}, "reprlocals": null, "reprfileloc": {"path": "Q40/command_results_3/Folder_24/tests40_24_3.py", "lineno": 12, "message": "AssertionError"}, "style": "long"}}], "extraline": null, "style": "long"}, "sections": [], "chain": [[{"reprentries": [{"type": "ReprEntry", "data": {"lines": ["    def test_strings_of_size_equal_to_32():", "        selection_range = string.ascii_letters + string.digits + ' ' + \"!#$%&()*+,-./:;<=>?@[]^_{|}~\"", "        s = ''.join(random.sample(selection_range, k=32))", "        if 'descending' == 'ascending':", "            assert return_n_smallest_chars(s) == sorted(s)", "        else:", ">           assert return_n_smallest_chars(s) == sorted(s, reverse=True)", "E           AssertionError: assert ['p', 'v', 'i...'w', 'g', ...] == ['~', 'w', 'v...'p', 'n', ...]", "E             At index 0 diff: 'p' != '~'", "E             Right contains 22 more items, first extra item: 'b'", "E             Full diff:", "E               [", "E             -  '~',", "E             ?   ^", "E             +  'p',...", "E             ", "E             ...Full output truncated (43 lines hidden), use '-vv' to show"], "reprfuncargs": {"args": []}, "reprlocals": null, "reprfileloc": {"path": "Q40/command_results_3/Folder_24/tests40_24_3.py", "lineno": 12, "message": "AssertionError"}, "style": "long"}}], "extraline": null, "style": "long"}, {"path": "/home/shahin/Benchmark_Command_T0/Q40/command_results_3/Folder_24/tests40_24_3.py", "lineno": 12, "message": "AssertionError: assert ['p', 'v', 'i...'w', 'g', ...] == ['~', 'w', 'v...'p', 'n', ...]\n  At index 0 diff: 'p' != '~'\n  Right contains 22 more items, first extra item: 'b'\n  Full diff:\n    [\n  -  '~',\n  ?   ^\n  +  'p',...\n  \n  ...Full output truncated (43 lines hidden), use '-vv' to show"}, null]]}, "when": "call", "user_properties": [], "sections": [], "duration": 0.00075905099947704, "extra": [], "$report_type": "TestReport", "item_index": 0, "worker_id": "gw0", "testrun_uid": "54b3f1a2b7fe418fa1a2b7a8dad9acef", "node": "<WorkerController gw0>"}
{"exitstatus": 2, "$report_type": "SessionFinish"}
