{"pytest_version": "7.2.2", "$report_type": "SessionStart"}
{"nodeid": "tests40_99_3.py::test_strings_of_size_equal_to_35", "location": ["tests40_99_3.py", 5, "test_strings_of_size_equal_to_35"], "keywords": {"test_strings_of_size_equal_to_35": 1, "tests40_99_3.py": 1, "Folder_99": 1}, "outcome": "passed", "longrepr": null, "when": "setup", "user_properties": [], "sections": [], "duration": 0.0001524660001450684, "$report_type": "TestReport", "item_index": 0, "worker_id": "gw0", "testrun_uid": "20e317e5554c441ca037305462bd866a", "node": "<WorkerController gw0>"}
{"nodeid": "tests40_99_3.py::test_if_result_is_sorted", "location": ["tests40_99_3.py", 20, "test_if_result_is_sorted"], "keywords": {"test_if_result_is_sorted": 1, "tests40_99_3.py": 1, "Folder_99": 1}, "outcome": "passed", "longrepr": null, "when": "setup", "user_properties": [], "sections": [], "duration": 0.00015730499944766052, "$report_type": "TestReport", "item_index": 2, "worker_id": "gw1", "testrun_uid": "20e317e5554c441ca037305462bd866a", "node": "<WorkerController gw1>"}
{"nodeid": "tests40_99_3.py::test_strings_of_size_equal_to_35", "location": ["tests40_99_3.py", 5, "test_strings_of_size_equal_to_35"], "keywords": {"test_strings_of_size_equal_to_35": 1, "tests40_99_3.py": 1, "Folder_99": 1}, "outcome": "failed", "longrepr": {"reprcrash": {"path": "/home/shahin/Benchmark_Command/Q40/command_results_3/Folder_99/tests40_99_3.py", "lineno": 12, "message": "AssertionError: assert ['B', 'H', 'N...'S', 'T', ...] == ['~', '}', '{...'v', 'u', ...]\n  At index 0 diff: 'B' != '~'\n  Right contains 18 more items, first extra item: 'S'\n  Full diff:\n    [\n  -  '~',\n  ?   ^\n  +  'B',...\n  \n  ...Full output truncated (56 lines hidden), use '-vv' to show"}, "reprtraceback": {"reprentries": [{"type": "ReprEntry", "data": {"lines": ["    def test_strings_of_size_equal_to_35():", "        selection_range = string.ascii_letters + string.digits + ' ' + \"!#$%&()*+,-./:;<=>?@[]^_{|}~\"", "        s = ''.join(random.sample(selection_range, k=35))", "        if 'descending' == 'ascending':", "            assert return_n_smallest_chars(s) == sorted(s)", "        else:", ">           assert return_n_smallest_chars(s) == sorted(s, reverse=True)", "E           AssertionError: assert ['B', 'H', 'N...'S', 'T', ...] == ['~', '}', '{...'v', 'u', ...]", "E             At index 0 diff: 'B' != '~'", "E             Right contains 18 more items, first extra item: 'S'", "E             Full diff:", "E               [", "E             -  '~',", "E             ?   ^", "E             +  'B',...", "E             ", "E             ...Full output truncated (56 lines hidden), use '-vv' to show"], "reprfuncargs": {"args": []}, "reprlocals": null, "reprfileloc": {"path": "Q40/command_results_3/Folder_99/tests40_99_3.py", "lineno": 12, "message": "AssertionError"}, "style": "long"}}], "extraline": null, "style": "long"}, "sections": [], "chain": [[{"reprentries": [{"type": "ReprEntry", "data": {"lines": ["    def test_strings_of_size_equal_to_35():", "        selection_range = string.ascii_letters + string.digits + ' ' + \"!#$%&()*+,-./:;<=>?@[]^_{|}~\"", "        s = ''.join(random.sample(selection_range, k=35))", "        if 'descending' == 'ascending':", "            assert return_n_smallest_chars(s) == sorted(s)", "        else:", ">           assert return_n_smallest_chars(s) == sorted(s, reverse=True)", "E           AssertionError: assert ['B', 'H', 'N...'S', 'T', ...] == ['~', '}', '{...'v', 'u', ...]", "E             At index 0 diff: 'B' != '~'", "E             Right contains 18 more items, first extra item: 'S'", "E             Full diff:", "E               [", "E             -  '~',", "E             ?   ^", "E             +  'B',...", "E             ", "E             ...Full output truncated (56 lines hidden), use '-vv' to show"], "reprfuncargs": {"args": []}, "reprlocals": null, "reprfileloc": {"path": "Q40/command_results_3/Folder_99/tests40_99_3.py", "lineno": 12, "message": "AssertionError"}, "style": "long"}}], "extraline": null, "style": "long"}, {"path": "/home/shahin/Benchmark_Command/Q40/command_results_3/Folder_99/tests40_99_3.py", "lineno": 12, "message": "AssertionError: assert ['B', 'H', 'N...'S', 'T', ...] == ['~', '}', '{...'v', 'u', ...]\n  At index 0 diff: 'B' != '~'\n  Right contains 18 more items, first extra item: 'S'\n  Full diff:\n    [\n  -  '~',\n  ?   ^\n  +  'B',...\n  \n  ...Full output truncated (56 lines hidden), use '-vv' to show"}, null]]}, "when": "call", "user_properties": [], "sections": [], "duration": 0.0010555699991527945, "extra": [], "$report_type": "TestReport", "item_index": 0, "worker_id": "gw0", "testrun_uid": "20e317e5554c441ca037305462bd866a", "node": "<WorkerController gw0>"}
{"exitstatus": 2, "$report_type": "SessionFinish"}
