{"pytest_version": "7.2.2", "$report_type": "SessionStart"}
{"nodeid": "tests47_67_1.py::test_string_of_distinct_chars", "location": ["tests47_67_1.py", 17, "test_string_of_distinct_chars"], "keywords": {"test_string_of_distinct_chars": 1, "tests47_67_1.py": 1, "Folder_67": 1}, "outcome": "passed", "longrepr": null, "when": "setup", "user_properties": [], "sections": [], "duration": 0.00011757500033127144, "$report_type": "TestReport", "item_index": 2, "worker_id": "gw1", "testrun_uid": "2af5b78df8b64ee9ad9726e2c67e576f", "node": "<WorkerController gw1>"}
{"nodeid": "tests47_67_1.py::test_string_of_similar_chars", "location": ["tests47_67_1.py", 3, "test_string_of_similar_chars"], "keywords": {"test_string_of_similar_chars": 1, "tests47_67_1.py": 1, "Folder_67": 1}, "outcome": "passed", "longrepr": null, "when": "setup", "user_properties": [], "sections": [], "duration": 0.00014179100253386423, "$report_type": "TestReport", "item_index": 0, "worker_id": "gw0", "testrun_uid": "2af5b78df8b64ee9ad9726e2c67e576f", "node": "<WorkerController gw0>"}
{"nodeid": "tests47_67_1.py::test_string_of_similar_chars", "location": ["tests47_67_1.py", 3, "test_string_of_similar_chars"], "keywords": {"test_string_of_similar_chars": 1, "tests47_67_1.py": 1, "Folder_67": 1}, "outcome": "failed", "longrepr": {"reprcrash": {"path": "/home/shahin/Benchmark_Command_T0/Q47/command_results_1/Folder_67/tests47_67_1.py", "lineno": 8, "message": "AssertionError: assert {'aaaaaaaaaaa...aaaaaaaaaaaa'} == {'aaaaaaaaaaa...aaaaaaa', ...}\n  Extra items in the right set:\n  'aaaaaaaaaaaaaaaaaaaaaaaaaaa'\n  'aaaaaaaaaaaaaaaaaaaaaaaaaaaaa'\n  'aaaaaaaaaaaaaaaaaaaaaaaaaaaaaaa'\n  'aaaaaaaaaaaaaaaaaaaaaaaaaaaa'\n  'aaaaaaaaaaaaaaaaaaaaaaaaaaaaaa'\n  'aaaaaaaaaaaaaaaaaaaaaaaaaaaaaaaa'...\n  \n  ...Full output truncated (13 lines hidden), use '-vv' to show"}, "reprtraceback": {"reprentries": [{"type": "ReprEntry", "data": {"lines": ["    def test_string_of_similar_chars():", "        n = max(99, 33)", "        m = min(99 - 65 + 1, 33)", "        s = ''.join('a' for _ in range(n * 2))", ">       assert palindromes_of_specific_lengths(s) == {'a' * i for i in range(26, m + 1)}", "E       AssertionError: assert {'aaaaaaaaaaa...aaaaaaaaaaaa'} == {'aaaaaaaaaaa...aaaaaaa', ...}", "E         Extra items in the right set:", "E         'aaaaaaaaaaaaaaaaaaaaaaaaaaa'", "E         'aaaaaaaaaaaaaaaaaaaaaaaaaaaaa'", "E         'aaaaaaaaaaaaaaaaaaaaaaaaaaaaaaa'", "E         'aaaaaaaaaaaaaaaaaaaaaaaaaaaa'", "E         'aaaaaaaaaaaaaaaaaaaaaaaaaaaaaa'", "E         'aaaaaaaaaaaaaaaaaaaaaaaaaaaaaaaa'...", "E         ", "E         ...Full output truncated (13 lines hidden), use '-vv' to show"], "reprfuncargs": {"args": []}, "reprlocals": null, "reprfileloc": {"path": "Q47/command_results_1/Folder_67/tests47_67_1.py", "lineno": 8, "message": "AssertionError"}, "style": "long"}}], "extraline": null, "style": "long"}, "sections": [], "chain": [[{"reprentries": [{"type": "ReprEntry", "data": {"lines": ["    def test_string_of_similar_chars():", "        n = max(99, 33)", "        m = min(99 - 65 + 1, 33)", "        s = ''.join('a' for _ in range(n * 2))", ">       assert palindromes_of_specific_lengths(s) == {'a' * i for i in range(26, m + 1)}", "E       AssertionError: assert {'aaaaaaaaaaa...aaaaaaaaaaaa'} == {'aaaaaaaaaaa...aaaaaaa', ...}", "E         Extra items in the right set:", "E         'aaaaaaaaaaaaaaaaaaaaaaaaaaa'", "E         'aaaaaaaaaaaaaaaaaaaaaaaaaaaaa'", "E         'aaaaaaaaaaaaaaaaaaaaaaaaaaaaaaa'", "E         'aaaaaaaaaaaaaaaaaaaaaaaaaaaa'", "E         'aaaaaaaaaaaaaaaaaaaaaaaaaaaaaa'", "E         'aaaaaaaaaaaaaaaaaaaaaaaaaaaaaaaa'...", "E         ", "E         ...Full output truncated (13 lines hidden), use '-vv' to show"], "reprfuncargs": {"args": []}, "reprlocals": null, "reprfileloc": {"path": "Q47/command_results_1/Folder_67/tests47_67_1.py", "lineno": 8, "message": "AssertionError"}, "style": "long"}}], "extraline": null, "style": "long"}, {"path": "/home/shahin/Benchmark_Command_T0/Q47/command_results_1/Folder_67/tests47_67_1.py", "lineno": 8, "message": "AssertionError: assert {'aaaaaaaaaaa...aaaaaaaaaaaa'} == {'aaaaaaaaaaa...aaaaaaa', ...}\n  Extra items in the right set:\n  'aaaaaaaaaaaaaaaaaaaaaaaaaaa'\n  'aaaaaaaaaaaaaaaaaaaaaaaaaaaaa'\n  'aaaaaaaaaaaaaaaaaaaaaaaaaaaaaaa'\n  'aaaaaaaaaaaaaaaaaaaaaaaaaaaa'\n  'aaaaaaaaaaaaaaaaaaaaaaaaaaaaaa'\n  'aaaaaaaaaaaaaaaaaaaaaaaaaaaaaaaa'...\n  \n  ...Full output truncated (13 lines hidden), use '-vv' to show"}, null]]}, "when": "call", "user_properties": [], "sections": [], "duration": 0.0005151239965925924, "extra": [], "$report_type": "TestReport", "item_index": 0, "worker_id": "gw0", "testrun_uid": "2af5b78df8b64ee9ad9726e2c67e576f", "node": "<WorkerController gw0>"}
{"exitstatus": 2, "$report_type": "SessionFinish"}
