{"pytest_version": "7.2.2", "$report_type": "SessionStart"}
{"nodeid": "tests26_27_3.py::test_nums", "location": ["tests26_27_3.py", 14, "test_nums"], "keywords": {"test_nums": 1, "tests26_27_3.py": 1, "Folder_27": 1}, "outcome": "passed", "longrepr": null, "when": "setup", "user_properties": [], "sections": [], "duration": 0.00016102200061141048, "$report_type": "TestReport", "item_index": 2, "worker_id": "gw1", "testrun_uid": "8ad46e6638b64027bad2241a73c672df", "node": "<WorkerController gw1>"}
{"nodeid": "tests26_27_3.py::test_range_of_given_arguments", "location": ["tests26_27_3.py", 4, "test_range_of_given_arguments"], "keywords": {"test_range_of_given_arguments": 1, "tests26_27_3.py": 1, "Folder_27": 1}, "outcome": "passed", "longrepr": null, "when": "setup", "user_properties": [], "sections": [], "duration": 0.0001953369992406806, "$report_type": "TestReport", "item_index": 0, "worker_id": "gw0", "testrun_uid": "8ad46e6638b64027bad2241a73c672df", "node": "<WorkerController gw0>"}
{"nodeid": "tests26_27_3.py::test_range_of_given_arguments", "location": ["tests26_27_3.py", 4, "test_range_of_given_arguments"], "keywords": {"test_range_of_given_arguments": 1, "tests26_27_3.py": 1, "Folder_27": 1}, "outcome": "failed", "longrepr": {"reprcrash": {"path": "/home/shahin/Benchmark_Command/Q26/command_results_3/Folder_27/tests26_27_3.py", "lineno": 7, "message": "assert 0 == 2672\n +  where 0 = sum_in_range([68, 69, 70, 71, 72, 73, ...])\n +  and   2672 = sum([68, 69, 70, 71, 72, 73, ...])"}, "reprtraceback": {"reprentries": [{"type": "ReprEntry", "data": {"lines": ["    def test_range_of_given_arguments():", "        initial_list = list(range(68, 99 + 1))", ">       assert sum_in_range(initial_list) == sum(initial_list)", "E       assert 0 == 2672", "E        +  where 0 = sum_in_range([68, 69, 70, 71, 72, 73, ...])", "E        +  and   2672 = sum([68, 69, 70, 71, 72, 73, ...])"], "reprfuncargs": {"args": []}, "reprlocals": null, "reprfileloc": {"path": "Q26/command_results_3/Folder_27/tests26_27_3.py", "lineno": 7, "message": "AssertionError"}, "style": "long"}}], "extraline": null, "style": "long"}, "sections": [], "chain": [[{"reprentries": [{"type": "ReprEntry", "data": {"lines": ["    def test_range_of_given_arguments():", "        initial_list = list(range(68, 99 + 1))", ">       assert sum_in_range(initial_list) == sum(initial_list)", "E       assert 0 == 2672", "E        +  where 0 = sum_in_range([68, 69, 70, 71, 72, 73, ...])", "E        +  and   2672 = sum([68, 69, 70, 71, 72, 73, ...])"], "reprfuncargs": {"args": []}, "reprlocals": null, "reprfileloc": {"path": "Q26/command_results_3/Folder_27/tests26_27_3.py", "lineno": 7, "message": "AssertionError"}, "style": "long"}}], "extraline": null, "style": "long"}, {"path": "/home/shahin/Benchmark_Command/Q26/command_results_3/Folder_27/tests26_27_3.py", "lineno": 7, "message": "assert 0 == 2672\n +  where 0 = sum_in_range([68, 69, 70, 71, 72, 73, ...])\n +  and   2672 = sum([68, 69, 70, 71, 72, 73, ...])"}, null]]}, "when": "call", "user_properties": [], "sections": [], "duration": 0.00033706199974403717, "extra": [], "$report_type": "TestReport", "item_index": 0, "worker_id": "gw0", "testrun_uid": "8ad46e6638b64027bad2241a73c672df", "node": "<WorkerController gw0>"}
{"exitstatus": 2, "$report_type": "SessionFinish"}
