{"pytest_version": "7.4.3", "$report_type": "SessionStart"}
{"nodeid": "tests39_31_4.py::test_if_result_is_sorted", "location": ["tests39_31_4.py", 20, "test_if_result_is_sorted"], "keywords": {"test_if_result_is_sorted": 1, "tests39_31_4.py": 1, "Folder_31": 1}, "outcome": "passed", "longrepr": null, "when": "setup", "user_properties": [], "sections": [], "duration": 0.00011154398089274764, "start": 1700341821.7087512, "stop": 1700341821.7088633, "$report_type": "TestReport", "item_index": 2, "worker_id": "gw1", "testrun_uid": "e0a43ccdf6db460589e4809c7fb84f40", "node": "<WorkerController gw1>"}
{"nodeid": "tests39_31_4.py::test_strings_of_size_equal_to_70", "location": ["tests39_31_4.py", 5, "test_strings_of_size_equal_to_70"], "keywords": {"test_strings_of_size_equal_to_70": 1, "tests39_31_4.py": 1, "Folder_31": 1}, "outcome": "passed", "longrepr": null, "when": "setup", "user_properties": [], "sections": [], "duration": 0.0001242560101673007, "start": 1700341821.7087975, "stop": 1700341821.7089224, "$report_type": "TestReport", "item_index": 0, "worker_id": "gw0", "testrun_uid": "e0a43ccdf6db460589e4809c7fb84f40", "node": "<WorkerController gw0>"}
{"nodeid": "tests39_31_4.py::test_if_result_is_sorted", "location": ["tests39_31_4.py", 20, "test_if_result_is_sorted"], "keywords": {"test_if_result_is_sorted": 1, "tests39_31_4.py": 1, "Folder_31": 1}, "outcome": "failed", "longrepr": {"reprcrash": {"path": "/data/Benchmark_Command/Q39/command_results_4/Folder_31/tests39_31_4.py", "lineno": 28, "message": "AssertionError: assert ['}', '|', '{...'Y', 'X', ...] == ['}', '|', '{...'w', 'u', ...]\n  At index 3 diff: 'Z' != 'x'\n  Full diff:\n    [\n     '}',\n     '|',\n     '{',\n  +  'Z',...\n  \n  ...Full output truncated (89 lines hidden), use '-vv' to show"}, "reprtraceback": {"reprentries": [{"type": "ReprEntry", "data": {"lines": ["    def test_if_result_is_sorted():", "        selection_range = string.ascii_letters + string.digits + ' ' + \"!#$%&()*+,-./:;<=>?@[]^_{|}~\"", "        s = ''.join(random.sample(selection_range, k=70 + 1))", "        result = return_n_greatest_chars(s)", "        if 'descending' == 'ascending':", "            assert result == sorted(result)", "        else:", ">           assert result == sorted(result, reverse=True)", "E           AssertionError: assert ['}', '|', '{...'Y', 'X', ...] == ['}', '|', '{...'w', 'u', ...]", "E             At index 3 diff: 'Z' != 'x'", "E             Full diff:", "E               [", "E                '}',", "E                '|',", "E                '{',", "E             +  'Z',...", "E             ", "E             ...Full output truncated (89 lines hidden), use '-vv' to show"], "reprfuncargs": {"args": []}, "reprlocals": null, "reprfileloc": {"path": "Q39/command_results_4/Folder_31/tests39_31_4.py", "lineno": 28, "message": "AssertionError"}, "style": "long"}}], "extraline": null, "style": "long"}, "sections": [], "chain": [[{"reprentries": [{"type": "ReprEntry", "data": {"lines": ["    def test_if_result_is_sorted():", "        selection_range = string.ascii_letters + string.digits + ' ' + \"!#$%&()*+,-./:;<=>?@[]^_{|}~\"", "        s = ''.join(random.sample(selection_range, k=70 + 1))", "        result = return_n_greatest_chars(s)", "        if 'descending' == 'ascending':", "            assert result == sorted(result)", "        else:", ">           assert result == sorted(result, reverse=True)", "E           AssertionError: assert ['}', '|', '{...'Y', 'X', ...] == ['}', '|', '{...'w', 'u', ...]", "E             At index 3 diff: 'Z' != 'x'", "E             Full diff:", "E               [", "E                '}',", "E                '|',", "E                '{',", "E             +  'Z',...", "E             ", "E             ...Full output truncated (89 lines hidden), use '-vv' to show"], "reprfuncargs": {"args": []}, "reprlocals": null, "reprfileloc": {"path": "Q39/command_results_4/Folder_31/tests39_31_4.py", "lineno": 28, "message": "AssertionError"}, "style": "long"}}], "extraline": null, "style": "long"}, {"path": "/data/Benchmark_Command/Q39/command_results_4/Folder_31/tests39_31_4.py", "lineno": 28, "message": "AssertionError: assert ['}', '|', '{...'Y', 'X', ...] == ['}', '|', '{...'w', 'u', ...]\n  At index 3 diff: 'Z' != 'x'\n  Full diff:\n    [\n     '}',\n     '|',\n     '{',\n  +  'Z',...\n  \n  ...Full output truncated (89 lines hidden), use '-vv' to show"}, null]]}, "when": "call", "user_properties": [], "sections": [], "duration": 0.0006471829838119447, "start": 1700341821.7090476, "stop": 1700341821.7096953, "extras": [], "$report_type": "TestReport", "item_index": 2, "worker_id": "gw1", "testrun_uid": "e0a43ccdf6db460589e4809c7fb84f40", "node": "<WorkerController gw1>"}
{"exitstatus": 2, "$report_type": "SessionFinish"}
