{"pytest_version": "7.2.2", "$report_type": "SessionStart"}
{"nodeid": "tests3_22_1.py::test_even_range", "location": ["tests3_22_1.py", 15, "test_even_range"], "keywords": {"test_even_range": 1, "tests3_22_1.py": 1, "Folder_22": 1}, "outcome": "passed", "longrepr": null, "when": "setup", "user_properties": [], "sections": [], "duration": 0.00012876200025857543, "$report_type": "TestReport", "item_index": 2, "worker_id": "gw1", "testrun_uid": "9817a488a88044bc952f1c3d1310ea40", "node": "<WorkerController gw1>"}
{"nodeid": "tests3_22_1.py::test_large_range", "location": ["tests3_22_1.py", 3, "test_large_range"], "keywords": {"test_large_range": 1, "tests3_22_1.py": 1, "Folder_22": 1}, "outcome": "passed", "longrepr": null, "when": "setup", "user_properties": [], "sections": [], "duration": 0.00016343700008292217, "$report_type": "TestReport", "item_index": 0, "worker_id": "gw0", "testrun_uid": "9817a488a88044bc952f1c3d1310ea40", "node": "<WorkerController gw0>"}
{"nodeid": "tests3_22_1.py::test_even_range", "location": ["tests3_22_1.py", 15, "test_even_range"], "keywords": {"test_even_range": 1, "tests3_22_1.py": 1, "Folder_22": 1}, "outcome": "failed", "longrepr": {"reprcrash": {"path": "/home/shahin/Benchmark_Command/Q3/command_results_1/Folder_22/tests3_22_1.py", "lineno": 19, "message": "AssertionError: assert [82, 84, 86, 88, 90, 92, ...] == [82, 84, 86, 88, 90, 92, ...]\n  Right contains one more item: 402\n  Full diff:\n    [\n     82,\n     84,\n     86,\n     88,...\n  \n  ...Full output truncated (159 lines hidden), use '-vv' to show"}, "reprtraceback": {"reprentries": [{"type": "ReprEntry", "data": {"lines": ["    def test_even_range():", "        even_list = [2 * i for i in range(1, 200 + 2)]", "        expected_list = even_list[40:200 + 1]", ">       assert all_pos_ints_inclusive(even_list) == expected_list", "E       AssertionError: assert [82, 84, 86, 88, 90, 92, ...] == [82, 84, 86, 88, 90, 92, ...]", "E         Right contains one more item: 402", "E         Full diff:", "E           [", "E            82,", "E            84,", "E            86,", "E            88,...", "E         ", "E         ...Full output truncated (159 lines hidden), use '-vv' to show"], "reprfuncargs": {"args": []}, "reprlocals": null, "reprfileloc": {"path": "Q3/command_results_1/Folder_22/tests3_22_1.py", "lineno": 19, "message": "AssertionError"}, "style": "long"}}], "extraline": null, "style": "long"}, "sections": [], "chain": [[{"reprentries": [{"type": "ReprEntry", "data": {"lines": ["    def test_even_range():", "        even_list = [2 * i for i in range(1, 200 + 2)]", "        expected_list = even_list[40:200 + 1]", ">       assert all_pos_ints_inclusive(even_list) == expected_list", "E       AssertionError: assert [82, 84, 86, 88, 90, 92, ...] == [82, 84, 86, 88, 90, 92, ...]", "E         Right contains one more item: 402", "E         Full diff:", "E           [", "E            82,", "E            84,", "E            86,", "E            88,...", "E         ", "E         ...Full output truncated (159 lines hidden), use '-vv' to show"], "reprfuncargs": {"args": []}, "reprlocals": null, "reprfileloc": {"path": "Q3/command_results_1/Folder_22/tests3_22_1.py", "lineno": 19, "message": "AssertionError"}, "style": "long"}}], "extraline": null, "style": "long"}, {"path": "/home/shahin/Benchmark_Command/Q3/command_results_1/Folder_22/tests3_22_1.py", "lineno": 19, "message": "AssertionError: assert [82, 84, 86, 88, 90, 92, ...] == [82, 84, 86, 88, 90, 92, ...]\n  Right contains one more item: 402\n  Full diff:\n    [\n     82,\n     84,\n     86,\n     88,...\n  \n  ...Full output truncated (159 lines hidden), use '-vv' to show"}, null]]}, "when": "call", "user_properties": [], "sections": [], "duration": 0.001406907999808027, "extra": [], "$report_type": "TestReport", "item_index": 2, "worker_id": "gw1", "testrun_uid": "9817a488a88044bc952f1c3d1310ea40", "node": "<WorkerController gw1>"}
{"exitstatus": 2, "$report_type": "SessionFinish"}
