{"pytest_version": "7.2.2", "$report_type": "SessionStart"}
{"nodeid": "tests40_43_3.py::test_strings_of_size_equal_to_56", "location": ["tests40_43_3.py", 5, "test_strings_of_size_equal_to_56"], "keywords": {"test_strings_of_size_equal_to_56": 1, "tests40_43_3.py": 1, "Folder_43": 1}, "outcome": "passed", "longrepr": null, "when": "setup", "user_properties": [], "sections": [], "duration": 0.00012272399908397347, "$report_type": "TestReport", "item_index": 0, "worker_id": "gw0", "testrun_uid": "ac8dae59e1ae42298a9b3acdda81ab40", "node": "<WorkerController gw0>"}
{"nodeid": "tests40_43_3.py::test_if_result_is_sorted", "location": ["tests40_43_3.py", 20, "test_if_result_is_sorted"], "keywords": {"test_if_result_is_sorted": 1, "tests40_43_3.py": 1, "Folder_43": 1}, "outcome": "passed", "longrepr": null, "when": "setup", "user_properties": [], "sections": [], "duration": 0.00011893700138898566, "$report_type": "TestReport", "item_index": 2, "worker_id": "gw1", "testrun_uid": "ac8dae59e1ae42298a9b3acdda81ab40", "node": "<WorkerController gw1>"}
{"nodeid": "tests40_43_3.py::test_strings_of_size_equal_to_56", "location": ["tests40_43_3.py", 5, "test_strings_of_size_equal_to_56"], "keywords": {"test_strings_of_size_equal_to_56": 1, "tests40_43_3.py": 1, "Folder_43": 1}, "outcome": "failed", "longrepr": {"reprcrash": {"path": "/home/shahin/Benchmark_Command_T0/Q40/command_results_3/Folder_43/tests40_43_3.py", "lineno": 12, "message": "AssertionError: assert ['u', 'p', 'w...'r', 'b', ...] == ['}', '|', '{...'y', 'w', ...]\n  At index 0 diff: 'u' != '}'\n  Right contains 39 more items, first extra item: 'c'\n  Full diff:\n    [\n  -  '}',\n  ?   ^\n  +  'u',...\n  \n  ...Full output truncated (81 lines hidden), use '-vv' to show"}, "reprtraceback": {"reprentries": [{"type": "ReprEntry", "data": {"lines": ["    def test_strings_of_size_equal_to_56():", "        selection_range = string.ascii_letters + string.digits + ' ' + \"!#$%&()*+,-./:;<=>?@[]^_{|}~\"", "        s = ''.join(random.sample(selection_range, k=56))", "        if 'descending' == 'ascending':", "            assert return_n_smallest_chars(s) == sorted(s)", "        else:", ">           assert return_n_smallest_chars(s) == sorted(s, reverse=True)", "E           AssertionError: assert ['u', 'p', 'w...'r', 'b', ...] == ['}', '|', '{...'y', 'w', ...]", "E             At index 0 diff: 'u' != '}'", "E             Right contains 39 more items, first extra item: 'c'", "E             Full diff:", "E               [", "E             -  '}',", "E             ?   ^", "E             +  'u',...", "E             ", "E             ...Full output truncated (81 lines hidden), use '-vv' to show"], "reprfuncargs": {"args": []}, "reprlocals": null, "reprfileloc": {"path": "Q40/command_results_3/Folder_43/tests40_43_3.py", "lineno": 12, "message": "AssertionError"}, "style": "long"}}], "extraline": null, "style": "long"}, "sections": [], "chain": [[{"reprentries": [{"type": "ReprEntry", "data": {"lines": ["    def test_strings_of_size_equal_to_56():", "        selection_range = string.ascii_letters + string.digits + ' ' + \"!#$%&()*+,-./:;<=>?@[]^_{|}~\"", "        s = ''.join(random.sample(selection_range, k=56))", "        if 'descending' == 'ascending':", "            assert return_n_smallest_chars(s) == sorted(s)", "        else:", ">           assert return_n_smallest_chars(s) == sorted(s, reverse=True)", "E           AssertionError: assert ['u', 'p', 'w...'r', 'b', ...] == ['}', '|', '{...'y', 'w', ...]", "E             At index 0 diff: 'u' != '}'", "E             Right contains 39 more items, first extra item: 'c'", "E             Full diff:", "E               [", "E             -  '}',", "E             ?   ^", "E             +  'u',...", "E             ", "E             ...Full output truncated (81 lines hidden), use '-vv' to show"], "reprfuncargs": {"args": []}, "reprlocals": null, "reprfileloc": {"path": "Q40/command_results_3/Folder_43/tests40_43_3.py", "lineno": 12, "message": "AssertionError"}, "style": "long"}}], "extraline": null, "style": "long"}, {"path": "/home/shahin/Benchmark_Command_T0/Q40/command_results_3/Folder_43/tests40_43_3.py", "lineno": 12, "message": "AssertionError: assert ['u', 'p', 'w...'r', 'b', ...] == ['}', '|', '{...'y', 'w', ...]\n  At index 0 diff: 'u' != '}'\n  Right contains 39 more items, first extra item: 'c'\n  Full diff:\n    [\n  -  '}',\n  ?   ^\n  +  'u',...\n  \n  ...Full output truncated (81 lines hidden), use '-vv' to show"}, null]]}, "when": "call", "user_properties": [], "sections": [], "duration": 0.0014512039997498505, "extra": [], "$report_type": "TestReport", "item_index": 0, "worker_id": "gw0", "testrun_uid": "ac8dae59e1ae42298a9b3acdda81ab40", "node": "<WorkerController gw0>"}
{"exitstatus": 2, "$report_type": "SessionFinish"}
