{"pytest_version": "7.2.2", "$report_type": "SessionStart"}
{"nodeid": "tests9_7_3.py::test_odd_range", "location": ["tests9_7_3.py", 3, "test_odd_range"], "keywords": {"test_odd_range": 1, "tests9_7_3.py": 1, "Folder_7": 1}, "outcome": "passed", "longrepr": null, "when": "setup", "user_properties": [], "sections": [], "duration": 0.00017753900465322658, "$report_type": "TestReport", "item_index": 0, "worker_id": "gw0", "testrun_uid": "ba7af084cb764e439a3d2b5841ed7b51", "node": "<WorkerController gw0>"}
{"nodeid": "tests9_7_3.py::test_all_zero_range", "location": ["tests9_7_3.py", 14, "test_all_zero_range"], "keywords": {"test_all_zero_range": 1, "tests9_7_3.py": 1, "Folder_7": 1}, "outcome": "passed", "longrepr": null, "when": "setup", "user_properties": [], "sections": [], "duration": 0.00022317700495477766, "$report_type": "TestReport", "item_index": 2, "worker_id": "gw1", "testrun_uid": "ba7af084cb764e439a3d2b5841ed7b51", "node": "<WorkerController gw1>"}
{"nodeid": "tests9_7_3.py::test_all_zero_range", "location": ["tests9_7_3.py", 14, "test_all_zero_range"], "keywords": {"test_all_zero_range": 1, "tests9_7_3.py": 1, "Folder_7": 1}, "outcome": "failed", "longrepr": {"reprcrash": {"path": "/home/shahin/Benchmark_Command_T0/Q9/command_results_3/Folder_7/tests9_7_3.py", "lineno": 17, "message": "AssertionError: assert [661, 663, 66...669, 671, ...] == []\n  Left contains 132 more items, first extra item: 661\n  Full diff:\n    [\n  -  ,\n  +  661,\n  +  663,\n  +  665,...\n  \n  ...Full output truncated (131 lines hidden), use '-vv' to show"}, "reprtraceback": {"reprentries": [{"type": "ReprEntry", "data": {"lines": ["    def test_all_zero_range():", "        zero_list = [0 for _ in range(0,924 * 5)]", ">       assert all_odd_ints_inclusive(zero_list) == []", "E       AssertionError: assert [661, 663, 66...669, 671, ...] == []", "E         Left contains 132 more items, first extra item: 661", "E         Full diff:", "E           [", "E         -  ,", "E         +  661,", "E         +  663,", "E         +  665,...", "E         ", "E         ...Full output truncated (131 lines hidden), use '-vv' to show"], "reprfuncargs": {"args": []}, "reprlocals": null, "reprfileloc": {"path": "Q9/command_results_3/Folder_7/tests9_7_3.py", "lineno": 17, "message": "AssertionError"}, "style": "long"}}], "extraline": null, "style": "long"}, "sections": [], "chain": [[{"reprentries": [{"type": "ReprEntry", "data": {"lines": ["    def test_all_zero_range():", "        zero_list = [0 for _ in range(0,924 * 5)]", ">       assert all_odd_ints_inclusive(zero_list) == []", "E       AssertionError: assert [661, 663, 66...669, 671, ...] == []", "E         Left contains 132 more items, first extra item: 661", "E         Full diff:", "E           [", "E         -  ,", "E         +  661,", "E         +  663,", "E         +  665,...", "E         ", "E         ...Full output truncated (131 lines hidden), use '-vv' to show"], "reprfuncargs": {"args": []}, "reprlocals": null, "reprfileloc": {"path": "Q9/command_results_3/Folder_7/tests9_7_3.py", "lineno": 17, "message": "AssertionError"}, "style": "long"}}], "extraline": null, "style": "long"}, {"path": "/home/shahin/Benchmark_Command_T0/Q9/command_results_3/Folder_7/tests9_7_3.py", "lineno": 17, "message": "AssertionError: assert [661, 663, 66...669, 671, ...] == []\n  Left contains 132 more items, first extra item: 661\n  Full diff:\n    [\n  -  ,\n  +  661,\n  +  663,\n  +  665,...\n  \n  ...Full output truncated (131 lines hidden), use '-vv' to show"}, null]]}, "when": "call", "user_properties": [], "sections": [], "duration": 0.0011596269978326745, "extra": [], "$report_type": "TestReport", "item_index": 2, "worker_id": "gw1", "testrun_uid": "ba7af084cb764e439a3d2b5841ed7b51", "node": "<WorkerController gw1>"}
{"exitstatus": 2, "$report_type": "SessionFinish"}
