{"pytest_version": "7.4.3", "$report_type": "SessionStart"}
{"nodeid": "tests39_65_2.py::test_strings_of_size_equal_to_27", "location": ["tests39_65_2.py", 5, "test_strings_of_size_equal_to_27"], "keywords": {"test_strings_of_size_equal_to_27": 1, "tests39_65_2.py": 1, "Folder_65": 1}, "outcome": "passed", "longrepr": null, "when": "setup", "user_properties": [], "sections": [], "duration": 0.00011224500485695899, "start": 1700341679.9500532, "stop": 1700341679.9501657, "$report_type": "TestReport", "item_index": 0, "worker_id": "gw0", "testrun_uid": "544c508a10fd41509e1d6ab11a2d835d", "node": "<WorkerController gw0>"}
{"nodeid": "tests39_65_2.py::test_if_result_is_sorted", "location": ["tests39_65_2.py", 20, "test_if_result_is_sorted"], "keywords": {"test_if_result_is_sorted": 1, "tests39_65_2.py": 1, "Folder_65": 1}, "outcome": "passed", "longrepr": null, "when": "setup", "user_properties": [], "sections": [], "duration": 8.866700227372348e-05, "start": 1700341679.9498909, "stop": 1700341679.94998, "$report_type": "TestReport", "item_index": 2, "worker_id": "gw1", "testrun_uid": "544c508a10fd41509e1d6ab11a2d835d", "node": "<WorkerController gw1>"}
{"nodeid": "tests39_65_2.py::test_if_result_is_sorted", "location": ["tests39_65_2.py", 20, "test_if_result_is_sorted"], "keywords": {"test_if_result_is_sorted": 1, "tests39_65_2.py": 1, "Folder_65": 1}, "outcome": "failed", "longrepr": {"reprcrash": {"path": "/data/Benchmark_Command/Q39/command_results_2/Folder_65/tests39_65_2.py", "lineno": 28, "message": "AssertionError: assert ['~', 'Z', 'Y...'v', 'U', ...] == ['~', 'v', 'o...'h', 'g', ...]\n  At index 1 diff: 'Z' != 'v'\n  Full diff:\n    [\n     '~',\n  +  'Z',\n  +  'Y',\n  +  'W',...\n  \n  ...Full output truncated (33 lines hidden), use '-vv' to show"}, "reprtraceback": {"reprentries": [{"type": "ReprEntry", "data": {"lines": ["    def test_if_result_is_sorted():", "        selection_range = string.ascii_letters + string.digits + ' ' + \"!#$%&()*+,-./:;<=>?@[]^_{|}~\"", "        s = ''.join(random.sample(selection_range, k=27 + 1))", "        result = return_n_greatest_chars(s)", "        if 'descending' == 'ascending':", "            assert result == sorted(result)", "        else:", ">           assert result == sorted(result, reverse=True)", "E           AssertionError: assert ['~', 'Z', 'Y...'v', 'U', ...] == ['~', 'v', 'o...'h', 'g', ...]", "E             At index 1 diff: 'Z' != 'v'", "E             Full diff:", "E               [", "E                '~',", "E             +  'Z',", "E             +  'Y',", "E             +  'W',...", "E             ", "E             ...Full output truncated (33 lines hidden), use '-vv' to show"], "reprfuncargs": {"args": []}, "reprlocals": null, "reprfileloc": {"path": "Q39/command_results_2/Folder_65/tests39_65_2.py", "lineno": 28, "message": "AssertionError"}, "style": "long"}}], "extraline": null, "style": "long"}, "sections": [], "chain": [[{"reprentries": [{"type": "ReprEntry", "data": {"lines": ["    def test_if_result_is_sorted():", "        selection_range = string.ascii_letters + string.digits + ' ' + \"!#$%&()*+,-./:;<=>?@[]^_{|}~\"", "        s = ''.join(random.sample(selection_range, k=27 + 1))", "        result = return_n_greatest_chars(s)", "        if 'descending' == 'ascending':", "            assert result == sorted(result)", "        else:", ">           assert result == sorted(result, reverse=True)", "E           AssertionError: assert ['~', 'Z', 'Y...'v', 'U', ...] == ['~', 'v', 'o...'h', 'g', ...]", "E             At index 1 diff: 'Z' != 'v'", "E             Full diff:", "E               [", "E                '~',", "E             +  'Z',", "E             +  'Y',", "E             +  'W',...", "E             ", "E             ...Full output truncated (33 lines hidden), use '-vv' to show"], "reprfuncargs": {"args": []}, "reprlocals": null, "reprfileloc": {"path": "Q39/command_results_2/Folder_65/tests39_65_2.py", "lineno": 28, "message": "AssertionError"}, "style": "long"}}], "extraline": null, "style": "long"}, {"path": "/data/Benchmark_Command/Q39/command_results_2/Folder_65/tests39_65_2.py", "lineno": 28, "message": "AssertionError: assert ['~', 'Z', 'Y...'v', 'U', ...] == ['~', 'v', 'o...'h', 'g', ...]\n  At index 1 diff: 'Z' != 'v'\n  Full diff:\n    [\n     '~',\n  +  'Z',\n  +  'Y',\n  +  'W',...\n  \n  ...Full output truncated (33 lines hidden), use '-vv' to show"}, null]]}, "when": "call", "user_properties": [], "sections": [], "duration": 0.00036651399568654597, "start": 1700341679.9501557, "stop": 1700341679.950523, "extras": [], "$report_type": "TestReport", "item_index": 2, "worker_id": "gw1", "testrun_uid": "544c508a10fd41509e1d6ab11a2d835d", "node": "<WorkerController gw1>"}
{"exitstatus": 2, "$report_type": "SessionFinish"}
