{"pytest_version": "7.2.2", "$report_type": "SessionStart"}
{"nodeid": "tests40_21_5.py::test_strings_of_size_equal_to_44", "location": ["tests40_21_5.py", 5, "test_strings_of_size_equal_to_44"], "keywords": {"test_strings_of_size_equal_to_44": 1, "tests40_21_5.py": 1, "Folder_21": 1}, "outcome": "passed", "longrepr": null, "when": "setup", "user_properties": [], "sections": [], "duration": 0.0001504419997218065, "$report_type": "TestReport", "item_index": 0, "worker_id": "gw0", "testrun_uid": "f50f533f974d48bd9e4dbad8f17fc9df", "node": "<WorkerController gw0>"}
{"nodeid": "tests40_21_5.py::test_if_result_is_sorted", "location": ["tests40_21_5.py", 20, "test_if_result_is_sorted"], "keywords": {"test_if_result_is_sorted": 1, "tests40_21_5.py": 1, "Folder_21": 1}, "outcome": "passed", "longrepr": null, "when": "setup", "user_properties": [], "sections": [], "duration": 0.00016834599955473095, "$report_type": "TestReport", "item_index": 2, "worker_id": "gw1", "testrun_uid": "f50f533f974d48bd9e4dbad8f17fc9df", "node": "<WorkerController gw1>"}
{"nodeid": "tests40_21_5.py::test_strings_of_size_equal_to_44", "location": ["tests40_21_5.py", 5, "test_strings_of_size_equal_to_44"], "keywords": {"test_strings_of_size_equal_to_44": 1, "tests40_21_5.py": 1, "Folder_21": 1}, "outcome": "failed", "longrepr": {"reprcrash": {"path": "/home/shahin/Benchmark_Command/Q40/command_results_5/Folder_21/tests40_21_5.py", "lineno": 12, "message": "AssertionError: assert ['a', 'c', 'd...'f', 'g', ...] == ['}', '{', 'x...'t', 's', ...]\n  At index 0 diff: 'a' != '}'\n  Right contains 29 more items, first extra item: 'c'\n  Full diff:\n    [\n  -  '}',\n  ?   ^\n  +  'a',...\n  \n  ...Full output truncated (61 lines hidden), use '-vv' to show"}, "reprtraceback": {"reprentries": [{"type": "ReprEntry", "data": {"lines": ["    def test_strings_of_size_equal_to_44():", "        selection_range = string.ascii_letters + string.digits + ' ' + \"!#$%&()*+,-./:;<=>?@[]^_{|}~\"", "        s = ''.join(random.sample(selection_range, k=44))", "        if 'descending' == 'ascending':", "            assert return_n_smallest_chars(s) == sorted(s)", "        else:", ">           assert return_n_smallest_chars(s) == sorted(s, reverse=True)", "E           AssertionError: assert ['a', 'c', 'd...'f', 'g', ...] == ['}', '{', 'x...'t', 's', ...]", "E             At index 0 diff: 'a' != '}'", "E             Right contains 29 more items, first extra item: 'c'", "E             Full diff:", "E               [", "E             -  '}',", "E             ?   ^", "E             +  'a',...", "E             ", "E             ...Full output truncated (61 lines hidden), use '-vv' to show"], "reprfuncargs": {"args": []}, "reprlocals": null, "reprfileloc": {"path": "Q40/command_results_5/Folder_21/tests40_21_5.py", "lineno": 12, "message": "AssertionError"}, "style": "long"}}], "extraline": null, "style": "long"}, "sections": [], "chain": [[{"reprentries": [{"type": "ReprEntry", "data": {"lines": ["    def test_strings_of_size_equal_to_44():", "        selection_range = string.ascii_letters + string.digits + ' ' + \"!#$%&()*+,-./:;<=>?@[]^_{|}~\"", "        s = ''.join(random.sample(selection_range, k=44))", "        if 'descending' == 'ascending':", "            assert return_n_smallest_chars(s) == sorted(s)", "        else:", ">           assert return_n_smallest_chars(s) == sorted(s, reverse=True)", "E           AssertionError: assert ['a', 'c', 'd...'f', 'g', ...] == ['}', '{', 'x...'t', 's', ...]", "E             At index 0 diff: 'a' != '}'", "E             Right contains 29 more items, first extra item: 'c'", "E             Full diff:", "E               [", "E             -  '}',", "E             ?   ^", "E             +  'a',...", "E             ", "E             ...Full output truncated (61 lines hidden), use '-vv' to show"], "reprfuncargs": {"args": []}, "reprlocals": null, "reprfileloc": {"path": "Q40/command_results_5/Folder_21/tests40_21_5.py", "lineno": 12, "message": "AssertionError"}, "style": "long"}}], "extraline": null, "style": "long"}, {"path": "/home/shahin/Benchmark_Command/Q40/command_results_5/Folder_21/tests40_21_5.py", "lineno": 12, "message": "AssertionError: assert ['a', 'c', 'd...'f', 'g', ...] == ['}', '{', 'x...'t', 's', ...]\n  At index 0 diff: 'a' != '}'\n  Right contains 29 more items, first extra item: 'c'\n  Full diff:\n    [\n  -  '}',\n  ?   ^\n  +  'a',...\n  \n  ...Full output truncated (61 lines hidden), use '-vv' to show"}, null]]}, "when": "call", "user_properties": [], "sections": [], "duration": 0.0009032740017573815, "extra": [], "$report_type": "TestReport", "item_index": 0, "worker_id": "gw0", "testrun_uid": "f50f533f974d48bd9e4dbad8f17fc9df", "node": "<WorkerController gw0>"}
{"exitstatus": 2, "$report_type": "SessionFinish"}
