{"pytest_version": "7.2.2", "$report_type": "SessionStart"}
{"nodeid": "tests40_65_4.py::test_if_result_is_sorted", "location": ["tests40_65_4.py", 20, "test_if_result_is_sorted"], "keywords": {"test_if_result_is_sorted": 1, "tests40_65_4.py": 1, "Folder_65": 1}, "outcome": "passed", "longrepr": null, "when": "setup", "user_properties": [], "sections": [], "duration": 0.00011359700147295371, "$report_type": "TestReport", "item_index": 2, "worker_id": "gw1", "testrun_uid": "d6bb9671ea2c4f32898e5d1c863e6787", "node": "<WorkerController gw1>"}
{"nodeid": "tests40_65_4.py::test_strings_of_size_equal_to_27", "location": ["tests40_65_4.py", 5, "test_strings_of_size_equal_to_27"], "keywords": {"test_strings_of_size_equal_to_27": 1, "tests40_65_4.py": 1, "Folder_65": 1}, "outcome": "passed", "longrepr": null, "when": "setup", "user_properties": [], "sections": [], "duration": 0.00016926399985095486, "$report_type": "TestReport", "item_index": 0, "worker_id": "gw0", "testrun_uid": "d6bb9671ea2c4f32898e5d1c863e6787", "node": "<WorkerController gw0>"}
{"nodeid": "tests40_65_4.py::test_strings_of_size_equal_to_27", "location": ["tests40_65_4.py", 5, "test_strings_of_size_equal_to_27"], "keywords": {"test_strings_of_size_equal_to_27": 1, "tests40_65_4.py": 1, "Folder_65": 1}, "outcome": "failed", "longrepr": {"reprcrash": {"path": "/home/shahin/Benchmark_Command_T0/Q40/command_results_4/Folder_65/tests40_65_4.py", "lineno": 12, "message": "AssertionError: assert ['e', 's', 'h...'y', 'j', ...] == ['|', '{', 'z...'w', 's', ...]\n  At index 0 diff: 'e' != '|'\n  Right contains 18 more items, first extra item: 'h'\n  Full diff:\n    [\n  -  '|',\n  ?   ^\n  +  'e',...\n  \n  ...Full output truncated (37 lines hidden), use '-vv' to show"}, "reprtraceback": {"reprentries": [{"type": "ReprEntry", "data": {"lines": ["    def test_strings_of_size_equal_to_27():", "        selection_range = string.ascii_letters + string.digits + ' ' + \"!#$%&()*+,-./:;<=>?@[]^_{|}~\"", "        s = ''.join(random.sample(selection_range, k=27))", "        if 'descending' == 'ascending':", "            assert return_n_smallest_chars(s) == sorted(s)", "        else:", ">           assert return_n_smallest_chars(s) == sorted(s, reverse=True)", "E           AssertionError: assert ['e', 's', 'h...'y', 'j', ...] == ['|', '{', 'z...'w', 's', ...]", "E             At index 0 diff: 'e' != '|'", "E             Right contains 18 more items, first extra item: 'h'", "E             Full diff:", "E               [", "E             -  '|',", "E             ?   ^", "E             +  'e',...", "E             ", "E             ...Full output truncated (37 lines hidden), use '-vv' to show"], "reprfuncargs": {"args": []}, "reprlocals": null, "reprfileloc": {"path": "Q40/command_results_4/Folder_65/tests40_65_4.py", "lineno": 12, "message": "AssertionError"}, "style": "long"}}], "extraline": null, "style": "long"}, "sections": [], "chain": [[{"reprentries": [{"type": "ReprEntry", "data": {"lines": ["    def test_strings_of_size_equal_to_27():", "        selection_range = string.ascii_letters + string.digits + ' ' + \"!#$%&()*+,-./:;<=>?@[]^_{|}~\"", "        s = ''.join(random.sample(selection_range, k=27))", "        if 'descending' == 'ascending':", "            assert return_n_smallest_chars(s) == sorted(s)", "        else:", ">           assert return_n_smallest_chars(s) == sorted(s, reverse=True)", "E           AssertionError: assert ['e', 's', 'h...'y', 'j', ...] == ['|', '{', 'z...'w', 's', ...]", "E             At index 0 diff: 'e' != '|'", "E             Right contains 18 more items, first extra item: 'h'", "E             Full diff:", "E               [", "E             -  '|',", "E             ?   ^", "E             +  'e',...", "E             ", "E             ...Full output truncated (37 lines hidden), use '-vv' to show"], "reprfuncargs": {"args": []}, "reprlocals": null, "reprfileloc": {"path": "Q40/command_results_4/Folder_65/tests40_65_4.py", "lineno": 12, "message": "AssertionError"}, "style": "long"}}], "extraline": null, "style": "long"}, {"path": "/home/shahin/Benchmark_Command_T0/Q40/command_results_4/Folder_65/tests40_65_4.py", "lineno": 12, "message": "AssertionError: assert ['e', 's', 'h...'y', 'j', ...] == ['|', '{', 'z...'w', 's', ...]\n  At index 0 diff: 'e' != '|'\n  Right contains 18 more items, first extra item: 'h'\n  Full diff:\n    [\n  -  '|',\n  ?   ^\n  +  'e',...\n  \n  ...Full output truncated (37 lines hidden), use '-vv' to show"}, null]]}, "when": "call", "user_properties": [], "sections": [], "duration": 0.0007369189988821745, "extra": [], "$report_type": "TestReport", "item_index": 0, "worker_id": "gw0", "testrun_uid": "d6bb9671ea2c4f32898e5d1c863e6787", "node": "<WorkerController gw0>"}
{"exitstatus": 2, "$report_type": "SessionFinish"}
