{"pytest_version": "7.2.2", "$report_type": "SessionStart"}
{"nodeid": "tests26_99_2.py::test_range_of_given_arguments", "location": ["tests26_99_2.py", 4, "test_range_of_given_arguments"], "keywords": {"test_range_of_given_arguments": 1, "tests26_99_2.py": 1, "Folder_99": 1}, "outcome": "passed", "longrepr": null, "when": "setup", "user_properties": [], "sections": [], "duration": 0.00014312299754237756, "$report_type": "TestReport", "item_index": 0, "worker_id": "gw0", "testrun_uid": "9a6497b2034a4db3ad19d8fc389f695b", "node": "<WorkerController gw0>"}
{"nodeid": "tests26_99_2.py::test_nums", "location": ["tests26_99_2.py", 14, "test_nums"], "keywords": {"test_nums": 1, "tests26_99_2.py": 1, "Folder_99": 1}, "outcome": "passed", "longrepr": null, "when": "setup", "user_properties": [], "sections": [], "duration": 0.00022746499598724768, "$report_type": "TestReport", "item_index": 2, "worker_id": "gw1", "testrun_uid": "9a6497b2034a4db3ad19d8fc389f695b", "node": "<WorkerController gw1>"}
{"nodeid": "tests26_99_2.py::test_range_of_given_arguments", "location": ["tests26_99_2.py", 4, "test_range_of_given_arguments"], "keywords": {"test_range_of_given_arguments": 1, "tests26_99_2.py": 1, "Folder_99": 1}, "outcome": "failed", "longrepr": {"reprcrash": {"path": "/home/shahin/Benchmark_Command_T0/Q26/command_results_2/Folder_99/tests26_99_2.py", "lineno": 7, "message": "assert 0 == 4707\n +  where 0 = sum_in_range([782, 783, 784, 785, 786, 787])\n +  and   4707 = sum([782, 783, 784, 785, 786, 787])"}, "reprtraceback": {"reprentries": [{"type": "ReprEntry", "data": {"lines": ["    def test_range_of_given_arguments():", "        initial_list = list(range(782, 787 + 1))", ">       assert sum_in_range(initial_list) == sum(initial_list)", "E       assert 0 == 4707", "E        +  where 0 = sum_in_range([782, 783, 784, 785, 786, 787])", "E        +  and   4707 = sum([782, 783, 784, 785, 786, 787])"], "reprfuncargs": {"args": []}, "reprlocals": null, "reprfileloc": {"path": "Q26/command_results_2/Folder_99/tests26_99_2.py", "lineno": 7, "message": "AssertionError"}, "style": "long"}}], "extraline": null, "style": "long"}, "sections": [], "chain": [[{"reprentries": [{"type": "ReprEntry", "data": {"lines": ["    def test_range_of_given_arguments():", "        initial_list = list(range(782, 787 + 1))", ">       assert sum_in_range(initial_list) == sum(initial_list)", "E       assert 0 == 4707", "E        +  where 0 = sum_in_range([782, 783, 784, 785, 786, 787])", "E        +  and   4707 = sum([782, 783, 784, 785, 786, 787])"], "reprfuncargs": {"args": []}, "reprlocals": null, "reprfileloc": {"path": "Q26/command_results_2/Folder_99/tests26_99_2.py", "lineno": 7, "message": "AssertionError"}, "style": "long"}}], "extraline": null, "style": "long"}, {"path": "/home/shahin/Benchmark_Command_T0/Q26/command_results_2/Folder_99/tests26_99_2.py", "lineno": 7, "message": "assert 0 == 4707\n +  where 0 = sum_in_range([782, 783, 784, 785, 786, 787])\n +  and   4707 = sum([782, 783, 784, 785, 786, 787])"}, null]]}, "when": "call", "user_properties": [], "sections": [], "duration": 0.00024050899810390547, "extra": [], "$report_type": "TestReport", "item_index": 0, "worker_id": "gw0", "testrun_uid": "9a6497b2034a4db3ad19d8fc389f695b", "node": "<WorkerController gw0>"}
{"exitstatus": 2, "$report_type": "SessionFinish"}
