{"pytest_version": "7.2.2", "$report_type": "SessionStart"}
{"nodeid": "tests26_6_3.py::test_nums", "location": ["tests26_6_3.py", 14, "test_nums"], "keywords": {"test_nums": 1, "tests26_6_3.py": 1, "Folder_6": 1}, "outcome": "passed", "longrepr": null, "when": "setup", "user_properties": [], "sections": [], "duration": 0.00011486499897728208, "$report_type": "TestReport", "item_index": 2, "worker_id": "gw1", "testrun_uid": "338878a60c734331979fac6071bee0f3", "node": "<WorkerController gw1>"}
{"nodeid": "tests26_6_3.py::test_range_of_given_arguments", "location": ["tests26_6_3.py", 4, "test_range_of_given_arguments"], "keywords": {"test_range_of_given_arguments": 1, "tests26_6_3.py": 1, "Folder_6": 1}, "outcome": "passed", "longrepr": null, "when": "setup", "user_properties": [], "sections": [], "duration": 0.00016195300122490153, "$report_type": "TestReport", "item_index": 0, "worker_id": "gw0", "testrun_uid": "338878a60c734331979fac6071bee0f3", "node": "<WorkerController gw0>"}
{"nodeid": "tests26_6_3.py::test_range_of_given_arguments", "location": ["tests26_6_3.py", 4, "test_range_of_given_arguments"], "keywords": {"test_range_of_given_arguments": 1, "tests26_6_3.py": 1, "Folder_6": 1}, "outcome": "failed", "longrepr": {"reprcrash": {"path": "/home/shahin/Benchmark_Command/Q26/command_results_3/Folder_6/tests26_6_3.py", "lineno": 7, "message": "assert 0 == 131021\n +  where 0 = sum_in_range([335, 336, 337, 338, 339, 340, ...])\n +  and   131021 = sum([335, 336, 337, 338, 339, 340, ...])"}, "reprtraceback": {"reprentries": [{"type": "ReprEntry", "data": {"lines": ["    def test_range_of_given_arguments():", "        initial_list = list(range(335, 611 + 1))", ">       assert sum_in_range(initial_list) == sum(initial_list)", "E       assert 0 == 131021", "E        +  where 0 = sum_in_range([335, 336, 337, 338, 339, 340, ...])", "E        +  and   131021 = sum([335, 336, 337, 338, 339, 340, ...])"], "reprfuncargs": {"args": []}, "reprlocals": null, "reprfileloc": {"path": "Q26/command_results_3/Folder_6/tests26_6_3.py", "lineno": 7, "message": "AssertionError"}, "style": "long"}}], "extraline": null, "style": "long"}, "sections": [], "chain": [[{"reprentries": [{"type": "ReprEntry", "data": {"lines": ["    def test_range_of_given_arguments():", "        initial_list = list(range(335, 611 + 1))", ">       assert sum_in_range(initial_list) == sum(initial_list)", "E       assert 0 == 131021", "E        +  where 0 = sum_in_range([335, 336, 337, 338, 339, 340, ...])", "E        +  and   131021 = sum([335, 336, 337, 338, 339, 340, ...])"], "reprfuncargs": {"args": []}, "reprlocals": null, "reprfileloc": {"path": "Q26/command_results_3/Folder_6/tests26_6_3.py", "lineno": 7, "message": "AssertionError"}, "style": "long"}}], "extraline": null, "style": "long"}, {"path": "/home/shahin/Benchmark_Command/Q26/command_results_3/Folder_6/tests26_6_3.py", "lineno": 7, "message": "assert 0 == 131021\n +  where 0 = sum_in_range([335, 336, 337, 338, 339, 340, ...])\n +  and   131021 = sum([335, 336, 337, 338, 339, 340, ...])"}, null]]}, "when": "call", "user_properties": [], "sections": [], "duration": 0.00024581100115028676, "extra": [], "$report_type": "TestReport", "item_index": 0, "worker_id": "gw0", "testrun_uid": "338878a60c734331979fac6071bee0f3", "node": "<WorkerController gw0>"}
{"exitstatus": 2, "$report_type": "SessionFinish"}
