{"pytest_version": "7.2.2", "$report_type": "SessionStart"}
{"nodeid": "tests40_3_3.py::test_strings_of_size_equal_to_28", "location": ["tests40_3_3.py", 5, "test_strings_of_size_equal_to_28"], "keywords": {"test_strings_of_size_equal_to_28": 1, "tests40_3_3.py": 1, "Folder_3": 1}, "outcome": "passed", "longrepr": null, "when": "setup", "user_properties": [], "sections": [], "duration": 0.00014436600031331182, "$report_type": "TestReport", "item_index": 0, "worker_id": "gw0", "testrun_uid": "ea0234e00e4444ae822cfb871328d9eb", "node": "<WorkerController gw0>"}
{"nodeid": "tests40_3_3.py::test_if_result_is_sorted", "location": ["tests40_3_3.py", 20, "test_if_result_is_sorted"], "keywords": {"test_if_result_is_sorted": 1, "tests40_3_3.py": 1, "Folder_3": 1}, "outcome": "passed", "longrepr": null, "when": "setup", "user_properties": [], "sections": [], "duration": 0.00014510799519484863, "$report_type": "TestReport", "item_index": 2, "worker_id": "gw1", "testrun_uid": "ea0234e00e4444ae822cfb871328d9eb", "node": "<WorkerController gw1>"}
{"nodeid": "tests40_3_3.py::test_strings_of_size_equal_to_28", "location": ["tests40_3_3.py", 5, "test_strings_of_size_equal_to_28"], "keywords": {"test_strings_of_size_equal_to_28": 1, "tests40_3_3.py": 1, "Folder_3": 1}, "outcome": "failed", "longrepr": {"reprcrash": {"path": "/home/shahin/Benchmark_Command_T0/Q40/command_results_3/Folder_3/tests40_3_3.py", "lineno": 12, "message": "AssertionError: assert ['r', 'p', 'w...'z', 'n', ...] == ['z', 'w', 'v...'r', 'p', ...]\n  At index 0 diff: 'r' != 'z'\n  Right contains 19 more items, first extra item: '['\n  Full diff:\n    [\n  -  'z',\n  ?   ^\n  +  'r',...\n  \n  ...Full output truncated (35 lines hidden), use '-vv' to show"}, "reprtraceback": {"reprentries": [{"type": "ReprEntry", "data": {"lines": ["    def test_strings_of_size_equal_to_28():", "        selection_range = string.ascii_letters + string.digits + ' ' + \"!#$%&()*+,-./:;<=>?@[]^_{|}~\"", "        s = ''.join(random.sample(selection_range, k=28))", "        if 'descending' == 'ascending':", "            assert return_n_smallest_chars(s) == sorted(s)", "        else:", ">           assert return_n_smallest_chars(s) == sorted(s, reverse=True)", "E           AssertionError: assert ['r', 'p', 'w...'z', 'n', ...] == ['z', 'w', 'v...'r', 'p', ...]", "E             At index 0 diff: 'r' != 'z'", "E             Right contains 19 more items, first extra item: '['", "E             Full diff:", "E               [", "E             -  'z',", "E             ?   ^", "E             +  'r',...", "E             ", "E             ...Full output truncated (35 lines hidden), use '-vv' to show"], "reprfuncargs": {"args": []}, "reprlocals": null, "reprfileloc": {"path": "Q40/command_results_3/Folder_3/tests40_3_3.py", "lineno": 12, "message": "AssertionError"}, "style": "long"}}], "extraline": null, "style": "long"}, "sections": [], "chain": [[{"reprentries": [{"type": "ReprEntry", "data": {"lines": ["    def test_strings_of_size_equal_to_28():", "        selection_range = string.ascii_letters + string.digits + ' ' + \"!#$%&()*+,-./:;<=>?@[]^_{|}~\"", "        s = ''.join(random.sample(selection_range, k=28))", "        if 'descending' == 'ascending':", "            assert return_n_smallest_chars(s) == sorted(s)", "        else:", ">           assert return_n_smallest_chars(s) == sorted(s, reverse=True)", "E           AssertionError: assert ['r', 'p', 'w...'z', 'n', ...] == ['z', 'w', 'v...'r', 'p', ...]", "E             At index 0 diff: 'r' != 'z'", "E             Right contains 19 more items, first extra item: '['", "E             Full diff:", "E               [", "E             -  'z',", "E             ?   ^", "E             +  'r',...", "E             ", "E             ...Full output truncated (35 lines hidden), use '-vv' to show"], "reprfuncargs": {"args": []}, "reprlocals": null, "reprfileloc": {"path": "Q40/command_results_3/Folder_3/tests40_3_3.py", "lineno": 12, "message": "AssertionError"}, "style": "long"}}], "extraline": null, "style": "long"}, {"path": "/home/shahin/Benchmark_Command_T0/Q40/command_results_3/Folder_3/tests40_3_3.py", "lineno": 12, "message": "AssertionError: assert ['r', 'p', 'w...'z', 'n', ...] == ['z', 'w', 'v...'r', 'p', ...]\n  At index 0 diff: 'r' != 'z'\n  Right contains 19 more items, first extra item: '['\n  Full diff:\n    [\n  -  'z',\n  ?   ^\n  +  'r',...\n  \n  ...Full output truncated (35 lines hidden), use '-vv' to show"}, null]]}, "when": "call", "user_properties": [], "sections": [], "duration": 0.0006753409979864955, "extra": [], "$report_type": "TestReport", "item_index": 0, "worker_id": "gw0", "testrun_uid": "ea0234e00e4444ae822cfb871328d9eb", "node": "<WorkerController gw0>"}
{"exitstatus": 2, "$report_type": "SessionFinish"}
