{"pytest_version": "7.2.2", "$report_type": "SessionStart"}
{"nodeid": "tests40_64_3.py::test_if_result_is_sorted", "location": ["tests40_64_3.py", 20, "test_if_result_is_sorted"], "keywords": {"test_if_result_is_sorted": 1, "tests40_64_3.py": 1, "Folder_64": 1}, "outcome": "passed", "longrepr": null, "when": "setup", "user_properties": [], "sections": [], "duration": 0.00012039000284858048, "$report_type": "TestReport", "item_index": 2, "worker_id": "gw1", "testrun_uid": "abf06ac2f2794576937a4ed8d72d3b88", "node": "<WorkerController gw1>"}
{"nodeid": "tests40_64_3.py::test_strings_of_size_equal_to_39", "location": ["tests40_64_3.py", 5, "test_strings_of_size_equal_to_39"], "keywords": {"test_strings_of_size_equal_to_39": 1, "tests40_64_3.py": 1, "Folder_64": 1}, "outcome": "passed", "longrepr": null, "when": "setup", "user_properties": [], "sections": [], "duration": 0.00017062600090866908, "$report_type": "TestReport", "item_index": 0, "worker_id": "gw0", "testrun_uid": "abf06ac2f2794576937a4ed8d72d3b88", "node": "<WorkerController gw0>"}
{"nodeid": "tests40_64_3.py::test_strings_of_size_equal_to_39", "location": ["tests40_64_3.py", 5, "test_strings_of_size_equal_to_39"], "keywords": {"test_strings_of_size_equal_to_39": 1, "tests40_64_3.py": 1, "Folder_64": 1}, "outcome": "failed", "longrepr": {"reprcrash": {"path": "/home/shahin/Benchmark_Command_T0/Q40/command_results_3/Folder_64/tests40_64_3.py", "lineno": 12, "message": "AssertionError: assert ['o', 'j', 'd...'p', 't', ...] == ['~', '|', '{...'x', 'w', ...]\n  At index 0 diff: 'o' != '~'\n  Right contains 23 more items, first extra item: 'e'\n  Full diff:\n    [\n  -  '~',\n  ?   ^\n  +  'o',...\n  \n  ...Full output truncated (59 lines hidden), use '-vv' to show"}, "reprtraceback": {"reprentries": [{"type": "ReprEntry", "data": {"lines": ["    def test_strings_of_size_equal_to_39():", "        selection_range = string.ascii_letters + string.digits + ' ' + \"!#$%&()*+,-./:;<=>?@[]^_{|}~\"", "        s = ''.join(random.sample(selection_range, k=39))", "        if 'descending' == 'ascending':", "            assert return_n_smallest_chars(s) == sorted(s)", "        else:", ">           assert return_n_smallest_chars(s) == sorted(s, reverse=True)", "E           AssertionError: assert ['o', 'j', 'd...'p', 't', ...] == ['~', '|', '{...'x', 'w', ...]", "E             At index 0 diff: 'o' != '~'", "E             Right contains 23 more items, first extra item: 'e'", "E             Full diff:", "E               [", "E             -  '~',", "E             ?   ^", "E             +  'o',...", "E             ", "E             ...Full output truncated (59 lines hidden), use '-vv' to show"], "reprfuncargs": {"args": []}, "reprlocals": null, "reprfileloc": {"path": "Q40/command_results_3/Folder_64/tests40_64_3.py", "lineno": 12, "message": "AssertionError"}, "style": "long"}}], "extraline": null, "style": "long"}, "sections": [], "chain": [[{"reprentries": [{"type": "ReprEntry", "data": {"lines": ["    def test_strings_of_size_equal_to_39():", "        selection_range = string.ascii_letters + string.digits + ' ' + \"!#$%&()*+,-./:;<=>?@[]^_{|}~\"", "        s = ''.join(random.sample(selection_range, k=39))", "        if 'descending' == 'ascending':", "            assert return_n_smallest_chars(s) == sorted(s)", "        else:", ">           assert return_n_smallest_chars(s) == sorted(s, reverse=True)", "E           AssertionError: assert ['o', 'j', 'd...'p', 't', ...] == ['~', '|', '{...'x', 'w', ...]", "E             At index 0 diff: 'o' != '~'", "E             Right contains 23 more items, first extra item: 'e'", "E             Full diff:", "E               [", "E             -  '~',", "E             ?   ^", "E             +  'o',...", "E             ", "E             ...Full output truncated (59 lines hidden), use '-vv' to show"], "reprfuncargs": {"args": []}, "reprlocals": null, "reprfileloc": {"path": "Q40/command_results_3/Folder_64/tests40_64_3.py", "lineno": 12, "message": "AssertionError"}, "style": "long"}}], "extraline": null, "style": "long"}, {"path": "/home/shahin/Benchmark_Command_T0/Q40/command_results_3/Folder_64/tests40_64_3.py", "lineno": 12, "message": "AssertionError: assert ['o', 'j', 'd...'p', 't', ...] == ['~', '|', '{...'x', 'w', ...]\n  At index 0 diff: 'o' != '~'\n  Right contains 23 more items, first extra item: 'e'\n  Full diff:\n    [\n  -  '~',\n  ?   ^\n  +  'o',...\n  \n  ...Full output truncated (59 lines hidden), use '-vv' to show"}, null]]}, "when": "call", "user_properties": [], "sections": [], "duration": 0.0010562390016275458, "extra": [], "$report_type": "TestReport", "item_index": 0, "worker_id": "gw0", "testrun_uid": "abf06ac2f2794576937a4ed8d72d3b88", "node": "<WorkerController gw0>"}
{"exitstatus": 2, "$report_type": "SessionFinish"}
