{"pytest_version": "7.2.2", "$report_type": "SessionStart"}
{"nodeid": "tests39_3_1.py::test_strings_of_size_equal_to_28", "location": ["tests39_3_1.py", 5, "test_strings_of_size_equal_to_28"], "keywords": {"test_strings_of_size_equal_to_28": 1, "tests39_3_1.py": 1, "Folder_3": 1}, "outcome": "passed", "longrepr": null, "when": "setup", "user_properties": [], "sections": [], "duration": 0.00014451700553763658, "$report_type": "TestReport", "item_index": 0, "worker_id": "gw0", "testrun_uid": "0160e4edf5644866bfb75460d0ef8e0c", "node": "<WorkerController gw0>"}
{"nodeid": "tests39_3_1.py::test_if_result_is_sorted", "location": ["tests39_3_1.py", 20, "test_if_result_is_sorted"], "keywords": {"test_if_result_is_sorted": 1, "tests39_3_1.py": 1, "Folder_3": 1}, "outcome": "passed", "longrepr": null, "when": "setup", "user_properties": [], "sections": [], "duration": 0.00011833700409624726, "$report_type": "TestReport", "item_index": 2, "worker_id": "gw1", "testrun_uid": "0160e4edf5644866bfb75460d0ef8e0c", "node": "<WorkerController gw1>"}
{"nodeid": "tests39_3_1.py::test_strings_of_size_equal_to_28", "location": ["tests39_3_1.py", 5, "test_strings_of_size_equal_to_28"], "keywords": {"test_strings_of_size_equal_to_28": 1, "tests39_3_1.py": 1, "Folder_3": 1}, "outcome": "failed", "longrepr": {"reprcrash": {"path": "/home/shahin/Benchmark_Command_T0/Q39/command_results_1/Folder_3/tests39_3_1.py", "lineno": 12, "message": "AssertionError: assert ['Z', 'E', 'S...'J', 'P', ...] == ['~', 'y', 'x...'v', 'r', ...]\n  At index 0 diff: 'Z' != '~'\n  Right contains 18 more items, first extra item: 'a'\n  Full diff:\n    [\n  -  '~',\n  -  'y',\n  -  'x',...\n  \n  ...Full output truncated (34 lines hidden), use '-vv' to show"}, "reprtraceback": {"reprentries": [{"type": "ReprEntry", "data": {"lines": ["    def test_strings_of_size_equal_to_28():", "        selection_range = string.ascii_letters + string.digits + ' ' + \"!#$%&()*+,-./:;<=>?@[]^_{|}~\"", "        s = ''.join(random.sample(selection_range, k=28))", "        if 'descending' == 'ascending':", "            assert return_n_greatest_chars(s) == sorted(s)", "        else:", ">           assert return_n_greatest_chars(s) == sorted(s, reverse=True)", "E           AssertionError: assert ['Z', 'E', 'S...'J', 'P', ...] == ['~', 'y', 'x...'v', 'r', ...]", "E             At index 0 diff: 'Z' != '~'", "E             Right contains 18 more items, first extra item: 'a'", "E             Full diff:", "E               [", "E             -  '~',", "E             -  'y',", "E             -  'x',...", "E             ", "E             ...Full output truncated (34 lines hidden), use '-vv' to show"], "reprfuncargs": {"args": []}, "reprlocals": null, "reprfileloc": {"path": "Q39/command_results_1/Folder_3/tests39_3_1.py", "lineno": 12, "message": "AssertionError"}, "style": "long"}}], "extraline": null, "style": "long"}, "sections": [], "chain": [[{"reprentries": [{"type": "ReprEntry", "data": {"lines": ["    def test_strings_of_size_equal_to_28():", "        selection_range = string.ascii_letters + string.digits + ' ' + \"!#$%&()*+,-./:;<=>?@[]^_{|}~\"", "        s = ''.join(random.sample(selection_range, k=28))", "        if 'descending' == 'ascending':", "            assert return_n_greatest_chars(s) == sorted(s)", "        else:", ">           assert return_n_greatest_chars(s) == sorted(s, reverse=True)", "E           AssertionError: assert ['Z', 'E', 'S...'J', 'P', ...] == ['~', 'y', 'x...'v', 'r', ...]", "E             At index 0 diff: 'Z' != '~'", "E             Right contains 18 more items, first extra item: 'a'", "E             Full diff:", "E               [", "E             -  '~',", "E             -  'y',", "E             -  'x',...", "E             ", "E             ...Full output truncated (34 lines hidden), use '-vv' to show"], "reprfuncargs": {"args": []}, "reprlocals": null, "reprfileloc": {"path": "Q39/command_results_1/Folder_3/tests39_3_1.py", "lineno": 12, "message": "AssertionError"}, "style": "long"}}], "extraline": null, "style": "long"}, {"path": "/home/shahin/Benchmark_Command_T0/Q39/command_results_1/Folder_3/tests39_3_1.py", "lineno": 12, "message": "AssertionError: assert ['Z', 'E', 'S...'J', 'P', ...] == ['~', 'y', 'x...'v', 'r', ...]\n  At index 0 diff: 'Z' != '~'\n  Right contains 18 more items, first extra item: 'a'\n  Full diff:\n    [\n  -  '~',\n  -  'y',\n  -  'x',...\n  \n  ...Full output truncated (34 lines hidden), use '-vv' to show"}, null]]}, "when": "call", "user_properties": [], "sections": [], "duration": 0.0006466659979196265, "extra": [], "$report_type": "TestReport", "item_index": 0, "worker_id": "gw0", "testrun_uid": "0160e4edf5644866bfb75460d0ef8e0c", "node": "<WorkerController gw0>"}
{"exitstatus": 2, "$report_type": "SessionFinish"}
