{"pytest_version": "7.4.3", "$report_type": "SessionStart"}
{"nodeid": "tests39_93_4.py::test_if_result_is_sorted", "location": ["tests39_93_4.py", 20, "test_if_result_is_sorted"], "keywords": {"test_if_result_is_sorted": 1, "tests39_93_4.py": 1, "Folder_93": 1}, "outcome": "passed", "longrepr": null, "when": "setup", "user_properties": [], "sections": [], "duration": 0.00012521501048468053, "start": 1700341884.717695, "stop": 1700341884.717821, "$report_type": "TestReport", "item_index": 2, "worker_id": "gw1", "testrun_uid": "b9779785ad664a5ab2b8cdcd92630d1b", "node": "<WorkerController gw1>"}
{"nodeid": "tests39_93_4.py::test_strings_of_size_equal_to_77", "location": ["tests39_93_4.py", 5, "test_strings_of_size_equal_to_77"], "keywords": {"test_strings_of_size_equal_to_77": 1, "tests39_93_4.py": 1, "Folder_93": 1}, "outcome": "passed", "longrepr": null, "when": "setup", "user_properties": [], "sections": [], "duration": 0.00013568397844210267, "start": 1700341884.7176955, "stop": 1700341884.717832, "$report_type": "TestReport", "item_index": 0, "worker_id": "gw0", "testrun_uid": "b9779785ad664a5ab2b8cdcd92630d1b", "node": "<WorkerController gw0>"}
{"nodeid": "tests39_93_4.py::test_if_result_is_sorted", "location": ["tests39_93_4.py", 20, "test_if_result_is_sorted"], "keywords": {"test_if_result_is_sorted": 1, "tests39_93_4.py": 1, "Folder_93": 1}, "outcome": "failed", "longrepr": {"reprcrash": {"path": "/data/Benchmark_Command/Q39/command_results_4/Folder_93/tests39_93_4.py", "lineno": 28, "message": "AssertionError: assert ['4', '0', 'Z...'Y', '1', ...] == ['Z', 'Y', 'X...'V', 'T', ...]\n  At index 0 diff: '4' != 'Z'\n  Full diff:\n    [\n  +  '4',\n  +  '0',\n     'Z',\n  +  'K',...\n  \n  ...Full output truncated (54 lines hidden), use '-vv' to show"}, "reprtraceback": {"reprentries": [{"type": "ReprEntry", "data": {"lines": ["    def test_if_result_is_sorted():", "        selection_range = string.ascii_letters + string.digits + ' ' + \"!#$%&()*+,-./:;<=>?@[]^_{|}~\"", "        s = ''.join(random.sample(selection_range, k=77 + 1))", "        result = return_n_greatest_chars(s)", "        if 'descending' == 'ascending':", "            assert result == sorted(result)", "        else:", ">           assert result == sorted(result, reverse=True)", "E           AssertionError: assert ['4', '0', 'Z...'Y', '1', ...] == ['Z', 'Y', 'X...'V', 'T', ...]", "E             At index 0 diff: '4' != 'Z'", "E             Full diff:", "E               [", "E             +  '4',", "E             +  '0',", "E                'Z',", "E             +  'K',...", "E             ", "E             ...Full output truncated (54 lines hidden), use '-vv' to show"], "reprfuncargs": {"args": []}, "reprlocals": null, "reprfileloc": {"path": "Q39/command_results_4/Folder_93/tests39_93_4.py", "lineno": 28, "message": "AssertionError"}, "style": "long"}}], "extraline": null, "style": "long"}, "sections": [], "chain": [[{"reprentries": [{"type": "ReprEntry", "data": {"lines": ["    def test_if_result_is_sorted():", "        selection_range = string.ascii_letters + string.digits + ' ' + \"!#$%&()*+,-./:;<=>?@[]^_{|}~\"", "        s = ''.join(random.sample(selection_range, k=77 + 1))", "        result = return_n_greatest_chars(s)", "        if 'descending' == 'ascending':", "            assert result == sorted(result)", "        else:", ">           assert result == sorted(result, reverse=True)", "E           AssertionError: assert ['4', '0', 'Z...'Y', '1', ...] == ['Z', 'Y', 'X...'V', 'T', ...]", "E             At index 0 diff: '4' != 'Z'", "E             Full diff:", "E               [", "E             +  '4',", "E             +  '0',", "E                'Z',", "E             +  'K',...", "E             ", "E             ...Full output truncated (54 lines hidden), use '-vv' to show"], "reprfuncargs": {"args": []}, "reprlocals": null, "reprfileloc": {"path": "Q39/command_results_4/Folder_93/tests39_93_4.py", "lineno": 28, "message": "AssertionError"}, "style": "long"}}], "extraline": null, "style": "long"}, {"path": "/data/Benchmark_Command/Q39/command_results_4/Folder_93/tests39_93_4.py", "lineno": 28, "message": "AssertionError: assert ['4', '0', 'Z...'Y', '1', ...] == ['Z', 'Y', 'X...'V', 'T', ...]\n  At index 0 diff: '4' != 'Z'\n  Full diff:\n    [\n  +  '4',\n  +  '0',\n     'Z',\n  +  'K',...\n  \n  ...Full output truncated (54 lines hidden), use '-vv' to show"}, null]]}, "when": "call", "user_properties": [], "sections": [], "duration": 0.0006862920126877725, "start": 1700341884.7180324, "stop": 1700341884.7187192, "extras": [], "$report_type": "TestReport", "item_index": 2, "worker_id": "gw1", "testrun_uid": "b9779785ad664a5ab2b8cdcd92630d1b", "node": "<WorkerController gw1>"}
{"exitstatus": 2, "$report_type": "SessionFinish"}
