{"pytest_version": "7.2.2", "$report_type": "SessionStart"}
{"nodeid": "tests26_2_1.py::test_nums", "location": ["tests26_2_1.py", 14, "test_nums"], "keywords": {"test_nums": 1, "tests26_2_1.py": 1, "Folder_2": 1}, "outcome": "passed", "longrepr": null, "when": "setup", "user_properties": [], "sections": [], "duration": 0.0001176410005427897, "$report_type": "TestReport", "item_index": 2, "worker_id": "gw1", "testrun_uid": "8690f7506d6841d4a7bfa02a5ba6c7db", "node": "<WorkerController gw1>"}
{"nodeid": "tests26_2_1.py::test_range_of_given_arguments", "location": ["tests26_2_1.py", 4, "test_range_of_given_arguments"], "keywords": {"test_range_of_given_arguments": 1, "tests26_2_1.py": 1, "Folder_2": 1}, "outcome": "passed", "longrepr": null, "when": "setup", "user_properties": [], "sections": [], "duration": 0.000179667000338668, "$report_type": "TestReport", "item_index": 0, "worker_id": "gw0", "testrun_uid": "8690f7506d6841d4a7bfa02a5ba6c7db", "node": "<WorkerController gw0>"}
{"nodeid": "tests26_2_1.py::test_range_of_given_arguments", "location": ["tests26_2_1.py", 4, "test_range_of_given_arguments"], "keywords": {"test_range_of_given_arguments": 1, "tests26_2_1.py": 1, "Folder_2": 1}, "outcome": "failed", "longrepr": {"reprcrash": {"path": "/home/shahin/Benchmark_Command/Q26/command_results_1/Folder_2/tests26_2_1.py", "lineno": 7, "message": "assert 30745 == 136746\n +  where 30745 = sum_in_range([266, 267, 268, 269, 270, 271, ...])\n +  and   136746 = sum([266, 267, 268, 269, 270, 271, ...])"}, "reprtraceback": {"reprentries": [{"type": "ReprEntry", "data": {"lines": ["    def test_range_of_given_arguments():", "        initial_list = list(range(266, 586 + 1))", ">       assert sum_in_range(initial_list) == sum(initial_list)", "E       assert 30745 == 136746", "E        +  where 30745 = sum_in_range([266, 267, 268, 269, 270, 271, ...])", "E        +  and   136746 = sum([266, 267, 268, 269, 270, 271, ...])"], "reprfuncargs": {"args": []}, "reprlocals": null, "reprfileloc": {"path": "Q26/command_results_1/Folder_2/tests26_2_1.py", "lineno": 7, "message": "AssertionError"}, "style": "long"}}], "extraline": null, "style": "long"}, "sections": [], "chain": [[{"reprentries": [{"type": "ReprEntry", "data": {"lines": ["    def test_range_of_given_arguments():", "        initial_list = list(range(266, 586 + 1))", ">       assert sum_in_range(initial_list) == sum(initial_list)", "E       assert 30745 == 136746", "E        +  where 30745 = sum_in_range([266, 267, 268, 269, 270, 271, ...])", "E        +  and   136746 = sum([266, 267, 268, 269, 270, 271, ...])"], "reprfuncargs": {"args": []}, "reprlocals": null, "reprfileloc": {"path": "Q26/command_results_1/Folder_2/tests26_2_1.py", "lineno": 7, "message": "AssertionError"}, "style": "long"}}], "extraline": null, "style": "long"}, {"path": "/home/shahin/Benchmark_Command/Q26/command_results_1/Folder_2/tests26_2_1.py", "lineno": 7, "message": "assert 30745 == 136746\n +  where 30745 = sum_in_range([266, 267, 268, 269, 270, 271, ...])\n +  and   136746 = sum([266, 267, 268, 269, 270, 271, ...])"}, null]]}, "when": "call", "user_properties": [], "sections": [], "duration": 0.00029128700043656863, "extra": [], "$report_type": "TestReport", "item_index": 0, "worker_id": "gw0", "testrun_uid": "8690f7506d6841d4a7bfa02a5ba6c7db", "node": "<WorkerController gw0>"}
{"exitstatus": 2, "$report_type": "SessionFinish"}
