{"pytest_version": "7.4.3", "$report_type": "SessionStart"}
{"nodeid": "tests39_24_3.py::test_if_result_is_sorted", "location": ["tests39_24_3.py", 20, "test_if_result_is_sorted"], "keywords": {"test_if_result_is_sorted": 1, "tests39_24_3.py": 1, "Folder_24": 1}, "outcome": "passed", "longrepr": null, "when": "setup", "user_properties": [], "sections": [], "duration": 0.00012392998905852437, "start": 1700341726.1145318, "stop": 1700341726.1146562, "$report_type": "TestReport", "item_index": 2, "worker_id": "gw1", "testrun_uid": "4581833fdc8a4d70b7adf0023134da03", "node": "<WorkerController gw1>"}
{"nodeid": "tests39_24_3.py::test_strings_of_size_equal_to_32", "location": ["tests39_24_3.py", 5, "test_strings_of_size_equal_to_32"], "keywords": {"test_strings_of_size_equal_to_32": 1, "tests39_24_3.py": 1, "Folder_24": 1}, "outcome": "passed", "longrepr": null, "when": "setup", "user_properties": [], "sections": [], "duration": 0.00013677700189873576, "start": 1700341726.1145337, "stop": 1700341726.1146708, "$report_type": "TestReport", "item_index": 0, "worker_id": "gw0", "testrun_uid": "4581833fdc8a4d70b7adf0023134da03", "node": "<WorkerController gw0>"}
{"nodeid": "tests39_24_3.py::test_strings_of_size_equal_to_32", "location": ["tests39_24_3.py", 5, "test_strings_of_size_equal_to_32"], "keywords": {"test_strings_of_size_equal_to_32": 1, "tests39_24_3.py": 1, "Folder_24": 1}, "outcome": "failed", "longrepr": {"reprcrash": {"path": "/data/Benchmark_Command/Q39/command_results_3/Folder_24/tests39_24_3.py", "lineno": 12, "message": "AssertionError: assert [' ', '$', '%...'+', '/', ...] == ['{', 'z', 'u...'r', 'q', ...]\n  At index 0 diff: ' ' != '{'\n  Full diff:\n    [\n  +  ' ',\n  +  '$',\n  +  '%',\n  +  '&',...\n  \n  ...Full output truncated (60 lines hidden), use '-vv' to show"}, "reprtraceback": {"reprentries": [{"type": "ReprEntry", "data": {"lines": ["    def test_strings_of_size_equal_to_32():", "        selection_range = string.ascii_letters + string.digits + ' ' + \"!#$%&()*+,-./:;<=>?@[]^_{|}~\"", "        s = ''.join(random.sample(selection_range, k=32))", "        if 'descending' == 'ascending':", "            assert return_n_greatest_chars(s) == sorted(s)", "        else:", ">           assert return_n_greatest_chars(s) == sorted(s, reverse=True)", "E           AssertionError: assert [' ', '$', '%...'+', '/', ...] == ['{', 'z', 'u...'r', 'q', ...]", "E             At index 0 diff: ' ' != '{'", "E             Full diff:", "E               [", "E             +  ' ',", "E             +  '$',", "E             +  '%',", "E             +  '&',...", "E             ", "E             ...Full output truncated (60 lines hidden), use '-vv' to show"], "reprfuncargs": {"args": []}, "reprlocals": null, "reprfileloc": {"path": "Q39/command_results_3/Folder_24/tests39_24_3.py", "lineno": 12, "message": "AssertionError"}, "style": "long"}}], "extraline": null, "style": "long"}, "sections": [], "chain": [[{"reprentries": [{"type": "ReprEntry", "data": {"lines": ["    def test_strings_of_size_equal_to_32():", "        selection_range = string.ascii_letters + string.digits + ' ' + \"!#$%&()*+,-./:;<=>?@[]^_{|}~\"", "        s = ''.join(random.sample(selection_range, k=32))", "        if 'descending' == 'ascending':", "            assert return_n_greatest_chars(s) == sorted(s)", "        else:", ">           assert return_n_greatest_chars(s) == sorted(s, reverse=True)", "E           AssertionError: assert [' ', '$', '%...'+', '/', ...] == ['{', 'z', 'u...'r', 'q', ...]", "E             At index 0 diff: ' ' != '{'", "E             Full diff:", "E               [", "E             +  ' ',", "E             +  '$',", "E             +  '%',", "E             +  '&',...", "E             ", "E             ...Full output truncated (60 lines hidden), use '-vv' to show"], "reprfuncargs": {"args": []}, "reprlocals": null, "reprfileloc": {"path": "Q39/command_results_3/Folder_24/tests39_24_3.py", "lineno": 12, "message": "AssertionError"}, "style": "long"}}], "extraline": null, "style": "long"}, {"path": "/data/Benchmark_Command/Q39/command_results_3/Folder_24/tests39_24_3.py", "lineno": 12, "message": "AssertionError: assert [' ', '$', '%...'+', '/', ...] == ['{', 'z', 'u...'r', 'q', ...]\n  At index 0 diff: ' ' != '{'\n  Full diff:\n    [\n  +  ' ',\n  +  '$',\n  +  '%',\n  +  '&',...\n  \n  ...Full output truncated (60 lines hidden), use '-vv' to show"}, null]]}, "when": "call", "user_properties": [], "sections": [], "duration": 0.0004681650025304407, "start": 1700341726.1148746, "stop": 1700341726.1153433, "extras": [], "$report_type": "TestReport", "item_index": 0, "worker_id": "gw0", "testrun_uid": "4581833fdc8a4d70b7adf0023134da03", "node": "<WorkerController gw0>"}
{"exitstatus": 2, "$report_type": "SessionFinish"}
