{"pytest_version": "7.2.2", "$report_type": "SessionStart"}
{"nodeid": "tests35_22_1.py::test_repeat_char", "location": ["tests35_22_1.py", 5, "test_repeat_char"], "keywords": {"test_repeat_char": 1, "tests35_22_1.py": 1, "Folder_22": 1}, "outcome": "passed", "longrepr": null, "when": "setup", "user_properties": [], "sections": [], "duration": 0.00012224300007801503, "$report_type": "TestReport", "item_index": 0, "worker_id": "gw0", "testrun_uid": "516a008241bc4623bcf87ef82cf2d0a7", "node": "<WorkerController gw0>"}
{"nodeid": "tests35_22_1.py::test_merged_strings", "location": ["tests35_22_1.py", 18, "test_merged_strings"], "keywords": {"test_merged_strings": 1, "tests35_22_1.py": 1, "Folder_22": 1}, "outcome": "passed", "longrepr": null, "when": "setup", "user_properties": [], "sections": [], "duration": 0.00019505299860611558, "$report_type": "TestReport", "item_index": 2, "worker_id": "gw1", "testrun_uid": "516a008241bc4623bcf87ef82cf2d0a7", "node": "<WorkerController gw1>"}
{"nodeid": "tests35_22_1.py::test_repeat_char", "location": ["tests35_22_1.py", 5, "test_repeat_char"], "keywords": {"test_repeat_char": 1, "tests35_22_1.py": 1, "Folder_22": 1}, "outcome": "failed", "longrepr": {"reprcrash": {"path": "/home/shahin/Benchmark_Command_T0/Q35/command_results_1/Folder_22/tests35_22_1.py", "lineno": 11, "message": "AssertionError: assert not 'a'\n +  where 'a' = remove_repeat_chars('aaaaaaaaaaaaaaaaaaaaaaaaaaaaaaaaaaaaaaaaaaaaaaaaaaaaaaaaaaaaaaaaaaaaaaaaaaaaaaaaaaaaaaaaaaaaaaaaaaaaaaaaaaaaaaaaaaaaaaaaaaaaaaaaaaaaaaaaaaaaaaaaaaaaaaaaaaaaaaaaaaaaaaaaaaaaaaaaaaaaaaaaaaaaaaaaaaaaaaaaaa')"}, "reprtraceback": {"reprentries": [{"type": "ReprEntry", "data": {"lines": ["    def test_repeat_char():", "        s = 'a' * (200 + 2)", "        if 200 - 50 - 1 == 1:", "            assert remove_repeat_chars(s) == s", "        else:", ">           assert not remove_repeat_chars(s)", "E           AssertionError: assert not 'a'", "E            +  where 'a' = remove_repeat_chars('aaaaaaaaaaaaaaaaaaaaaaaaaaaaaaaaaaaaaaaaaaaaaaaaaaaaaaaaaaaaaaaaaaaaaaaaaaaaaaaaaaaaaaaaaaaaaaaaaaaaaaaaaaaaaaaaaaaaaaaaaaaaaaaaaaaaaaaaaaaaaaaaaaaaaaaaaaaaaaaaaaaaaaaaaaaaaaaaaaaaaaaaaaaaaaaaaaaaaaaaaa')"], "reprfuncargs": {"args": []}, "reprlocals": null, "reprfileloc": {"path": "Q35/command_results_1/Folder_22/tests35_22_1.py", "lineno": 11, "message": "AssertionError"}, "style": "long"}}], "extraline": null, "style": "long"}, "sections": [], "chain": [[{"reprentries": [{"type": "ReprEntry", "data": {"lines": ["    def test_repeat_char():", "        s = 'a' * (200 + 2)", "        if 200 - 50 - 1 == 1:", "            assert remove_repeat_chars(s) == s", "        else:", ">           assert not remove_repeat_chars(s)", "E           AssertionError: assert not 'a'", "E            +  where 'a' = remove_repeat_chars('aaaaaaaaaaaaaaaaaaaaaaaaaaaaaaaaaaaaaaaaaaaaaaaaaaaaaaaaaaaaaaaaaaaaaaaaaaaaaaaaaaaaaaaaaaaaaaaaaaaaaaaaaaaaaaaaaaaaaaaaaaaaaaaaaaaaaaaaaaaaaaaaaaaaaaaaaaaaaaaaaaaaaaaaaaaaaaaaaaaaaaaaaaaaaaaaaaaaaaaaaa')"], "reprfuncargs": {"args": []}, "reprlocals": null, "reprfileloc": {"path": "Q35/command_results_1/Folder_22/tests35_22_1.py", "lineno": 11, "message": "AssertionError"}, "style": "long"}}], "extraline": null, "style": "long"}, {"path": "/home/shahin/Benchmark_Command_T0/Q35/command_results_1/Folder_22/tests35_22_1.py", "lineno": 11, "message": "AssertionError: assert not 'a'\n +  where 'a' = remove_repeat_chars('aaaaaaaaaaaaaaaaaaaaaaaaaaaaaaaaaaaaaaaaaaaaaaaaaaaaaaaaaaaaaaaaaaaaaaaaaaaaaaaaaaaaaaaaaaaaaaaaaaaaaaaaaaaaaaaaaaaaaaaaaaaaaaaaaaaaaaaaaaaaaaaaaaaaaaaaaaaaaaaaaaaaaaaaaaaaaaaaaaaaaaaaaaaaaaaaaaaaaaaaaa')"}, null]]}, "when": "call", "user_properties": [], "sections": [], "duration": 0.0002375839976593852, "extra": [], "$report_type": "TestReport", "item_index": 0, "worker_id": "gw0", "testrun_uid": "516a008241bc4623bcf87ef82cf2d0a7", "node": "<WorkerController gw0>"}
{"exitstatus": 2, "$report_type": "SessionFinish"}
