{"pytest_version": "7.2.2", "$report_type": "SessionStart"}
{"nodeid": "tests53_37_3.py::test_string_of_many_chars", "location": ["tests53_37_3.py", 19, "test_string_of_many_chars"], "keywords": {"test_string_of_many_chars": 1, "tests53_37_3.py": 1, "Folder_37": 1}, "outcome": "passed", "longrepr": null, "when": "setup", "user_properties": [], "sections": [], "duration": 0.00013128599675837904, "$report_type": "TestReport", "item_index": 2, "worker_id": "gw1", "testrun_uid": "00dc4d5861104f81b1103894adeb608d", "node": "<WorkerController gw1>"}
{"nodeid": "tests53_37_3.py::test_string_of_similar_chars_of_length_67", "location": ["tests53_37_3.py", 5, "test_string_of_similar_chars_of_length_67"], "keywords": {"test_string_of_similar_chars_of_length_67": 1, "tests53_37_3.py": 1, "Folder_37": 1}, "outcome": "passed", "longrepr": null, "when": "setup", "user_properties": [], "sections": [], "duration": 0.0001302839991694782, "$report_type": "TestReport", "item_index": 0, "worker_id": "gw0", "testrun_uid": "00dc4d5861104f81b1103894adeb608d", "node": "<WorkerController gw0>"}
{"nodeid": "tests53_37_3.py::test_string_of_similar_chars_of_length_67", "location": ["tests53_37_3.py", 5, "test_string_of_similar_chars_of_length_67"], "keywords": {"test_string_of_similar_chars_of_length_67": 1, "tests53_37_3.py": 1, "Folder_37": 1}, "outcome": "failed", "longrepr": {"reprcrash": {"path": "/home/shahin/Benchmark_Command/Q53/command_results_3/Folder_37/tests53_37_3.py", "lineno": 8, "message": "AssertionError: assert {'', 'a', 'aa... 'aaaaa', ...} == {'aaaaaaaaaaa...aaaaaaaaaaaa'}\n  Extra items in the left set:\n  ''\n  'aaaaaaaaaaaaaaaaaaaaaaaaaaaaaaa'\n  'aaaaaaaaaaaaaaaaaaaaaaaaaaaaaaaaaaaaaaaaaaa'\n  'aaaaaaaaaaaaaaaaaaaaaaaaaaaaaaaaaaaaaaaaaaaaaaaaaaaaaaaaaa'\n  'aaaaaaaaaaaaaaaaaaaaaaaaaaaaaaaaaaaaaaaaaaaaaaaaaaaa'\n  'aaaaaaaaaaaaaaaaaaaaaaaaaaaaaaaaaaaaaaaaaaaaaaaaaaaaaaaaaaaaaa'...\n  \n  ...Full output truncated (136 lines hidden), use '-vv' to show"}, "reprtraceback": {"reprentries": [{"type": "ReprEntry", "data": {"lines": ["    def test_string_of_similar_chars_of_length_67():", "        s = ''.join('a' for _ in range(67))", ">       assert palindrome_of_length_at_least_n(s) == {s}", "E       AssertionError: assert {'', 'a', 'aa... 'aaaaa', ...} == {'aaaaaaaaaaa...aaaaaaaaaaaa'}", "E         Extra items in the left set:", "E         ''", "E         'aaaaaaaaaaaaaaaaaaaaaaaaaaaaaaa'", "E         'aaaaaaaaaaaaaaaaaaaaaaaaaaaaaaaaaaaaaaaaaaa'", "E         'aaaaaaaaaaaaaaaaaaaaaaaaaaaaaaaaaaaaaaaaaaaaaaaaaaaaaaaaaa'", "E         'aaaaaaaaaaaaaaaaaaaaaaaaaaaaaaaaaaaaaaaaaaaaaaaaaaaa'", "E         'aaaaaaaaaaaaaaaaaaaaaaaaaaaaaaaaaaaaaaaaaaaaaaaaaaaaaaaaaaaaaa'...", "E         ", "E         ...Full output truncated (136 lines hidden), use '-vv' to show"], "reprfuncargs": {"args": []}, "reprlocals": null, "reprfileloc": {"path": "Q53/command_results_3/Folder_37/tests53_37_3.py", "lineno": 8, "message": "AssertionError"}, "style": "long"}}], "extraline": null, "style": "long"}, "sections": [], "chain": [[{"reprentries": [{"type": "ReprEntry", "data": {"lines": ["    def test_string_of_similar_chars_of_length_67():", "        s = ''.join('a' for _ in range(67))", ">       assert palindrome_of_length_at_least_n(s) == {s}", "E       AssertionError: assert {'', 'a', 'aa... 'aaaaa', ...} == {'aaaaaaaaaaa...aaaaaaaaaaaa'}", "E         Extra items in the left set:", "E         ''", "E         'aaaaaaaaaaaaaaaaaaaaaaaaaaaaaaa'", "E         'aaaaaaaaaaaaaaaaaaaaaaaaaaaaaaaaaaaaaaaaaaa'", "E         'aaaaaaaaaaaaaaaaaaaaaaaaaaaaaaaaaaaaaaaaaaaaaaaaaaaaaaaaaa'", "E         'aaaaaaaaaaaaaaaaaaaaaaaaaaaaaaaaaaaaaaaaaaaaaaaaaaaa'", "E         'aaaaaaaaaaaaaaaaaaaaaaaaaaaaaaaaaaaaaaaaaaaaaaaaaaaaaaaaaaaaaa'...", "E         ", "E         ...Full output truncated (136 lines hidden), use '-vv' to show"], "reprfuncargs": {"args": []}, "reprlocals": null, "reprfileloc": {"path": "Q53/command_results_3/Folder_37/tests53_37_3.py", "lineno": 8, "message": "AssertionError"}, "style": "long"}}], "extraline": null, "style": "long"}, {"path": "/home/shahin/Benchmark_Command/Q53/command_results_3/Folder_37/tests53_37_3.py", "lineno": 8, "message": "AssertionError: assert {'', 'a', 'aa... 'aaaaa', ...} == {'aaaaaaaaaaa...aaaaaaaaaaaa'}\n  Extra items in the left set:\n  ''\n  'aaaaaaaaaaaaaaaaaaaaaaaaaaaaaaa'\n  'aaaaaaaaaaaaaaaaaaaaaaaaaaaaaaaaaaaaaaaaaaa'\n  'aaaaaaaaaaaaaaaaaaaaaaaaaaaaaaaaaaaaaaaaaaaaaaaaaaaaaaaaaa'\n  'aaaaaaaaaaaaaaaaaaaaaaaaaaaaaaaaaaaaaaaaaaaaaaaaaaaa'\n  'aaaaaaaaaaaaaaaaaaaaaaaaaaaaaaaaaaaaaaaaaaaaaaaaaaaaaaaaaaaaaa'...\n  \n  ...Full output truncated (136 lines hidden), use '-vv' to show"}, null]]}, "when": "call", "user_properties": [], "sections": [], "duration": 0.013352509999094764, "extra": [], "$report_type": "TestReport", "item_index": 0, "worker_id": "gw0", "testrun_uid": "00dc4d5861104f81b1103894adeb608d", "node": "<WorkerController gw0>"}
{"exitstatus": 2, "$report_type": "SessionFinish"}
