{"pytest_version": "7.2.2", "$report_type": "SessionStart"}
{"nodeid": "tests26_18_1.py::test_nums", "location": ["tests26_18_1.py", 14, "test_nums"], "keywords": {"test_nums": 1, "tests26_18_1.py": 1, "Folder_18": 1}, "outcome": "passed", "longrepr": null, "when": "setup", "user_properties": [], "sections": [], "duration": 0.00012093699842807837, "$report_type": "TestReport", "item_index": 2, "worker_id": "gw1", "testrun_uid": "6c185fa6385b425ca0297fde3a6f0f85", "node": "<WorkerController gw1>"}
{"nodeid": "tests26_18_1.py::test_range_of_given_arguments", "location": ["tests26_18_1.py", 4, "test_range_of_given_arguments"], "keywords": {"test_range_of_given_arguments": 1, "tests26_18_1.py": 1, "Folder_18": 1}, "outcome": "passed", "longrepr": null, "when": "setup", "user_properties": [], "sections": [], "duration": 0.00014320799891720526, "$report_type": "TestReport", "item_index": 0, "worker_id": "gw0", "testrun_uid": "6c185fa6385b425ca0297fde3a6f0f85", "node": "<WorkerController gw0>"}
{"nodeid": "tests26_18_1.py::test_range_of_given_arguments", "location": ["tests26_18_1.py", 4, "test_range_of_given_arguments"], "keywords": {"test_range_of_given_arguments": 1, "tests26_18_1.py": 1, "Folder_18": 1}, "outcome": "failed", "longrepr": {"reprcrash": {"path": "/home/shahin/Benchmark_Command/Q26/command_results_1/Folder_18/tests26_18_1.py", "lineno": 7, "message": "assert 0 == 63825\n +  where 0 = sum_in_range([826, 827, 828, 829, 830, 831, ...])\n +  and   63825 = sum([826, 827, 828, 829, 830, 831, ...])"}, "reprtraceback": {"reprentries": [{"type": "ReprEntry", "data": {"lines": ["    def test_range_of_given_arguments():", "        initial_list = list(range(826, 899 + 1))", ">       assert sum_in_range(initial_list) == sum(initial_list)", "E       assert 0 == 63825", "E        +  where 0 = sum_in_range([826, 827, 828, 829, 830, 831, ...])", "E        +  and   63825 = sum([826, 827, 828, 829, 830, 831, ...])"], "reprfuncargs": {"args": []}, "reprlocals": null, "reprfileloc": {"path": "Q26/command_results_1/Folder_18/tests26_18_1.py", "lineno": 7, "message": "AssertionError"}, "style": "long"}}], "extraline": null, "style": "long"}, "sections": [], "chain": [[{"reprentries": [{"type": "ReprEntry", "data": {"lines": ["    def test_range_of_given_arguments():", "        initial_list = list(range(826, 899 + 1))", ">       assert sum_in_range(initial_list) == sum(initial_list)", "E       assert 0 == 63825", "E        +  where 0 = sum_in_range([826, 827, 828, 829, 830, 831, ...])", "E        +  and   63825 = sum([826, 827, 828, 829, 830, 831, ...])"], "reprfuncargs": {"args": []}, "reprlocals": null, "reprfileloc": {"path": "Q26/command_results_1/Folder_18/tests26_18_1.py", "lineno": 7, "message": "AssertionError"}, "style": "long"}}], "extraline": null, "style": "long"}, {"path": "/home/shahin/Benchmark_Command/Q26/command_results_1/Folder_18/tests26_18_1.py", "lineno": 7, "message": "assert 0 == 63825\n +  where 0 = sum_in_range([826, 827, 828, 829, 830, 831, ...])\n +  and   63825 = sum([826, 827, 828, 829, 830, 831, ...])"}, null]]}, "when": "call", "user_properties": [], "sections": [], "duration": 0.00023674399926676415, "extra": [], "$report_type": "TestReport", "item_index": 0, "worker_id": "gw0", "testrun_uid": "6c185fa6385b425ca0297fde3a6f0f85", "node": "<WorkerController gw0>"}
{"exitstatus": 2, "$report_type": "SessionFinish"}
