{"pytest_version": "7.2.2", "$report_type": "SessionStart"}
{"nodeid": "tests3_25_4.py::test_even_range", "location": ["tests3_25_4.py", 15, "test_even_range"], "keywords": {"test_even_range": 1, "tests3_25_4.py": 1, "Folder_25": 1}, "outcome": "passed", "longrepr": null, "when": "setup", "user_properties": [], "sections": [], "duration": 0.00013675599984708242, "$report_type": "TestReport", "item_index": 2, "worker_id": "gw1", "testrun_uid": "5695c09fb62645cb9b7362bbb4bc0810", "node": "<WorkerController gw1>"}
{"nodeid": "tests3_25_4.py::test_large_range", "location": ["tests3_25_4.py", 3, "test_large_range"], "keywords": {"test_large_range": 1, "tests3_25_4.py": 1, "Folder_25": 1}, "outcome": "passed", "longrepr": null, "when": "setup", "user_properties": [], "sections": [], "duration": 0.000156113000230107, "$report_type": "TestReport", "item_index": 0, "worker_id": "gw0", "testrun_uid": "5695c09fb62645cb9b7362bbb4bc0810", "node": "<WorkerController gw0>"}
{"nodeid": "tests3_25_4.py::test_large_range", "location": ["tests3_25_4.py", 3, "test_large_range"], "keywords": {"test_large_range": 1, "tests3_25_4.py": 1, "Folder_25": 1}, "outcome": "failed", "longrepr": {"reprcrash": {"path": "/home/shahin/Benchmark_Command/Q3/command_results_4/Folder_25/tests3_25_4.py", "lineno": 7, "message": "AssertionError: assert [30, 31, 32, 33, 34, 35, ...] == [30, 31, 32, 33, 34, 35, ...]\n  Right contains one more item: 94\n  Full diff:\n    [\n     30,\n     31,\n     32,\n     33,...\n  \n  ...Full output truncated (63 lines hidden), use '-vv' to show"}, "reprtraceback": {"reprentries": [{"type": "ReprEntry", "data": {"lines": ["    def test_large_range():", "        large_list = list(range(1, 93 + 1000))", "        expected_list = large_list[29:93 + 1]", ">       assert all_pos_ints_inclusive(large_list) == expected_list", "E       AssertionError: assert [30, 31, 32, 33, 34, 35, ...] == [30, 31, 32, 33, 34, 35, ...]", "E         Right contains one more item: 94", "E         Full diff:", "E           [", "E            30,", "E            31,", "E            32,", "E            33,...", "E         ", "E         ...Full output truncated (63 lines hidden), use '-vv' to show"], "reprfuncargs": {"args": []}, "reprlocals": null, "reprfileloc": {"path": "Q3/command_results_4/Folder_25/tests3_25_4.py", "lineno": 7, "message": "AssertionError"}, "style": "long"}}], "extraline": null, "style": "long"}, "sections": [], "chain": [[{"reprentries": [{"type": "ReprEntry", "data": {"lines": ["    def test_large_range():", "        large_list = list(range(1, 93 + 1000))", "        expected_list = large_list[29:93 + 1]", ">       assert all_pos_ints_inclusive(large_list) == expected_list", "E       AssertionError: assert [30, 31, 32, 33, 34, 35, ...] == [30, 31, 32, 33, 34, 35, ...]", "E         Right contains one more item: 94", "E         Full diff:", "E           [", "E            30,", "E            31,", "E            32,", "E            33,...", "E         ", "E         ...Full output truncated (63 lines hidden), use '-vv' to show"], "reprfuncargs": {"args": []}, "reprlocals": null, "reprfileloc": {"path": "Q3/command_results_4/Folder_25/tests3_25_4.py", "lineno": 7, "message": "AssertionError"}, "style": "long"}}], "extraline": null, "style": "long"}, {"path": "/home/shahin/Benchmark_Command/Q3/command_results_4/Folder_25/tests3_25_4.py", "lineno": 7, "message": "AssertionError: assert [30, 31, 32, 33, 34, 35, ...] == [30, 31, 32, 33, 34, 35, ...]\n  Right contains one more item: 94\n  Full diff:\n    [\n     30,\n     31,\n     32,\n     33,...\n  \n  ...Full output truncated (63 lines hidden), use '-vv' to show"}, null]]}, "when": "call", "user_properties": [], "sections": [], "duration": 0.0008004420001270773, "extra": [], "$report_type": "TestReport", "item_index": 0, "worker_id": "gw0", "testrun_uid": "5695c09fb62645cb9b7362bbb4bc0810", "node": "<WorkerController gw0>"}
{"exitstatus": 2, "$report_type": "SessionFinish"}
