{"pytest_version": "7.2.2", "$report_type": "SessionStart"}
{"nodeid": "tests40_46_2.py::test_strings_of_size_equal_to_54", "location": ["tests40_46_2.py", 5, "test_strings_of_size_equal_to_54"], "keywords": {"test_strings_of_size_equal_to_54": 1, "tests40_46_2.py": 1, "Folder_46": 1}, "outcome": "passed", "longrepr": null, "when": "setup", "user_properties": [], "sections": [], "duration": 0.000206283999432344, "$report_type": "TestReport", "item_index": 0, "worker_id": "gw0", "testrun_uid": "dfe3c23fd6e24ee2b170785335063d36", "node": "<WorkerController gw0>"}
{"nodeid": "tests40_46_2.py::test_if_result_is_sorted", "location": ["tests40_46_2.py", 20, "test_if_result_is_sorted"], "keywords": {"test_if_result_is_sorted": 1, "tests40_46_2.py": 1, "Folder_46": 1}, "outcome": "passed", "longrepr": null, "when": "setup", "user_properties": [], "sections": [], "duration": 0.00019661500118672848, "$report_type": "TestReport", "item_index": 2, "worker_id": "gw1", "testrun_uid": "dfe3c23fd6e24ee2b170785335063d36", "node": "<WorkerController gw1>"}
{"nodeid": "tests40_46_2.py::test_strings_of_size_equal_to_54", "location": ["tests40_46_2.py", 5, "test_strings_of_size_equal_to_54"], "keywords": {"test_strings_of_size_equal_to_54": 1, "tests40_46_2.py": 1, "Folder_46": 1}, "outcome": "failed", "longrepr": {"reprcrash": {"path": "/home/shahin/Benchmark_Command_T0/Q40/command_results_2/Folder_46/tests40_46_2.py", "lineno": 12, "message": "AssertionError: assert ['f', 's', 'h...'y', 'x', ...] == ['}', '|', 'y...'w', 'v', ...]\n  At index 0 diff: 'f' != '}'\n  Right contains 39 more items, first extra item: 'b'\n  Full diff:\n    [\n  -  '}',\n  ?   ^\n  +  'f',...\n  \n  ...Full output truncated (74 lines hidden), use '-vv' to show"}, "reprtraceback": {"reprentries": [{"type": "ReprEntry", "data": {"lines": ["    def test_strings_of_size_equal_to_54():", "        selection_range = string.ascii_letters + string.digits + ' ' + \"!#$%&()*+,-./:;<=>?@[]^_{|}~\"", "        s = ''.join(random.sample(selection_range, k=54))", "        if 'descending' == 'ascending':", "            assert return_n_smallest_chars(s) == sorted(s)", "        else:", ">           assert return_n_smallest_chars(s) == sorted(s, reverse=True)", "E           AssertionError: assert ['f', 's', 'h...'y', 'x', ...] == ['}', '|', 'y...'w', 'v', ...]", "E             At index 0 diff: 'f' != '}'", "E             Right contains 39 more items, first extra item: 'b'", "E             Full diff:", "E               [", "E             -  '}',", "E             ?   ^", "E             +  'f',...", "E             ", "E             ...Full output truncated (74 lines hidden), use '-vv' to show"], "reprfuncargs": {"args": []}, "reprlocals": null, "reprfileloc": {"path": "Q40/command_results_2/Folder_46/tests40_46_2.py", "lineno": 12, "message": "AssertionError"}, "style": "long"}}], "extraline": null, "style": "long"}, "sections": [], "chain": [[{"reprentries": [{"type": "ReprEntry", "data": {"lines": ["    def test_strings_of_size_equal_to_54():", "        selection_range = string.ascii_letters + string.digits + ' ' + \"!#$%&()*+,-./:;<=>?@[]^_{|}~\"", "        s = ''.join(random.sample(selection_range, k=54))", "        if 'descending' == 'ascending':", "            assert return_n_smallest_chars(s) == sorted(s)", "        else:", ">           assert return_n_smallest_chars(s) == sorted(s, reverse=True)", "E           AssertionError: assert ['f', 's', 'h...'y', 'x', ...] == ['}', '|', 'y...'w', 'v', ...]", "E             At index 0 diff: 'f' != '}'", "E             Right contains 39 more items, first extra item: 'b'", "E             Full diff:", "E               [", "E             -  '}',", "E             ?   ^", "E             +  'f',...", "E             ", "E             ...Full output truncated (74 lines hidden), use '-vv' to show"], "reprfuncargs": {"args": []}, "reprlocals": null, "reprfileloc": {"path": "Q40/command_results_2/Folder_46/tests40_46_2.py", "lineno": 12, "message": "AssertionError"}, "style": "long"}}], "extraline": null, "style": "long"}, {"path": "/home/shahin/Benchmark_Command_T0/Q40/command_results_2/Folder_46/tests40_46_2.py", "lineno": 12, "message": "AssertionError: assert ['f', 's', 'h...'y', 'x', ...] == ['}', '|', 'y...'w', 'v', ...]\n  At index 0 diff: 'f' != '}'\n  Right contains 39 more items, first extra item: 'b'\n  Full diff:\n    [\n  -  '}',\n  ?   ^\n  +  'f',...\n  \n  ...Full output truncated (74 lines hidden), use '-vv' to show"}, null]]}, "when": "call", "user_properties": [], "sections": [], "duration": 0.0010584739939076826, "extra": [], "$report_type": "TestReport", "item_index": 0, "worker_id": "gw0", "testrun_uid": "dfe3c23fd6e24ee2b170785335063d36", "node": "<WorkerController gw0>"}
{"exitstatus": 2, "$report_type": "SessionFinish"}
