{"pytest_version": "7.4.3", "$report_type": "SessionStart"}
{"nodeid": "tests39_16_3.py::test_if_result_is_sorted", "location": ["tests39_16_3.py", 20, "test_if_result_is_sorted"], "keywords": {"test_if_result_is_sorted": 1, "tests39_16_3.py": 1, "Folder_16": 1}, "outcome": "passed", "longrepr": null, "when": "setup", "user_properties": [], "sections": [], "duration": 0.00012186297681182623, "start": 1700341719.5333943, "stop": 1700341719.533517, "$report_type": "TestReport", "item_index": 2, "worker_id": "gw1", "testrun_uid": "c8c05a99e76344bf9b86e964408a3d29", "node": "<WorkerController gw1>"}
{"nodeid": "tests39_16_3.py::test_strings_of_size_equal_to_64", "location": ["tests39_16_3.py", 5, "test_strings_of_size_equal_to_64"], "keywords": {"test_strings_of_size_equal_to_64": 1, "tests39_16_3.py": 1, "Folder_16": 1}, "outcome": "passed", "longrepr": null, "when": "setup", "user_properties": [], "sections": [], "duration": 0.00014041797840036452, "start": 1700341719.5333827, "stop": 1700341719.5335238, "$report_type": "TestReport", "item_index": 0, "worker_id": "gw0", "testrun_uid": "c8c05a99e76344bf9b86e964408a3d29", "node": "<WorkerController gw0>"}
{"nodeid": "tests39_16_3.py::test_if_result_is_sorted", "location": ["tests39_16_3.py", 20, "test_if_result_is_sorted"], "keywords": {"test_if_result_is_sorted": 1, "tests39_16_3.py": 1, "Folder_16": 1}, "outcome": "failed", "longrepr": {"reprcrash": {"path": "/data/Benchmark_Command/Q39/command_results_3/Folder_16/tests39_16_3.py", "lineno": 28, "message": "AssertionError: assert [' ', '!', '%...'(', ')', ...] == ['}', 'z', 'x...'v', 'u', ...]\n  At index 0 diff: ' ' != '}'\n  Full diff:\n    [\n  +  ' ',\n  +  '!',\n  +  '%',\n  +  '&',...\n  \n  ...Full output truncated (124 lines hidden), use '-vv' to show"}, "reprtraceback": {"reprentries": [{"type": "ReprEntry", "data": {"lines": ["    def test_if_result_is_sorted():", "        selection_range = string.ascii_letters + string.digits + ' ' + \"!#$%&()*+,-./:;<=>?@[]^_{|}~\"", "        s = ''.join(random.sample(selection_range, k=64 + 1))", "        result = return_n_greatest_chars(s)", "        if 'descending' == 'ascending':", "            assert result == sorted(result)", "        else:", ">           assert result == sorted(result, reverse=True)", "E           AssertionError: assert [' ', '!', '%...'(', ')', ...] == ['}', 'z', 'x...'v', 'u', ...]", "E             At index 0 diff: ' ' != '}'", "E             Full diff:", "E               [", "E             +  ' ',", "E             +  '!',", "E             +  '%',", "E             +  '&',...", "E             ", "E             ...Full output truncated (124 lines hidden), use '-vv' to show"], "reprfuncargs": {"args": []}, "reprlocals": null, "reprfileloc": {"path": "Q39/command_results_3/Folder_16/tests39_16_3.py", "lineno": 28, "message": "AssertionError"}, "style": "long"}}], "extraline": null, "style": "long"}, "sections": [], "chain": [[{"reprentries": [{"type": "ReprEntry", "data": {"lines": ["    def test_if_result_is_sorted():", "        selection_range = string.ascii_letters + string.digits + ' ' + \"!#$%&()*+,-./:;<=>?@[]^_{|}~\"", "        s = ''.join(random.sample(selection_range, k=64 + 1))", "        result = return_n_greatest_chars(s)", "        if 'descending' == 'ascending':", "            assert result == sorted(result)", "        else:", ">           assert result == sorted(result, reverse=True)", "E           AssertionError: assert [' ', '!', '%...'(', ')', ...] == ['}', 'z', 'x...'v', 'u', ...]", "E             At index 0 diff: ' ' != '}'", "E             Full diff:", "E               [", "E             +  ' ',", "E             +  '!',", "E             +  '%',", "E             +  '&',...", "E             ", "E             ...Full output truncated (124 lines hidden), use '-vv' to show"], "reprfuncargs": {"args": []}, "reprlocals": null, "reprfileloc": {"path": "Q39/command_results_3/Folder_16/tests39_16_3.py", "lineno": 28, "message": "AssertionError"}, "style": "long"}}], "extraline": null, "style": "long"}, {"path": "/data/Benchmark_Command/Q39/command_results_3/Folder_16/tests39_16_3.py", "lineno": 28, "message": "AssertionError: assert [' ', '!', '%...'(', ')', ...] == ['}', 'z', 'x...'v', 'u', ...]\n  At index 0 diff: ' ' != '}'\n  Full diff:\n    [\n  +  ' ',\n  +  '!',\n  +  '%',\n  +  '&',...\n  \n  ...Full output truncated (124 lines hidden), use '-vv' to show"}, null]]}, "when": "call", "user_properties": [], "sections": [], "duration": 0.0005831730086356401, "start": 1700341719.5337129, "stop": 1700341719.5342965, "extras": [], "$report_type": "TestReport", "item_index": 2, "worker_id": "gw1", "testrun_uid": "c8c05a99e76344bf9b86e964408a3d29", "node": "<WorkerController gw1>"}
{"exitstatus": 2, "$report_type": "SessionFinish"}
