{"pytest_version": "7.2.2", "$report_type": "SessionStart"}
{"nodeid": "tests40_57_4.py::test_if_result_is_sorted", "location": ["tests40_57_4.py", 20, "test_if_result_is_sorted"], "keywords": {"test_if_result_is_sorted": 1, "tests40_57_4.py": 1, "Folder_57": 1}, "outcome": "passed", "longrepr": null, "when": "setup", "user_properties": [], "sections": [], "duration": 0.00011349700071150437, "$report_type": "TestReport", "item_index": 2, "worker_id": "gw1", "testrun_uid": "0b2e8a99e23242ca84f3513cf51b49e1", "node": "<WorkerController gw1>"}
{"nodeid": "tests40_57_4.py::test_strings_of_size_equal_to_29", "location": ["tests40_57_4.py", 5, "test_strings_of_size_equal_to_29"], "keywords": {"test_strings_of_size_equal_to_29": 1, "tests40_57_4.py": 1, "Folder_57": 1}, "outcome": "passed", "longrepr": null, "when": "setup", "user_properties": [], "sections": [], "duration": 0.00015103899932000786, "$report_type": "TestReport", "item_index": 0, "worker_id": "gw0", "testrun_uid": "0b2e8a99e23242ca84f3513cf51b49e1", "node": "<WorkerController gw0>"}
{"nodeid": "tests40_57_4.py::test_strings_of_size_equal_to_29", "location": ["tests40_57_4.py", 5, "test_strings_of_size_equal_to_29"], "keywords": {"test_strings_of_size_equal_to_29": 1, "tests40_57_4.py": 1, "Folder_57": 1}, "outcome": "failed", "longrepr": {"reprcrash": {"path": "/home/shahin/Benchmark_Command_T0/Q40/command_results_4/Folder_57/tests40_57_4.py", "lineno": 12, "message": "AssertionError: assert ['c', 'd', 'e...'n', 's', ...] == ['~', '}', '|...'s', 'p', ...]\n  At index 0 diff: 'c' != '~'\n  Right contains 19 more items, first extra item: 'e'\n  Full diff:\n    [\n  -  '~',\n  ?   ^\n  +  'c',...\n  \n  ...Full output truncated (41 lines hidden), use '-vv' to show"}, "reprtraceback": {"reprentries": [{"type": "ReprEntry", "data": {"lines": ["    def test_strings_of_size_equal_to_29():", "        selection_range = string.ascii_letters + string.digits + ' ' + \"!#$%&()*+,-./:;<=>?@[]^_{|}~\"", "        s = ''.join(random.sample(selection_range, k=29))", "        if 'descending' == 'ascending':", "            assert return_n_smallest_chars(s) == sorted(s)", "        else:", ">           assert return_n_smallest_chars(s) == sorted(s, reverse=True)", "E           AssertionError: assert ['c', 'd', 'e...'n', 's', ...] == ['~', '}', '|...'s', 'p', ...]", "E             At index 0 diff: 'c' != '~'", "E             Right contains 19 more items, first extra item: 'e'", "E             Full diff:", "E               [", "E             -  '~',", "E             ?   ^", "E             +  'c',...", "E             ", "E             ...Full output truncated (41 lines hidden), use '-vv' to show"], "reprfuncargs": {"args": []}, "reprlocals": null, "reprfileloc": {"path": "Q40/command_results_4/Folder_57/tests40_57_4.py", "lineno": 12, "message": "AssertionError"}, "style": "long"}}], "extraline": null, "style": "long"}, "sections": [], "chain": [[{"reprentries": [{"type": "ReprEntry", "data": {"lines": ["    def test_strings_of_size_equal_to_29():", "        selection_range = string.ascii_letters + string.digits + ' ' + \"!#$%&()*+,-./:;<=>?@[]^_{|}~\"", "        s = ''.join(random.sample(selection_range, k=29))", "        if 'descending' == 'ascending':", "            assert return_n_smallest_chars(s) == sorted(s)", "        else:", ">           assert return_n_smallest_chars(s) == sorted(s, reverse=True)", "E           AssertionError: assert ['c', 'd', 'e...'n', 's', ...] == ['~', '}', '|...'s', 'p', ...]", "E             At index 0 diff: 'c' != '~'", "E             Right contains 19 more items, first extra item: 'e'", "E             Full diff:", "E               [", "E             -  '~',", "E             ?   ^", "E             +  'c',...", "E             ", "E             ...Full output truncated (41 lines hidden), use '-vv' to show"], "reprfuncargs": {"args": []}, "reprlocals": null, "reprfileloc": {"path": "Q40/command_results_4/Folder_57/tests40_57_4.py", "lineno": 12, "message": "AssertionError"}, "style": "long"}}], "extraline": null, "style": "long"}, {"path": "/home/shahin/Benchmark_Command_T0/Q40/command_results_4/Folder_57/tests40_57_4.py", "lineno": 12, "message": "AssertionError: assert ['c', 'd', 'e...'n', 's', ...] == ['~', '}', '|...'s', 'p', ...]\n  At index 0 diff: 'c' != '~'\n  Right contains 19 more items, first extra item: 'e'\n  Full diff:\n    [\n  -  '~',\n  ?   ^\n  +  'c',...\n  \n  ...Full output truncated (41 lines hidden), use '-vv' to show"}, null]]}, "when": "call", "user_properties": [], "sections": [], "duration": 0.000824246002594009, "extra": [], "$report_type": "TestReport", "item_index": 0, "worker_id": "gw0", "testrun_uid": "0b2e8a99e23242ca84f3513cf51b49e1", "node": "<WorkerController gw0>"}
{"exitstatus": 2, "$report_type": "SessionFinish"}
