{"pytest_version": "7.2.2", "$report_type": "SessionStart"}
{"nodeid": "tests52_41_2.py::test_string_of_spaces_and_letters", "location": ["tests52_41_2.py", 16, "test_string_of_spaces_and_letters"], "keywords": {"test_string_of_spaces_and_letters": 1, "tests52_41_2.py": 1, "Folder_41": 1}, "outcome": "passed", "longrepr": null, "when": "setup", "user_properties": [], "sections": [], "duration": 0.00012459400022635236, "$report_type": "TestReport", "item_index": 2, "worker_id": "gw1", "testrun_uid": "236e3b5c844e439f9b861416ef34010e", "node": "<WorkerController gw1>"}
{"nodeid": "tests52_41_2.py::test_string_of_many_chars", "location": ["tests52_41_2.py", 6, "test_string_of_many_chars"], "keywords": {"test_string_of_many_chars": 1, "tests52_41_2.py": 1, "Folder_41": 1}, "outcome": "passed", "longrepr": null, "when": "setup", "user_properties": [], "sections": [], "duration": 0.00015511099991272204, "$report_type": "TestReport", "item_index": 0, "worker_id": "gw0", "testrun_uid": "236e3b5c844e439f9b861416ef34010e", "node": "<WorkerController gw0>"}
{"nodeid": "tests52_41_2.py::test_string_of_many_chars", "location": ["tests52_41_2.py", 6, "test_string_of_many_chars"], "keywords": {"test_string_of_many_chars": 1, "tests52_41_2.py": 1, "Folder_41": 1}, "outcome": "passed", "longrepr": null, "when": "call", "user_properties": [], "sections": [], "duration": 0.00018588800230645575, "extra": [], "$report_type": "TestReport", "item_index": 0, "worker_id": "gw0", "testrun_uid": "236e3b5c844e439f9b861416ef34010e", "node": "<WorkerController gw0>"}
{"nodeid": "tests52_41_2.py::test_string_of_many_chars", "location": ["tests52_41_2.py", 6, "test_string_of_many_chars"], "keywords": {"test_string_of_many_chars": 1, "tests52_41_2.py": 1, "Folder_41": 1}, "outcome": "passed", "longrepr": null, "when": "teardown", "user_properties": [], "sections": [], "duration": 8.69329996930901e-05, "$report_type": "TestReport", "item_index": 0, "worker_id": "gw0", "testrun_uid": "236e3b5c844e439f9b861416ef34010e", "node": "<WorkerController gw0>"}
{"nodeid": "tests52_41_2.py::test_string_of_spaces", "location": ["tests52_41_2.py", 11, "test_string_of_spaces"], "keywords": {"test_string_of_spaces": 1, "tests52_41_2.py": 1, "Folder_41": 1}, "outcome": "passed", "longrepr": null, "when": "setup", "user_properties": [], "sections": [], "duration": 0.00010066899994853884, "$report_type": "TestReport", "item_index": 1, "worker_id": "gw0", "testrun_uid": "236e3b5c844e439f9b861416ef34010e", "node": "<WorkerController gw0>"}
{"nodeid": "tests52_41_2.py::test_string_of_spaces", "location": ["tests52_41_2.py", 11, "test_string_of_spaces"], "keywords": {"test_string_of_spaces": 1, "tests52_41_2.py": 1, "Folder_41": 1}, "outcome": "failed", "longrepr": {"reprcrash": {"path": "/home/shahin/Benchmark_Command/Q52/command_results_2/Folder_41/tests52_41_2.py", "lineno": 14, "message": "AssertionError: assert not {'  ', '   ', '    ', '     ', '      ', '       ', ...}\n +  where {'  ', '   ', '    ', '     ', '      ', '       ', ...} = palindrome_of_length_n('                                                                                                                        ')"}, "reprtraceback": {"reprentries": [{"type": "ReprEntry", "data": {"lines": ["    def test_string_of_spaces():", "        s = ' ' * (60 * 2)", ">       assert not palindrome_of_length_n(s)", "E       AssertionError: assert not {'  ', '   ', '    ', '     ', '      ', '       ', ...}", "E        +  where {'  ', '   ', '    ', '     ', '      ', '       ', ...} = palindrome_of_length_n('                                                                                                                        ')"], "reprfuncargs": {"args": []}, "reprlocals": null, "reprfileloc": {"path": "Q52/command_results_2/Folder_41/tests52_41_2.py", "lineno": 14, "message": "AssertionError"}, "style": "long"}}], "extraline": null, "style": "long"}, "sections": [], "chain": [[{"reprentries": [{"type": "ReprEntry", "data": {"lines": ["    def test_string_of_spaces():", "        s = ' ' * (60 * 2)", ">       assert not palindrome_of_length_n(s)", "E       AssertionError: assert not {'  ', '   ', '    ', '     ', '      ', '       ', ...}", "E        +  where {'  ', '   ', '    ', '     ', '      ', '       ', ...} = palindrome_of_length_n('                                                                                                                        ')"], "reprfuncargs": {"args": []}, "reprlocals": null, "reprfileloc": {"path": "Q52/command_results_2/Folder_41/tests52_41_2.py", "lineno": 14, "message": "AssertionError"}, "style": "long"}}], "extraline": null, "style": "long"}, {"path": "/home/shahin/Benchmark_Command/Q52/command_results_2/Folder_41/tests52_41_2.py", "lineno": 14, "message": "AssertionError: assert not {'  ', '   ', '    ', '     ', '      ', '       ', ...}\n +  where {'  ', '   ', '    ', '     ', '      ', '       ', ...} = palindrome_of_length_n('                                                                                                                        ')"}, null]]}, "when": "call", "user_properties": [], "sections": [], "duration": 0.0018092530008289032, "extra": [], "$report_type": "TestReport", "item_index": 1, "worker_id": "gw0", "testrun_uid": "236e3b5c844e439f9b861416ef34010e", "node": "<WorkerController gw0>"}
{"exitstatus": 2, "$report_type": "SessionFinish"}
