{"pytest_version": "7.4.3", "$report_type": "SessionStart"}
{"nodeid": "tests39_62_2.py::test_if_result_is_sorted", "location": ["tests39_62_2.py", 20, "test_if_result_is_sorted"], "keywords": {"test_if_result_is_sorted": 1, "tests39_62_2.py": 1, "Folder_62": 1}, "outcome": "passed", "longrepr": null, "when": "setup", "user_properties": [], "sections": [], "duration": 9.831300121732056e-05, "start": 1700341677.070287, "stop": 1700341677.070386, "$report_type": "TestReport", "item_index": 2, "worker_id": "gw1", "testrun_uid": "9f01d9e6e7db4a38bee0798789df194d", "node": "<WorkerController gw1>"}
{"nodeid": "tests39_62_2.py::test_strings_of_size_equal_to_84", "location": ["tests39_62_2.py", 5, "test_strings_of_size_equal_to_84"], "keywords": {"test_strings_of_size_equal_to_84": 1, "tests39_62_2.py": 1, "Folder_62": 1}, "outcome": "passed", "longrepr": null, "when": "setup", "user_properties": [], "sections": [], "duration": 0.0001382209884468466, "start": 1700341677.070253, "stop": 1700341677.0703917, "$report_type": "TestReport", "item_index": 0, "worker_id": "gw0", "testrun_uid": "9f01d9e6e7db4a38bee0798789df194d", "node": "<WorkerController gw0>"}
{"nodeid": "tests39_62_2.py::test_if_result_is_sorted", "location": ["tests39_62_2.py", 20, "test_if_result_is_sorted"], "keywords": {"test_if_result_is_sorted": 1, "tests39_62_2.py": 1, "Folder_62": 1}, "outcome": "failed", "longrepr": {"reprcrash": {"path": "/data/Benchmark_Command/Q39/command_results_2/Folder_62/tests39_62_2.py", "lineno": 28, "message": "AssertionError: assert ['KU', 'Q', '...'J', 'N', ...] == ['Z', 'Y', 'X...V', 'SF', ...]\n  At index 0 diff: 'KU' != 'Z'\n  Full diff:\n    [\n  +  'KU',\n  +  'Q',\n  +  'SF',\n     'Z',...\n  \n  ...Full output truncated (39 lines hidden), use '-vv' to show"}, "reprtraceback": {"reprentries": [{"type": "ReprEntry", "data": {"lines": ["    def test_if_result_is_sorted():", "        selection_range = string.ascii_letters + string.digits + ' ' + \"!#$%&()*+,-./:;<=>?@[]^_{|}~\"", "        s = ''.join(random.sample(selection_range, k=84 + 1))", "        result = return_n_greatest_chars(s)", "        if 'descending' == 'ascending':", "            assert result == sorted(result)", "        else:", ">           assert result == sorted(result, reverse=True)", "E           AssertionError: assert ['KU', 'Q', '...'J', 'N', ...] == ['Z', 'Y', 'X...V', 'SF', ...]", "E             At index 0 diff: 'KU' != 'Z'", "E             Full diff:", "E               [", "E             +  'KU',", "E             +  'Q',", "E             +  'SF',", "E                'Z',...", "E             ", "E             ...Full output truncated (39 lines hidden), use '-vv' to show"], "reprfuncargs": {"args": []}, "reprlocals": null, "reprfileloc": {"path": "Q39/command_results_2/Folder_62/tests39_62_2.py", "lineno": 28, "message": "AssertionError"}, "style": "long"}}], "extraline": null, "style": "long"}, "sections": [], "chain": [[{"reprentries": [{"type": "ReprEntry", "data": {"lines": ["    def test_if_result_is_sorted():", "        selection_range = string.ascii_letters + string.digits + ' ' + \"!#$%&()*+,-./:;<=>?@[]^_{|}~\"", "        s = ''.join(random.sample(selection_range, k=84 + 1))", "        result = return_n_greatest_chars(s)", "        if 'descending' == 'ascending':", "            assert result == sorted(result)", "        else:", ">           assert result == sorted(result, reverse=True)", "E           AssertionError: assert ['KU', 'Q', '...'J', 'N', ...] == ['Z', 'Y', 'X...V', 'SF', ...]", "E             At index 0 diff: 'KU' != 'Z'", "E             Full diff:", "E               [", "E             +  'KU',", "E             +  'Q',", "E             +  'SF',", "E                'Z',...", "E             ", "E             ...Full output truncated (39 lines hidden), use '-vv' to show"], "reprfuncargs": {"args": []}, "reprlocals": null, "reprfileloc": {"path": "Q39/command_results_2/Folder_62/tests39_62_2.py", "lineno": 28, "message": "AssertionError"}, "style": "long"}}], "extraline": null, "style": "long"}, {"path": "/data/Benchmark_Command/Q39/command_results_2/Folder_62/tests39_62_2.py", "lineno": 28, "message": "AssertionError: assert ['KU', 'Q', '...'J', 'N', ...] == ['Z', 'Y', 'X...V', 'SF', ...]\n  At index 0 diff: 'KU' != 'Z'\n  Full diff:\n    [\n  +  'KU',\n  +  'Q',\n  +  'SF',\n     'Z',...\n  \n  ...Full output truncated (39 lines hidden), use '-vv' to show"}, null]]}, "when": "call", "user_properties": [], "sections": [], "duration": 0.0006773809727746993, "start": 1700341677.0705435, "stop": 1700341677.0712214, "extras": [], "$report_type": "TestReport", "item_index": 2, "worker_id": "gw1", "testrun_uid": "9f01d9e6e7db4a38bee0798789df194d", "node": "<WorkerController gw1>"}
{"exitstatus": 2, "$report_type": "SessionFinish"}
