{"pytest_version": "7.4.3", "$report_type": "SessionStart"}
{"nodeid": "tests39_93_5.py::test_if_result_is_sorted", "location": ["tests39_93_5.py", 20, "test_if_result_is_sorted"], "keywords": {"test_if_result_is_sorted": 1, "tests39_93_5.py": 1, "Folder_93": 1}, "outcome": "passed", "longrepr": null, "when": "setup", "user_properties": [], "sections": [], "duration": 0.000134778005303815, "start": 1700341987.6919227, "stop": 1700341987.692058, "$report_type": "TestReport", "item_index": 2, "worker_id": "gw1", "testrun_uid": "fc9785ff5b474f36ab9b0d6d7722ab2f", "node": "<WorkerController gw1>"}
{"nodeid": "tests39_93_5.py::test_strings_of_size_equal_to_77", "location": ["tests39_93_5.py", 5, "test_strings_of_size_equal_to_77"], "keywords": {"test_strings_of_size_equal_to_77": 1, "tests39_93_5.py": 1, "Folder_93": 1}, "outcome": "passed", "longrepr": null, "when": "setup", "user_properties": [], "sections": [], "duration": 0.00013778998982161283, "start": 1700341987.6919267, "stop": 1700341987.6920652, "$report_type": "TestReport", "item_index": 0, "worker_id": "gw0", "testrun_uid": "fc9785ff5b474f36ab9b0d6d7722ab2f", "node": "<WorkerController gw0>"}
{"nodeid": "tests39_93_5.py::test_if_result_is_sorted", "location": ["tests39_93_5.py", 20, "test_if_result_is_sorted"], "keywords": {"test_if_result_is_sorted": 1, "tests39_93_5.py": 1, "Folder_93": 1}, "outcome": "failed", "longrepr": {"reprcrash": {"path": "/data/Benchmark_Command/Q39/command_results_5/Folder_93/tests39_93_5.py", "lineno": 28, "message": "AssertionError: assert ['~', '}', '|...'z', 'Y', ...] == ['~', '}', '|...'y', 'x', ...]\n  At index 3 diff: 'Z' != 'z'\n  Full diff:\n    [\n     '~',\n     '}',\n     '|',\n  +  'Z',...\n  \n  ...Full output truncated (97 lines hidden), use '-vv' to show"}, "reprtraceback": {"reprentries": [{"type": "ReprEntry", "data": {"lines": ["    def test_if_result_is_sorted():", "        selection_range = string.ascii_letters + string.digits + ' ' + \"!#$%&()*+,-./:;<=>?@[]^_{|}~\"", "        s = ''.join(random.sample(selection_range, k=77 + 1))", "        result = return_n_greatest_chars(s)", "        if 'descending' == 'ascending':", "            assert result == sorted(result)", "        else:", ">           assert result == sorted(result, reverse=True)", "E           AssertionError: assert ['~', '}', '|...'z', 'Y', ...] == ['~', '}', '|...'y', 'x', ...]", "E             At index 3 diff: 'Z' != 'z'", "E             Full diff:", "E               [", "E                '~',", "E                '}',", "E                '|',", "E             +  'Z',...", "E             ", "E             ...Full output truncated (97 lines hidden), use '-vv' to show"], "reprfuncargs": {"args": []}, "reprlocals": null, "reprfileloc": {"path": "Q39/command_results_5/Folder_93/tests39_93_5.py", "lineno": 28, "message": "AssertionError"}, "style": "long"}}], "extraline": null, "style": "long"}, "sections": [], "chain": [[{"reprentries": [{"type": "ReprEntry", "data": {"lines": ["    def test_if_result_is_sorted():", "        selection_range = string.ascii_letters + string.digits + ' ' + \"!#$%&()*+,-./:;<=>?@[]^_{|}~\"", "        s = ''.join(random.sample(selection_range, k=77 + 1))", "        result = return_n_greatest_chars(s)", "        if 'descending' == 'ascending':", "            assert result == sorted(result)", "        else:", ">           assert result == sorted(result, reverse=True)", "E           AssertionError: assert ['~', '}', '|...'z', 'Y', ...] == ['~', '}', '|...'y', 'x', ...]", "E             At index 3 diff: 'Z' != 'z'", "E             Full diff:", "E               [", "E                '~',", "E                '}',", "E                '|',", "E             +  'Z',...", "E             ", "E             ...Full output truncated (97 lines hidden), use '-vv' to show"], "reprfuncargs": {"args": []}, "reprlocals": null, "reprfileloc": {"path": "Q39/command_results_5/Folder_93/tests39_93_5.py", "lineno": 28, "message": "AssertionError"}, "style": "long"}}], "extraline": null, "style": "long"}, {"path": "/data/Benchmark_Command/Q39/command_results_5/Folder_93/tests39_93_5.py", "lineno": 28, "message": "AssertionError: assert ['~', '}', '|...'z', 'Y', ...] == ['~', '}', '|...'y', 'x', ...]\n  At index 3 diff: 'Z' != 'z'\n  Full diff:\n    [\n     '~',\n     '}',\n     '|',\n  +  'Z',...\n  \n  ...Full output truncated (97 lines hidden), use '-vv' to show"}, null]]}, "when": "call", "user_properties": [], "sections": [], "duration": 0.0008577539992984384, "start": 1700341987.6922681, "stop": 1700341987.6931264, "extras": [], "$report_type": "TestReport", "item_index": 2, "worker_id": "gw1", "testrun_uid": "fc9785ff5b474f36ab9b0d6d7722ab2f", "node": "<WorkerController gw1>"}
{"exitstatus": 2, "$report_type": "SessionFinish"}
