{"pytest_version": "7.2.2", "$report_type": "SessionStart"}
{"nodeid": "tests40_3_4.py::test_if_result_is_sorted", "location": ["tests40_3_4.py", 20, "test_if_result_is_sorted"], "keywords": {"test_if_result_is_sorted": 1, "tests40_3_4.py": 1, "Folder_3": 1}, "outcome": "passed", "longrepr": null, "when": "setup", "user_properties": [], "sections": [], "duration": 0.00016307600162690505, "$report_type": "TestReport", "item_index": 2, "worker_id": "gw1", "testrun_uid": "76fd73c02c4e468c9ed445b954ee8a65", "node": "<WorkerController gw1>"}
{"nodeid": "tests40_3_4.py::test_strings_of_size_equal_to_28", "location": ["tests40_3_4.py", 5, "test_strings_of_size_equal_to_28"], "keywords": {"test_strings_of_size_equal_to_28": 1, "tests40_3_4.py": 1, "Folder_3": 1}, "outcome": "passed", "longrepr": null, "when": "setup", "user_properties": [], "sections": [], "duration": 0.00020708900046884082, "$report_type": "TestReport", "item_index": 0, "worker_id": "gw0", "testrun_uid": "76fd73c02c4e468c9ed445b954ee8a65", "node": "<WorkerController gw0>"}
{"nodeid": "tests40_3_4.py::test_strings_of_size_equal_to_28", "location": ["tests40_3_4.py", 5, "test_strings_of_size_equal_to_28"], "keywords": {"test_strings_of_size_equal_to_28": 1, "tests40_3_4.py": 1, "Folder_3": 1}, "outcome": "failed", "longrepr": {"reprcrash": {"path": "/home/shahin/Benchmark_Command/Q40/command_results_4/Folder_3/tests40_3_4.py", "lineno": 12, "message": "AssertionError: assert ['C', 'P', 'V', 'W', 'Y', 'Z'] == ['{', 't', 's...'o', 'n', ...]\n  At index 0 diff: 'C' != '{'\n  Right contains 22 more items, first extra item: 'k'\n  Full diff:\n    [\n  -  '{',\n  ?   ^\n  +  'C',...\n  \n  ...Full output truncated (42 lines hidden), use '-vv' to show"}, "reprtraceback": {"reprentries": [{"type": "ReprEntry", "data": {"lines": ["    def test_strings_of_size_equal_to_28():", "        selection_range = string.ascii_letters + string.digits + ' ' + \"!#$%&()*+,-./:;<=>?@[]^_{|}~\"", "        s = ''.join(random.sample(selection_range, k=28))", "        if 'descending' == 'ascending':", "            assert return_n_smallest_chars(s) == sorted(s)", "        else:", ">           assert return_n_smallest_chars(s) == sorted(s, reverse=True)", "E           AssertionError: assert ['C', 'P', 'V', 'W', 'Y', 'Z'] == ['{', 't', 's...'o', 'n', ...]", "E             At index 0 diff: 'C' != '{'", "E             Right contains 22 more items, first extra item: 'k'", "E             Full diff:", "E               [", "E             -  '{',", "E             ?   ^", "E             +  'C',...", "E             ", "E             ...Full output truncated (42 lines hidden), use '-vv' to show"], "reprfuncargs": {"args": []}, "reprlocals": null, "reprfileloc": {"path": "Q40/command_results_4/Folder_3/tests40_3_4.py", "lineno": 12, "message": "AssertionError"}, "style": "long"}}], "extraline": null, "style": "long"}, "sections": [], "chain": [[{"reprentries": [{"type": "ReprEntry", "data": {"lines": ["    def test_strings_of_size_equal_to_28():", "        selection_range = string.ascii_letters + string.digits + ' ' + \"!#$%&()*+,-./:;<=>?@[]^_{|}~\"", "        s = ''.join(random.sample(selection_range, k=28))", "        if 'descending' == 'ascending':", "            assert return_n_smallest_chars(s) == sorted(s)", "        else:", ">           assert return_n_smallest_chars(s) == sorted(s, reverse=True)", "E           AssertionError: assert ['C', 'P', 'V', 'W', 'Y', 'Z'] == ['{', 't', 's...'o', 'n', ...]", "E             At index 0 diff: 'C' != '{'", "E             Right contains 22 more items, first extra item: 'k'", "E             Full diff:", "E               [", "E             -  '{',", "E             ?   ^", "E             +  'C',...", "E             ", "E             ...Full output truncated (42 lines hidden), use '-vv' to show"], "reprfuncargs": {"args": []}, "reprlocals": null, "reprfileloc": {"path": "Q40/command_results_4/Folder_3/tests40_3_4.py", "lineno": 12, "message": "AssertionError"}, "style": "long"}}], "extraline": null, "style": "long"}, {"path": "/home/shahin/Benchmark_Command/Q40/command_results_4/Folder_3/tests40_3_4.py", "lineno": 12, "message": "AssertionError: assert ['C', 'P', 'V', 'W', 'Y', 'Z'] == ['{', 't', 's...'o', 'n', ...]\n  At index 0 diff: 'C' != '{'\n  Right contains 22 more items, first extra item: 'k'\n  Full diff:\n    [\n  -  '{',\n  ?   ^\n  +  'C',...\n  \n  ...Full output truncated (42 lines hidden), use '-vv' to show"}, null]]}, "when": "call", "user_properties": [], "sections": [], "duration": 0.0016570679981668945, "extra": [], "$report_type": "TestReport", "item_index": 0, "worker_id": "gw0", "testrun_uid": "76fd73c02c4e468c9ed445b954ee8a65", "node": "<WorkerController gw0>"}
{"exitstatus": 2, "$report_type": "SessionFinish"}
