{"pytest_version": "7.2.2", "$report_type": "SessionStart"}
{"nodeid": "tests3_13_4.py::test_even_range", "location": ["tests3_13_4.py", 15, "test_even_range"], "keywords": {"test_even_range": 1, "tests3_13_4.py": 1, "Folder_13": 1}, "outcome": "passed", "longrepr": null, "when": "setup", "user_properties": [], "sections": [], "duration": 0.00011381400008758646, "$report_type": "TestReport", "item_index": 2, "worker_id": "gw1", "testrun_uid": "a26940faa9464b8faee61b642efc4aff", "node": "<WorkerController gw1>"}
{"nodeid": "tests3_13_4.py::test_large_range", "location": ["tests3_13_4.py", 3, "test_large_range"], "keywords": {"test_large_range": 1, "tests3_13_4.py": 1, "Folder_13": 1}, "outcome": "passed", "longrepr": null, "when": "setup", "user_properties": [], "sections": [], "duration": 0.0001394109999637294, "$report_type": "TestReport", "item_index": 0, "worker_id": "gw0", "testrun_uid": "a26940faa9464b8faee61b642efc4aff", "node": "<WorkerController gw0>"}
{"nodeid": "tests3_13_4.py::test_even_range", "location": ["tests3_13_4.py", 15, "test_even_range"], "keywords": {"test_even_range": 1, "tests3_13_4.py": 1, "Folder_13": 1}, "outcome": "failed", "longrepr": {"reprcrash": {"path": "/home/shahin/Benchmark_Command/Q3/command_results_4/Folder_13/tests3_13_4.py", "lineno": 19, "message": "AssertionError: assert [52, 54, 56, 58, 60, 62, ...] == [52, 54, 56, 58, 60, 62, ...]\n  Right contains one more item: 176\n  Full diff:\n    [\n     52,\n     54,\n     56,\n     58,...\n  \n  ...Full output truncated (61 lines hidden), use '-vv' to show"}, "reprtraceback": {"reprentries": [{"type": "ReprEntry", "data": {"lines": ["    def test_even_range():", "        even_list = [2 * i for i in range(1, 87 + 2)]", "        expected_list = even_list[25:87 + 1]", ">       assert all_pos_ints_inclusive(even_list) == expected_list", "E       AssertionError: assert [52, 54, 56, 58, 60, 62, ...] == [52, 54, 56, 58, 60, 62, ...]", "E         Right contains one more item: 176", "E         Full diff:", "E           [", "E            52,", "E            54,", "E            56,", "E            58,...", "E         ", "E         ...Full output truncated (61 lines hidden), use '-vv' to show"], "reprfuncargs": {"args": []}, "reprlocals": null, "reprfileloc": {"path": "Q3/command_results_4/Folder_13/tests3_13_4.py", "lineno": 19, "message": "AssertionError"}, "style": "long"}}], "extraline": null, "style": "long"}, "sections": [], "chain": [[{"reprentries": [{"type": "ReprEntry", "data": {"lines": ["    def test_even_range():", "        even_list = [2 * i for i in range(1, 87 + 2)]", "        expected_list = even_list[25:87 + 1]", ">       assert all_pos_ints_inclusive(even_list) == expected_list", "E       AssertionError: assert [52, 54, 56, 58, 60, 62, ...] == [52, 54, 56, 58, 60, 62, ...]", "E         Right contains one more item: 176", "E         Full diff:", "E           [", "E            52,", "E            54,", "E            56,", "E            58,...", "E         ", "E         ...Full output truncated (61 lines hidden), use '-vv' to show"], "reprfuncargs": {"args": []}, "reprlocals": null, "reprfileloc": {"path": "Q3/command_results_4/Folder_13/tests3_13_4.py", "lineno": 19, "message": "AssertionError"}, "style": "long"}}], "extraline": null, "style": "long"}, {"path": "/home/shahin/Benchmark_Command/Q3/command_results_4/Folder_13/tests3_13_4.py", "lineno": 19, "message": "AssertionError: assert [52, 54, 56, 58, 60, 62, ...] == [52, 54, 56, 58, 60, 62, ...]\n  Right contains one more item: 176\n  Full diff:\n    [\n     52,\n     54,\n     56,\n     58,...\n  \n  ...Full output truncated (61 lines hidden), use '-vv' to show"}, null]]}, "when": "call", "user_properties": [], "sections": [], "duration": 0.0007405989999824669, "extra": [], "$report_type": "TestReport", "item_index": 2, "worker_id": "gw1", "testrun_uid": "a26940faa9464b8faee61b642efc4aff", "node": "<WorkerController gw1>"}
{"exitstatus": 2, "$report_type": "SessionFinish"}
