{"pytest_version": "7.2.2", "$report_type": "SessionStart"}
{"nodeid": "tests1_70_3.py::test_large_range", "location": ["tests1_70_3.py", 3, "test_large_range"], "keywords": {"test_large_range": 1, "tests1_70_3.py": 1, "Folder_70": 1}, "outcome": "passed", "longrepr": null, "when": "setup", "user_properties": [], "sections": [], "duration": 0.00013924700033385307, "$report_type": "TestReport", "item_index": 0, "worker_id": "gw0", "testrun_uid": "9a84a583c86845e889c64b3bdcaba16c", "node": "<WorkerController gw0>"}
{"nodeid": "tests1_70_3.py::test_even_range", "location": ["tests1_70_3.py", 15, "test_even_range"], "keywords": {"test_even_range": 1, "tests1_70_3.py": 1, "Folder_70": 1}, "outcome": "passed", "longrepr": null, "when": "setup", "user_properties": [], "sections": [], "duration": 0.00015488599456148222, "$report_type": "TestReport", "item_index": 2, "worker_id": "gw1", "testrun_uid": "9a84a583c86845e889c64b3bdcaba16c", "node": "<WorkerController gw1>"}
{"nodeid": "tests1_70_3.py::test_large_range", "location": ["tests1_70_3.py", 3, "test_large_range"], "keywords": {"test_large_range": 1, "tests1_70_3.py": 1, "Folder_70": 1}, "outcome": "failed", "longrepr": {"reprcrash": {"path": "/home/shahin/Benchmark_Command_T0/Q1/command_results_3/Folder_70/tests1_70_3.py", "lineno": 7, "message": "AssertionError: assert [25, 26, 27, 28, 29, 30, ...] == [25, 26, 27, 28, 29, 30, ...]\n  Right contains one more item: 87\n  Full diff:\n    [\n     25,\n     26,\n     27,\n     28,...\n  \n  ...Full output truncated (61 lines hidden), use '-vv' to show"}, "reprtraceback": {"reprentries": [{"type": "ReprEntry", "data": {"lines": ["    def test_large_range():", "        large_list = list(range(0, 87 + 1000))", "        expected_list = list(range(25, 87 + 1))", ">       assert all_ints_inclusive(large_list) == expected_list", "E       AssertionError: assert [25, 26, 27, 28, 29, 30, ...] == [25, 26, 27, 28, 29, 30, ...]", "E         Right contains one more item: 87", "E         Full diff:", "E           [", "E            25,", "E            26,", "E            27,", "E            28,...", "E         ", "E         ...Full output truncated (61 lines hidden), use '-vv' to show"], "reprfuncargs": {"args": []}, "reprlocals": null, "reprfileloc": {"path": "Q1/command_results_3/Folder_70/tests1_70_3.py", "lineno": 7, "message": "AssertionError"}, "style": "long"}}], "extraline": null, "style": "long"}, "sections": [], "chain": [[{"reprentries": [{"type": "ReprEntry", "data": {"lines": ["    def test_large_range():", "        large_list = list(range(0, 87 + 1000))", "        expected_list = list(range(25, 87 + 1))", ">       assert all_ints_inclusive(large_list) == expected_list", "E       AssertionError: assert [25, 26, 27, 28, 29, 30, ...] == [25, 26, 27, 28, 29, 30, ...]", "E         Right contains one more item: 87", "E         Full diff:", "E           [", "E            25,", "E            26,", "E            27,", "E            28,...", "E         ", "E         ...Full output truncated (61 lines hidden), use '-vv' to show"], "reprfuncargs": {"args": []}, "reprlocals": null, "reprfileloc": {"path": "Q1/command_results_3/Folder_70/tests1_70_3.py", "lineno": 7, "message": "AssertionError"}, "style": "long"}}], "extraline": null, "style": "long"}, {"path": "/home/shahin/Benchmark_Command_T0/Q1/command_results_3/Folder_70/tests1_70_3.py", "lineno": 7, "message": "AssertionError: assert [25, 26, 27, 28, 29, 30, ...] == [25, 26, 27, 28, 29, 30, ...]\n  Right contains one more item: 87\n  Full diff:\n    [\n     25,\n     26,\n     27,\n     28,...\n  \n  ...Full output truncated (61 lines hidden), use '-vv' to show"}, null]]}, "when": "call", "user_properties": [], "sections": [], "duration": 0.000771604994952213, "extra": [], "$report_type": "TestReport", "item_index": 0, "worker_id": "gw0", "testrun_uid": "9a84a583c86845e889c64b3bdcaba16c", "node": "<WorkerController gw0>"}
{"exitstatus": 2, "$report_type": "SessionFinish"}
