{"pytest_version": "7.2.2", "$report_type": "SessionStart"}
{"nodeid": "tests47_25_3.py::test_string_of_distinct_chars", "location": ["tests47_25_3.py", 17, "test_string_of_distinct_chars"], "keywords": {"test_string_of_distinct_chars": 1, "tests47_25_3.py": 1, "Folder_25": 1}, "outcome": "passed", "longrepr": null, "when": "setup", "user_properties": [], "sections": [], "duration": 0.00012019900168525055, "$report_type": "TestReport", "item_index": 2, "worker_id": "gw1", "testrun_uid": "fb7520a0e0184f3c82295830e8b9365d", "node": "<WorkerController gw1>"}
{"nodeid": "tests47_25_3.py::test_string_of_similar_chars", "location": ["tests47_25_3.py", 3, "test_string_of_similar_chars"], "keywords": {"test_string_of_similar_chars": 1, "tests47_25_3.py": 1, "Folder_25": 1}, "outcome": "passed", "longrepr": null, "when": "setup", "user_properties": [], "sections": [], "duration": 0.0001572010005475022, "$report_type": "TestReport", "item_index": 0, "worker_id": "gw0", "testrun_uid": "fb7520a0e0184f3c82295830e8b9365d", "node": "<WorkerController gw0>"}
{"nodeid": "tests47_25_3.py::test_string_of_similar_chars", "location": ["tests47_25_3.py", 3, "test_string_of_similar_chars"], "keywords": {"test_string_of_similar_chars": 1, "tests47_25_3.py": 1, "Folder_25": 1}, "outcome": "failed", "longrepr": {"reprcrash": {"path": "/home/shahin/Benchmark_Command_T0/Q47/command_results_3/Folder_25/tests47_25_3.py", "lineno": 8, "message": "AssertionError: assert {'aaaaaaaaaaa...aaaaaaaaaaaa'} == {'aaaaaaaaaaa...aaaaaaa', ...}\n  Extra items in the right set:\n  'aaaaaaaaaaaaaaaaaaaaaaaaaaaaaaaaaaaaa'\n  'aaaaaaaaaaaaaaaaaaaaaaaaaaaaaaa'\n  'aaaaaaaaaaaaaaaaaaaaaaaaaaaaaaaaaaaa'\n  'aaaaaaaaaaaaaaaaaaaaaaaaaaaaaaaa'\n  'aaaaaaaaaaaaaaaaaaaaaaaaaaaaaaaaaaaaaa'\n  'aaaaaaaaaaaaaaaaaaaaaaaaaaaaaaaaaaaaaaaaa'...\n  \n  ...Full output truncated (31 lines hidden), use '-vv' to show"}, "reprtraceback": {"reprentries": [{"type": "ReprEntry", "data": {"lines": ["    def test_string_of_similar_chars():", "        n = max(84, 46)", "        m = min(84 - 26 + 1, 46)", "        s = ''.join('a' for _ in range(n * 2))", ">       assert palindromes_of_specific_lengths(s) == {'a' * i for i in range(30, m + 1)}", "E       AssertionError: assert {'aaaaaaaaaaa...aaaaaaaaaaaa'} == {'aaaaaaaaaaa...aaaaaaa', ...}", "E         Extra items in the right set:", "E         'aaaaaaaaaaaaaaaaaaaaaaaaaaaaaaaaaaaaa'", "E         'aaaaaaaaaaaaaaaaaaaaaaaaaaaaaaa'", "E         'aaaaaaaaaaaaaaaaaaaaaaaaaaaaaaaaaaaa'", "E         'aaaaaaaaaaaaaaaaaaaaaaaaaaaaaaaa'", "E         'aaaaaaaaaaaaaaaaaaaaaaaaaaaaaaaaaaaaaa'", "E         'aaaaaaaaaaaaaaaaaaaaaaaaaaaaaaaaaaaaaaaaa'...", "E         ", "E         ...Full output truncated (31 lines hidden), use '-vv' to show"], "reprfuncargs": {"args": []}, "reprlocals": null, "reprfileloc": {"path": "Q47/command_results_3/Folder_25/tests47_25_3.py", "lineno": 8, "message": "AssertionError"}, "style": "long"}}], "extraline": null, "style": "long"}, "sections": [], "chain": [[{"reprentries": [{"type": "ReprEntry", "data": {"lines": ["    def test_string_of_similar_chars():", "        n = max(84, 46)", "        m = min(84 - 26 + 1, 46)", "        s = ''.join('a' for _ in range(n * 2))", ">       assert palindromes_of_specific_lengths(s) == {'a' * i for i in range(30, m + 1)}", "E       AssertionError: assert {'aaaaaaaaaaa...aaaaaaaaaaaa'} == {'aaaaaaaaaaa...aaaaaaa', ...}", "E         Extra items in the right set:", "E         'aaaaaaaaaaaaaaaaaaaaaaaaaaaaaaaaaaaaa'", "E         'aaaaaaaaaaaaaaaaaaaaaaaaaaaaaaa'", "E         'aaaaaaaaaaaaaaaaaaaaaaaaaaaaaaaaaaaa'", "E         'aaaaaaaaaaaaaaaaaaaaaaaaaaaaaaaa'", "E         'aaaaaaaaaaaaaaaaaaaaaaaaaaaaaaaaaaaaaa'", "E         'aaaaaaaaaaaaaaaaaaaaaaaaaaaaaaaaaaaaaaaaa'...", "E         ", "E         ...Full output truncated (31 lines hidden), use '-vv' to show"], "reprfuncargs": {"args": []}, "reprlocals": null, "reprfileloc": {"path": "Q47/command_results_3/Folder_25/tests47_25_3.py", "lineno": 8, "message": "AssertionError"}, "style": "long"}}], "extraline": null, "style": "long"}, {"path": "/home/shahin/Benchmark_Command_T0/Q47/command_results_3/Folder_25/tests47_25_3.py", "lineno": 8, "message": "AssertionError: assert {'aaaaaaaaaaa...aaaaaaaaaaaa'} == {'aaaaaaaaaaa...aaaaaaa', ...}\n  Extra items in the right set:\n  'aaaaaaaaaaaaaaaaaaaaaaaaaaaaaaaaaaaaa'\n  'aaaaaaaaaaaaaaaaaaaaaaaaaaaaaaa'\n  'aaaaaaaaaaaaaaaaaaaaaaaaaaaaaaaaaaaa'\n  'aaaaaaaaaaaaaaaaaaaaaaaaaaaaaaaa'\n  'aaaaaaaaaaaaaaaaaaaaaaaaaaaaaaaaaaaaaa'\n  'aaaaaaaaaaaaaaaaaaaaaaaaaaaaaaaaaaaaaaaaa'...\n  \n  ...Full output truncated (31 lines hidden), use '-vv' to show"}, null]]}, "when": "call", "user_properties": [], "sections": [], "duration": 0.0007000080004218034, "extra": [], "$report_type": "TestReport", "item_index": 0, "worker_id": "gw0", "testrun_uid": "fb7520a0e0184f3c82295830e8b9365d", "node": "<WorkerController gw0>"}
{"exitstatus": 2, "$report_type": "SessionFinish"}
