{"pytest_version": "7.2.2", "$report_type": "SessionStart"}
{"nodeid": "tests40_66_1.py::test_if_result_is_sorted", "location": ["tests40_66_1.py", 20, "test_if_result_is_sorted"], "keywords": {"test_if_result_is_sorted": 1, "tests40_66_1.py": 1, "Folder_66": 1}, "outcome": "passed", "longrepr": null, "when": "setup", "user_properties": [], "sections": [], "duration": 0.00012473799870349467, "$report_type": "TestReport", "item_index": 2, "worker_id": "gw1", "testrun_uid": "e054d202dbe74d9d8d76cd8596f64855", "node": "<WorkerController gw1>"}
{"nodeid": "tests40_66_1.py::test_strings_of_size_equal_to_33", "location": ["tests40_66_1.py", 5, "test_strings_of_size_equal_to_33"], "keywords": {"test_strings_of_size_equal_to_33": 1, "tests40_66_1.py": 1, "Folder_66": 1}, "outcome": "passed", "longrepr": null, "when": "setup", "user_properties": [], "sections": [], "duration": 0.00014675000420538709, "$report_type": "TestReport", "item_index": 0, "worker_id": "gw0", "testrun_uid": "e054d202dbe74d9d8d76cd8596f64855", "node": "<WorkerController gw0>"}
{"nodeid": "tests40_66_1.py::test_strings_of_size_equal_to_33", "location": ["tests40_66_1.py", 5, "test_strings_of_size_equal_to_33"], "keywords": {"test_strings_of_size_equal_to_33": 1, "tests40_66_1.py": 1, "Folder_66": 1}, "outcome": "failed", "longrepr": {"reprcrash": {"path": "/home/shahin/Benchmark_Command_T0/Q40/command_results_1/Folder_66/tests40_66_1.py", "lineno": 12, "message": "AssertionError: assert ['n', 'r', 'u...'t', 'w', ...] == ['~', '}', '|...'w', 'u', ...]\n  At index 0 diff: 'n' != '~'\n  Right contains 25 more items, first extra item: 'r'\n  Full diff:\n    [\n  -  '~',\n  ?   ^\n  +  'n',...\n  \n  ...Full output truncated (48 lines hidden), use '-vv' to show"}, "reprtraceback": {"reprentries": [{"type": "ReprEntry", "data": {"lines": ["    def test_strings_of_size_equal_to_33():", "        selection_range = string.ascii_letters + string.digits + ' ' + \"!#$%&()*+,-./:;<=>?@[]^_{|}~\"", "        s = ''.join(random.sample(selection_range, k=33))", "        if 'descending' == 'ascending':", "            assert return_n_smallest_chars(s) == sorted(s)", "        else:", ">           assert return_n_smallest_chars(s) == sorted(s, reverse=True)", "E           AssertionError: assert ['n', 'r', 'u...'t', 'w', ...] == ['~', '}', '|...'w', 'u', ...]", "E             At index 0 diff: 'n' != '~'", "E             Right contains 25 more items, first extra item: 'r'", "E             Full diff:", "E               [", "E             -  '~',", "E             ?   ^", "E             +  'n',...", "E             ", "E             ...Full output truncated (48 lines hidden), use '-vv' to show"], "reprfuncargs": {"args": []}, "reprlocals": null, "reprfileloc": {"path": "Q40/command_results_1/Folder_66/tests40_66_1.py", "lineno": 12, "message": "AssertionError"}, "style": "long"}}], "extraline": null, "style": "long"}, "sections": [], "chain": [[{"reprentries": [{"type": "ReprEntry", "data": {"lines": ["    def test_strings_of_size_equal_to_33():", "        selection_range = string.ascii_letters + string.digits + ' ' + \"!#$%&()*+,-./:;<=>?@[]^_{|}~\"", "        s = ''.join(random.sample(selection_range, k=33))", "        if 'descending' == 'ascending':", "            assert return_n_smallest_chars(s) == sorted(s)", "        else:", ">           assert return_n_smallest_chars(s) == sorted(s, reverse=True)", "E           AssertionError: assert ['n', 'r', 'u...'t', 'w', ...] == ['~', '}', '|...'w', 'u', ...]", "E             At index 0 diff: 'n' != '~'", "E             Right contains 25 more items, first extra item: 'r'", "E             Full diff:", "E               [", "E             -  '~',", "E             ?   ^", "E             +  'n',...", "E             ", "E             ...Full output truncated (48 lines hidden), use '-vv' to show"], "reprfuncargs": {"args": []}, "reprlocals": null, "reprfileloc": {"path": "Q40/command_results_1/Folder_66/tests40_66_1.py", "lineno": 12, "message": "AssertionError"}, "style": "long"}}], "extraline": null, "style": "long"}, {"path": "/home/shahin/Benchmark_Command_T0/Q40/command_results_1/Folder_66/tests40_66_1.py", "lineno": 12, "message": "AssertionError: assert ['n', 'r', 'u...'t', 'w', ...] == ['~', '}', '|...'w', 'u', ...]\n  At index 0 diff: 'n' != '~'\n  Right contains 25 more items, first extra item: 'r'\n  Full diff:\n    [\n  -  '~',\n  ?   ^\n  +  'n',...\n  \n  ...Full output truncated (48 lines hidden), use '-vv' to show"}, null]]}, "when": "call", "user_properties": [], "sections": [], "duration": 0.0009137969973380677, "extra": [], "$report_type": "TestReport", "item_index": 0, "worker_id": "gw0", "testrun_uid": "e054d202dbe74d9d8d76cd8596f64855", "node": "<WorkerController gw0>"}
{"exitstatus": 2, "$report_type": "SessionFinish"}
