{"pytest_version": "7.2.2", "$report_type": "SessionStart"}
{"nodeid": "tests26_65_4.py::test_nums", "location": ["tests26_65_4.py", 14, "test_nums"], "keywords": {"test_nums": 1, "tests26_65_4.py": 1, "Folder_65": 1}, "outcome": "passed", "longrepr": null, "when": "setup", "user_properties": [], "sections": [], "duration": 0.00011691999861795921, "$report_type": "TestReport", "item_index": 2, "worker_id": "gw1", "testrun_uid": "147e5b7f4f1b47148d7f9cada56bad5c", "node": "<WorkerController gw1>"}
{"nodeid": "tests26_65_4.py::test_range_of_given_arguments", "location": ["tests26_65_4.py", 4, "test_range_of_given_arguments"], "keywords": {"test_range_of_given_arguments": 1, "tests26_65_4.py": 1, "Folder_65": 1}, "outcome": "passed", "longrepr": null, "when": "setup", "user_properties": [], "sections": [], "duration": 0.00015550200077996124, "$report_type": "TestReport", "item_index": 0, "worker_id": "gw0", "testrun_uid": "147e5b7f4f1b47148d7f9cada56bad5c", "node": "<WorkerController gw0>"}
{"nodeid": "tests26_65_4.py::test_range_of_given_arguments", "location": ["tests26_65_4.py", 4, "test_range_of_given_arguments"], "keywords": {"test_range_of_given_arguments": 1, "tests26_65_4.py": 1, "Folder_65": 1}, "outcome": "failed", "longrepr": {"reprcrash": {"path": "/home/shahin/Benchmark_Command/Q26/command_results_4/Folder_65/tests26_65_4.py", "lineno": 7, "message": "assert 0 == 644\n +  where 0 = sum_in_range([77, 78, 79, 80, 81, 82, ...])\n +  and   644 = sum([77, 78, 79, 80, 81, 82, ...])"}, "reprtraceback": {"reprentries": [{"type": "ReprEntry", "data": {"lines": ["    def test_range_of_given_arguments():", "        initial_list = list(range(77, 84 + 1))", ">       assert sum_in_range(initial_list) == sum(initial_list)", "E       assert 0 == 644", "E        +  where 0 = sum_in_range([77, 78, 79, 80, 81, 82, ...])", "E        +  and   644 = sum([77, 78, 79, 80, 81, 82, ...])"], "reprfuncargs": {"args": []}, "reprlocals": null, "reprfileloc": {"path": "Q26/command_results_4/Folder_65/tests26_65_4.py", "lineno": 7, "message": "AssertionError"}, "style": "long"}}], "extraline": null, "style": "long"}, "sections": [], "chain": [[{"reprentries": [{"type": "ReprEntry", "data": {"lines": ["    def test_range_of_given_arguments():", "        initial_list = list(range(77, 84 + 1))", ">       assert sum_in_range(initial_list) == sum(initial_list)", "E       assert 0 == 644", "E        +  where 0 = sum_in_range([77, 78, 79, 80, 81, 82, ...])", "E        +  and   644 = sum([77, 78, 79, 80, 81, 82, ...])"], "reprfuncargs": {"args": []}, "reprlocals": null, "reprfileloc": {"path": "Q26/command_results_4/Folder_65/tests26_65_4.py", "lineno": 7, "message": "AssertionError"}, "style": "long"}}], "extraline": null, "style": "long"}, {"path": "/home/shahin/Benchmark_Command/Q26/command_results_4/Folder_65/tests26_65_4.py", "lineno": 7, "message": "assert 0 == 644\n +  where 0 = sum_in_range([77, 78, 79, 80, 81, 82, ...])\n +  and   644 = sum([77, 78, 79, 80, 81, 82, ...])"}, null]]}, "when": "call", "user_properties": [], "sections": [], "duration": 0.00024469900017720647, "extra": [], "$report_type": "TestReport", "item_index": 0, "worker_id": "gw0", "testrun_uid": "147e5b7f4f1b47148d7f9cada56bad5c", "node": "<WorkerController gw0>"}
{"exitstatus": 2, "$report_type": "SessionFinish"}
