{"pytest_version": "7.2.2", "$report_type": "SessionStart"}
{"nodeid": "tests3_32_2.py::test_even_range", "location": ["tests3_32_2.py", 15, "test_even_range"], "keywords": {"test_even_range": 1, "tests3_32_2.py": 1, "Folder_32": 1}, "outcome": "passed", "longrepr": null, "when": "setup", "user_properties": [], "sections": [], "duration": 0.00011653900037345011, "$report_type": "TestReport", "item_index": 2, "worker_id": "gw1", "testrun_uid": "eab066c7793e46378d4fa8d21817fab0", "node": "<WorkerController gw1>"}
{"nodeid": "tests3_32_2.py::test_large_range", "location": ["tests3_32_2.py", 3, "test_large_range"], "keywords": {"test_large_range": 1, "tests3_32_2.py": 1, "Folder_32": 1}, "outcome": "passed", "longrepr": null, "when": "setup", "user_properties": [], "sections": [], "duration": 0.00018575799958853167, "$report_type": "TestReport", "item_index": 0, "worker_id": "gw0", "testrun_uid": "eab066c7793e46378d4fa8d21817fab0", "node": "<WorkerController gw0>"}
{"nodeid": "tests3_32_2.py::test_large_range", "location": ["tests3_32_2.py", 3, "test_large_range"], "keywords": {"test_large_range": 1, "tests3_32_2.py": 1, "Folder_32": 1}, "outcome": "failed", "longrepr": {"reprcrash": {"path": "/home/shahin/Benchmark_Command/Q3/command_results_2/Folder_32/tests3_32_2.py", "lineno": 7, "message": "AssertionError: assert [22, 23, 24, 25, 26, 27, ...] == [22, 23, 24, 25, 26, 27, ...]\n  Right contains one more item: 98\n  Full diff:\n    [\n     22,\n     23,\n     24,\n     25,...\n  \n  ...Full output truncated (75 lines hidden), use '-vv' to show"}, "reprtraceback": {"reprentries": [{"type": "ReprEntry", "data": {"lines": ["    def test_large_range():", "        large_list = list(range(1, 97 + 1000))", "        expected_list = large_list[21:97 + 1]", ">       assert all_pos_ints_inclusive(large_list) == expected_list", "E       AssertionError: assert [22, 23, 24, 25, 26, 27, ...] == [22, 23, 24, 25, 26, 27, ...]", "E         Right contains one more item: 98", "E         Full diff:", "E           [", "E            22,", "E            23,", "E            24,", "E            25,...", "E         ", "E         ...Full output truncated (75 lines hidden), use '-vv' to show"], "reprfuncargs": {"args": []}, "reprlocals": null, "reprfileloc": {"path": "Q3/command_results_2/Folder_32/tests3_32_2.py", "lineno": 7, "message": "AssertionError"}, "style": "long"}}], "extraline": null, "style": "long"}, "sections": [], "chain": [[{"reprentries": [{"type": "ReprEntry", "data": {"lines": ["    def test_large_range():", "        large_list = list(range(1, 97 + 1000))", "        expected_list = large_list[21:97 + 1]", ">       assert all_pos_ints_inclusive(large_list) == expected_list", "E       AssertionError: assert [22, 23, 24, 25, 26, 27, ...] == [22, 23, 24, 25, 26, 27, ...]", "E         Right contains one more item: 98", "E         Full diff:", "E           [", "E            22,", "E            23,", "E            24,", "E            25,...", "E         ", "E         ...Full output truncated (75 lines hidden), use '-vv' to show"], "reprfuncargs": {"args": []}, "reprlocals": null, "reprfileloc": {"path": "Q3/command_results_2/Folder_32/tests3_32_2.py", "lineno": 7, "message": "AssertionError"}, "style": "long"}}], "extraline": null, "style": "long"}, {"path": "/home/shahin/Benchmark_Command/Q3/command_results_2/Folder_32/tests3_32_2.py", "lineno": 7, "message": "AssertionError: assert [22, 23, 24, 25, 26, 27, ...] == [22, 23, 24, 25, 26, 27, ...]\n  Right contains one more item: 98\n  Full diff:\n    [\n     22,\n     23,\n     24,\n     25,...\n  \n  ...Full output truncated (75 lines hidden), use '-vv' to show"}, null]]}, "when": "call", "user_properties": [], "sections": [], "duration": 0.0008659639997858903, "extra": [], "$report_type": "TestReport", "item_index": 0, "worker_id": "gw0", "testrun_uid": "eab066c7793e46378d4fa8d21817fab0", "node": "<WorkerController gw0>"}
{"exitstatus": 2, "$report_type": "SessionFinish"}
