{"pytest_version": "7.2.2", "$report_type": "SessionStart"}
{"nodeid": "tests47_26_4.py::test_string_of_similar_chars", "location": ["tests47_26_4.py", 3, "test_string_of_similar_chars"], "keywords": {"test_string_of_similar_chars": 1, "tests47_26_4.py": 1, "Folder_26": 1}, "outcome": "passed", "longrepr": null, "when": "setup", "user_properties": [], "sections": [], "duration": 0.0001406539995514322, "$report_type": "TestReport", "item_index": 0, "worker_id": "gw0", "testrun_uid": "17eb7e894187430f93c4e3fe7f484312", "node": "<WorkerController gw0>"}
{"nodeid": "tests47_26_4.py::test_string_of_distinct_chars", "location": ["tests47_26_4.py", 17, "test_string_of_distinct_chars"], "keywords": {"test_string_of_distinct_chars": 1, "tests47_26_4.py": 1, "Folder_26": 1}, "outcome": "passed", "longrepr": null, "when": "setup", "user_properties": [], "sections": [], "duration": 0.0001727839990053326, "$report_type": "TestReport", "item_index": 2, "worker_id": "gw1", "testrun_uid": "17eb7e894187430f93c4e3fe7f484312", "node": "<WorkerController gw1>"}
{"nodeid": "tests47_26_4.py::test_string_of_similar_chars", "location": ["tests47_26_4.py", 3, "test_string_of_similar_chars"], "keywords": {"test_string_of_similar_chars": 1, "tests47_26_4.py": 1, "Folder_26": 1}, "outcome": "failed", "longrepr": {"reprcrash": {"path": "/home/shahin/Benchmark_Command/Q47/command_results_4/Folder_26/tests47_26_4.py", "lineno": 8, "message": "AssertionError: assert {'aaaaaaaaaaa...aaaaaaaaaaaa'} == {'aaaaaaaaaaa...aaaaaaa', ...}\n  Extra items in the left set:\n  'aaaaaaaaaaaaaaaaaaaaaaaaaaaaaaaaaaaaaaaaaaaaaaaaaaaaaaaaaaaa'\n  Extra items in the right set:\n  'aaaaaaaaaaaaaaaaaaaaa'\n  'aaaaaaaaaaaaaaaaaaaaaa'\n  'aaaaaaaaaaaaaaaaaaaaaaaaaaa'\n  'aaaaaaaaaaaaaaaaaaaaaaaaa'...\n  \n  ...Full output truncated (23 lines hidden), use '-vv' to show"}, "reprtraceback": {"reprentries": [{"type": "ReprEntry", "data": {"lines": ["    def test_string_of_similar_chars():", "        n = max(84, 31)", "        m = min(84 - 24 + 1, 31)", "        s = ''.join('a' for _ in range(n * 2))", ">       assert palindromes_of_specific_lengths(s) == {'a' * i for i in range(21, m + 1)}", "E       AssertionError: assert {'aaaaaaaaaaa...aaaaaaaaaaaa'} == {'aaaaaaaaaaa...aaaaaaa', ...}", "E         Extra items in the left set:", "E         'aaaaaaaaaaaaaaaaaaaaaaaaaaaaaaaaaaaaaaaaaaaaaaaaaaaaaaaaaaaa'", "E         Extra items in the right set:", "E         'aaaaaaaaaaaaaaaaaaaaa'", "E         'aaaaaaaaaaaaaaaaaaaaaa'", "E         'aaaaaaaaaaaaaaaaaaaaaaaaaaa'", "E         'aaaaaaaaaaaaaaaaaaaaaaaaa'...", "E         ", "E         ...Full output truncated (23 lines hidden), use '-vv' to show"], "reprfuncargs": {"args": []}, "reprlocals": null, "reprfileloc": {"path": "Q47/command_results_4/Folder_26/tests47_26_4.py", "lineno": 8, "message": "AssertionError"}, "style": "long"}}], "extraline": null, "style": "long"}, "sections": [], "chain": [[{"reprentries": [{"type": "ReprEntry", "data": {"lines": ["    def test_string_of_similar_chars():", "        n = max(84, 31)", "        m = min(84 - 24 + 1, 31)", "        s = ''.join('a' for _ in range(n * 2))", ">       assert palindromes_of_specific_lengths(s) == {'a' * i for i in range(21, m + 1)}", "E       AssertionError: assert {'aaaaaaaaaaa...aaaaaaaaaaaa'} == {'aaaaaaaaaaa...aaaaaaa', ...}", "E         Extra items in the left set:", "E         'aaaaaaaaaaaaaaaaaaaaaaaaaaaaaaaaaaaaaaaaaaaaaaaaaaaaaaaaaaaa'", "E         Extra items in the right set:", "E         'aaaaaaaaaaaaaaaaaaaaa'", "E         'aaaaaaaaaaaaaaaaaaaaaa'", "E         'aaaaaaaaaaaaaaaaaaaaaaaaaaa'", "E         'aaaaaaaaaaaaaaaaaaaaaaaaa'...", "E         ", "E         ...Full output truncated (23 lines hidden), use '-vv' to show"], "reprfuncargs": {"args": []}, "reprlocals": null, "reprfileloc": {"path": "Q47/command_results_4/Folder_26/tests47_26_4.py", "lineno": 8, "message": "AssertionError"}, "style": "long"}}], "extraline": null, "style": "long"}, {"path": "/home/shahin/Benchmark_Command/Q47/command_results_4/Folder_26/tests47_26_4.py", "lineno": 8, "message": "AssertionError: assert {'aaaaaaaaaaa...aaaaaaaaaaaa'} == {'aaaaaaaaaaa...aaaaaaa', ...}\n  Extra items in the left set:\n  'aaaaaaaaaaaaaaaaaaaaaaaaaaaaaaaaaaaaaaaaaaaaaaaaaaaaaaaaaaaa'\n  Extra items in the right set:\n  'aaaaaaaaaaaaaaaaaaaaa'\n  'aaaaaaaaaaaaaaaaaaaaaa'\n  'aaaaaaaaaaaaaaaaaaaaaaaaaaa'\n  'aaaaaaaaaaaaaaaaaaaaaaaaa'...\n  \n  ...Full output truncated (23 lines hidden), use '-vv' to show"}, null]]}, "when": "call", "user_properties": [], "sections": [], "duration": 0.0005149059979885351, "extra": [], "$report_type": "TestReport", "item_index": 0, "worker_id": "gw0", "testrun_uid": "17eb7e894187430f93c4e3fe7f484312", "node": "<WorkerController gw0>"}
{"exitstatus": 2, "$report_type": "SessionFinish"}
