{"pytest_version": "7.2.2", "$report_type": "SessionStart"}
{"nodeid": "tests39_51_1.py::test_if_result_is_sorted", "location": ["tests39_51_1.py", 20, "test_if_result_is_sorted"], "keywords": {"test_if_result_is_sorted": 1, "tests39_51_1.py": 1, "Folder_51": 1}, "outcome": "passed", "longrepr": null, "when": "setup", "user_properties": [], "sections": [], "duration": 0.00014208199718268588, "$report_type": "TestReport", "item_index": 2, "worker_id": "gw1", "testrun_uid": "2f08f2c3b56747a4a90af8f4eec68462", "node": "<WorkerController gw1>"}
{"nodeid": "tests39_51_1.py::test_strings_of_size_equal_to_45", "location": ["tests39_51_1.py", 5, "test_strings_of_size_equal_to_45"], "keywords": {"test_strings_of_size_equal_to_45": 1, "tests39_51_1.py": 1, "Folder_51": 1}, "outcome": "passed", "longrepr": null, "when": "setup", "user_properties": [], "sections": [], "duration": 0.00014488700253423303, "$report_type": "TestReport", "item_index": 0, "worker_id": "gw0", "testrun_uid": "2f08f2c3b56747a4a90af8f4eec68462", "node": "<WorkerController gw0>"}
{"nodeid": "tests39_51_1.py::test_strings_of_size_equal_to_45", "location": ["tests39_51_1.py", 5, "test_strings_of_size_equal_to_45"], "keywords": {"test_strings_of_size_equal_to_45": 1, "tests39_51_1.py": 1, "Folder_51": 1}, "outcome": "failed", "longrepr": {"reprcrash": {"path": "/home/shahin/Benchmark_Command_T0/Q39/command_results_1/Folder_51/tests39_51_1.py", "lineno": 12, "message": "AssertionError: assert ['K', 'G', 'T...'N', 'E', ...] == ['~', '|', 'z...'v', 'u', ...]\n  At index 0 diff: 'K' != '~'\n  Right contains 31 more items, first extra item: 'a'\n  Full diff:\n    [\n  -  '~',\n  ?   ^\n  +  'K',...\n  \n  ...Full output truncated (69 lines hidden), use '-vv' to show"}, "reprtraceback": {"reprentries": [{"type": "ReprEntry", "data": {"lines": ["    def test_strings_of_size_equal_to_45():", "        selection_range = string.ascii_letters + string.digits + ' ' + \"!#$%&()*+,-./:;<=>?@[]^_{|}~\"", "        s = ''.join(random.sample(selection_range, k=45))", "        if 'descending' == 'ascending':", "            assert return_n_greatest_chars(s) == sorted(s)", "        else:", ">           assert return_n_greatest_chars(s) == sorted(s, reverse=True)", "E           AssertionError: assert ['K', 'G', 'T...'N', 'E', ...] == ['~', '|', 'z...'v', 'u', ...]", "E             At index 0 diff: 'K' != '~'", "E             Right contains 31 more items, first extra item: 'a'", "E             Full diff:", "E               [", "E             -  '~',", "E             ?   ^", "E             +  'K',...", "E             ", "E             ...Full output truncated (69 lines hidden), use '-vv' to show"], "reprfuncargs": {"args": []}, "reprlocals": null, "reprfileloc": {"path": "Q39/command_results_1/Folder_51/tests39_51_1.py", "lineno": 12, "message": "AssertionError"}, "style": "long"}}], "extraline": null, "style": "long"}, "sections": [], "chain": [[{"reprentries": [{"type": "ReprEntry", "data": {"lines": ["    def test_strings_of_size_equal_to_45():", "        selection_range = string.ascii_letters + string.digits + ' ' + \"!#$%&()*+,-./:;<=>?@[]^_{|}~\"", "        s = ''.join(random.sample(selection_range, k=45))", "        if 'descending' == 'ascending':", "            assert return_n_greatest_chars(s) == sorted(s)", "        else:", ">           assert return_n_greatest_chars(s) == sorted(s, reverse=True)", "E           AssertionError: assert ['K', 'G', 'T...'N', 'E', ...] == ['~', '|', 'z...'v', 'u', ...]", "E             At index 0 diff: 'K' != '~'", "E             Right contains 31 more items, first extra item: 'a'", "E             Full diff:", "E               [", "E             -  '~',", "E             ?   ^", "E             +  'K',...", "E             ", "E             ...Full output truncated (69 lines hidden), use '-vv' to show"], "reprfuncargs": {"args": []}, "reprlocals": null, "reprfileloc": {"path": "Q39/command_results_1/Folder_51/tests39_51_1.py", "lineno": 12, "message": "AssertionError"}, "style": "long"}}], "extraline": null, "style": "long"}, {"path": "/home/shahin/Benchmark_Command_T0/Q39/command_results_1/Folder_51/tests39_51_1.py", "lineno": 12, "message": "AssertionError: assert ['K', 'G', 'T...'N', 'E', ...] == ['~', '|', 'z...'v', 'u', ...]\n  At index 0 diff: 'K' != '~'\n  Right contains 31 more items, first extra item: 'a'\n  Full diff:\n    [\n  -  '~',\n  ?   ^\n  +  'K',...\n  \n  ...Full output truncated (69 lines hidden), use '-vv' to show"}, null]]}, "when": "call", "user_properties": [], "sections": [], "duration": 0.001732010998239275, "extra": [], "$report_type": "TestReport", "item_index": 0, "worker_id": "gw0", "testrun_uid": "2f08f2c3b56747a4a90af8f4eec68462", "node": "<WorkerController gw0>"}
{"exitstatus": 2, "$report_type": "SessionFinish"}
