{"pytest_version": "7.2.2", "$report_type": "SessionStart"}
{"nodeid": "tests47_70_2.py::test_string_of_distinct_chars", "location": ["tests47_70_2.py", 17, "test_string_of_distinct_chars"], "keywords": {"test_string_of_distinct_chars": 1, "tests47_70_2.py": 1, "Folder_70": 1}, "outcome": "passed", "longrepr": null, "when": "setup", "user_properties": [], "sections": [], "duration": 0.00012667199916904792, "$report_type": "TestReport", "item_index": 2, "worker_id": "gw1", "testrun_uid": "4e5466417b8a4985933a612eeeaa9b38", "node": "<WorkerController gw1>"}
{"nodeid": "tests47_70_2.py::test_string_of_similar_chars", "location": ["tests47_70_2.py", 3, "test_string_of_similar_chars"], "keywords": {"test_string_of_similar_chars": 1, "tests47_70_2.py": 1, "Folder_70": 1}, "outcome": "passed", "longrepr": null, "when": "setup", "user_properties": [], "sections": [], "duration": 0.00014170099893817678, "$report_type": "TestReport", "item_index": 0, "worker_id": "gw0", "testrun_uid": "4e5466417b8a4985933a612eeeaa9b38", "node": "<WorkerController gw0>"}
{"nodeid": "tests47_70_2.py::test_string_of_similar_chars", "location": ["tests47_70_2.py", 3, "test_string_of_similar_chars"], "keywords": {"test_string_of_similar_chars": 1, "tests47_70_2.py": 1, "Folder_70": 1}, "outcome": "failed", "longrepr": {"reprcrash": {"path": "/home/shahin/Benchmark_Command_T0/Q47/command_results_2/Folder_70/tests47_70_2.py", "lineno": 8, "message": "AssertionError: assert set() == {'aaaaaaaaaaa...aaaaaaa', ...}\n  Extra items in the right set:\n  'aaaaaaaaaaaaaaaaaaaaaaaaaaaaaaaaaaaaaaaa'\n  'aaaaaaaaaaaaaaaaaaaaaaaaa'\n  'aaaaaaaaaaaaaaaaaaaaaaaaaaaaaaaaaaaaaaaaaaaaaaaaaa'\n  'aaaaaaaaaaaaaaaaaaaaaaaaaaaaaaaaaaa'\n  'aaaaaaaaaaaaaaaaaaaaaaaaaaaaaaaaa'\n  'aaaaaaaaaaaaaaaaaaaaaaaaaaaaaaaaaaaaaaa'...\n  \n  ...Full output truncated (58 lines hidden), use '-vv' to show"}, "reprtraceback": {"reprentries": [{"type": "ReprEntry", "data": {"lines": ["    def test_string_of_similar_chars():", "        n = max(70, 52)", "        m = min(70 - 10 + 1, 52)", "        s = ''.join('a' for _ in range(n * 2))", ">       assert palindromes_of_specific_lengths(s) == {'a' * i for i in range(24, m + 1)}", "E       AssertionError: assert set() == {'aaaaaaaaaaa...aaaaaaa', ...}", "E         Extra items in the right set:", "E         'aaaaaaaaaaaaaaaaaaaaaaaaaaaaaaaaaaaaaaaa'", "E         'aaaaaaaaaaaaaaaaaaaaaaaaa'", "E         'aaaaaaaaaaaaaaaaaaaaaaaaaaaaaaaaaaaaaaaaaaaaaaaaaa'", "E         'aaaaaaaaaaaaaaaaaaaaaaaaaaaaaaaaaaa'", "E         'aaaaaaaaaaaaaaaaaaaaaaaaaaaaaaaaa'", "E         'aaaaaaaaaaaaaaaaaaaaaaaaaaaaaaaaaaaaaaa'...", "E         ", "E         ...Full output truncated (58 lines hidden), use '-vv' to show"], "reprfuncargs": {"args": []}, "reprlocals": null, "reprfileloc": {"path": "Q47/command_results_2/Folder_70/tests47_70_2.py", "lineno": 8, "message": "AssertionError"}, "style": "long"}}], "extraline": null, "style": "long"}, "sections": [], "chain": [[{"reprentries": [{"type": "ReprEntry", "data": {"lines": ["    def test_string_of_similar_chars():", "        n = max(70, 52)", "        m = min(70 - 10 + 1, 52)", "        s = ''.join('a' for _ in range(n * 2))", ">       assert palindromes_of_specific_lengths(s) == {'a' * i for i in range(24, m + 1)}", "E       AssertionError: assert set() == {'aaaaaaaaaaa...aaaaaaa', ...}", "E         Extra items in the right set:", "E         'aaaaaaaaaaaaaaaaaaaaaaaaaaaaaaaaaaaaaaaa'", "E         'aaaaaaaaaaaaaaaaaaaaaaaaa'", "E         'aaaaaaaaaaaaaaaaaaaaaaaaaaaaaaaaaaaaaaaaaaaaaaaaaa'", "E         'aaaaaaaaaaaaaaaaaaaaaaaaaaaaaaaaaaa'", "E         'aaaaaaaaaaaaaaaaaaaaaaaaaaaaaaaaa'", "E         'aaaaaaaaaaaaaaaaaaaaaaaaaaaaaaaaaaaaaaa'...", "E         ", "E         ...Full output truncated (58 lines hidden), use '-vv' to show"], "reprfuncargs": {"args": []}, "reprlocals": null, "reprfileloc": {"path": "Q47/command_results_2/Folder_70/tests47_70_2.py", "lineno": 8, "message": "AssertionError"}, "style": "long"}}], "extraline": null, "style": "long"}, {"path": "/home/shahin/Benchmark_Command_T0/Q47/command_results_2/Folder_70/tests47_70_2.py", "lineno": 8, "message": "AssertionError: assert set() == {'aaaaaaaaaaa...aaaaaaa', ...}\n  Extra items in the right set:\n  'aaaaaaaaaaaaaaaaaaaaaaaaaaaaaaaaaaaaaaaa'\n  'aaaaaaaaaaaaaaaaaaaaaaaaa'\n  'aaaaaaaaaaaaaaaaaaaaaaaaaaaaaaaaaaaaaaaaaaaaaaaaaa'\n  'aaaaaaaaaaaaaaaaaaaaaaaaaaaaaaaaaaa'\n  'aaaaaaaaaaaaaaaaaaaaaaaaaaaaaaaaa'\n  'aaaaaaaaaaaaaaaaaaaaaaaaaaaaaaaaaaaaaaa'...\n  \n  ...Full output truncated (58 lines hidden), use '-vv' to show"}, null]]}, "when": "call", "user_properties": [], "sections": [], "duration": 0.15747499500139384, "extra": [], "$report_type": "TestReport", "item_index": 0, "worker_id": "gw0", "testrun_uid": "4e5466417b8a4985933a612eeeaa9b38", "node": "<WorkerController gw0>"}
{"exitstatus": 2, "$report_type": "SessionFinish"}
