{"pytest_version": "7.2.2", "$report_type": "SessionStart"}
{"nodeid": "tests40_78_3.py::test_if_result_is_sorted", "location": ["tests40_78_3.py", 20, "test_if_result_is_sorted"], "keywords": {"test_if_result_is_sorted": 1, "tests40_78_3.py": 1, "Folder_78": 1}, "outcome": "passed", "longrepr": null, "when": "setup", "user_properties": [], "sections": [], "duration": 0.00011945900041610003, "$report_type": "TestReport", "item_index": 2, "worker_id": "gw1", "testrun_uid": "a23032ede6dc481397a280c7b29e84b7", "node": "<WorkerController gw1>"}
{"nodeid": "tests40_78_3.py::test_strings_of_size_equal_to_43", "location": ["tests40_78_3.py", 5, "test_strings_of_size_equal_to_43"], "keywords": {"test_strings_of_size_equal_to_43": 1, "tests40_78_3.py": 1, "Folder_78": 1}, "outcome": "passed", "longrepr": null, "when": "setup", "user_properties": [], "sections": [], "duration": 0.00016905299708014354, "$report_type": "TestReport", "item_index": 0, "worker_id": "gw0", "testrun_uid": "a23032ede6dc481397a280c7b29e84b7", "node": "<WorkerController gw0>"}
{"nodeid": "tests40_78_3.py::test_strings_of_size_equal_to_43", "location": ["tests40_78_3.py", 5, "test_strings_of_size_equal_to_43"], "keywords": {"test_strings_of_size_equal_to_43": 1, "tests40_78_3.py": 1, "Folder_78": 1}, "outcome": "failed", "longrepr": {"reprcrash": {"path": "/home/shahin/Benchmark_Command_T0/Q40/command_results_3/Folder_78/tests40_78_3.py", "lineno": 12, "message": "AssertionError: assert ['a', 'e', 'f...'k', 'l', ...] == ['~', 'z', 'y...'w', 'u', ...]\n  At index 0 diff: 'a' != '~'\n  Right contains 29 more items, first extra item: 'a'\n  Full diff:\n    [\n  -  '~',\n  ?   ^\n  +  'a',...\n  \n  ...Full output truncated (57 lines hidden), use '-vv' to show"}, "reprtraceback": {"reprentries": [{"type": "ReprEntry", "data": {"lines": ["    def test_strings_of_size_equal_to_43():", "        selection_range = string.ascii_letters + string.digits + ' ' + \"!#$%&()*+,-./:;<=>?@[]^_{|}~\"", "        s = ''.join(random.sample(selection_range, k=43))", "        if 'descending' == 'ascending':", "            assert return_n_smallest_chars(s) == sorted(s)", "        else:", ">           assert return_n_smallest_chars(s) == sorted(s, reverse=True)", "E           AssertionError: assert ['a', 'e', 'f...'k', 'l', ...] == ['~', 'z', 'y...'w', 'u', ...]", "E             At index 0 diff: 'a' != '~'", "E             Right contains 29 more items, first extra item: 'a'", "E             Full diff:", "E               [", "E             -  '~',", "E             ?   ^", "E             +  'a',...", "E             ", "E             ...Full output truncated (57 lines hidden), use '-vv' to show"], "reprfuncargs": {"args": []}, "reprlocals": null, "reprfileloc": {"path": "Q40/command_results_3/Folder_78/tests40_78_3.py", "lineno": 12, "message": "AssertionError"}, "style": "long"}}], "extraline": null, "style": "long"}, "sections": [], "chain": [[{"reprentries": [{"type": "ReprEntry", "data": {"lines": ["    def test_strings_of_size_equal_to_43():", "        selection_range = string.ascii_letters + string.digits + ' ' + \"!#$%&()*+,-./:;<=>?@[]^_{|}~\"", "        s = ''.join(random.sample(selection_range, k=43))", "        if 'descending' == 'ascending':", "            assert return_n_smallest_chars(s) == sorted(s)", "        else:", ">           assert return_n_smallest_chars(s) == sorted(s, reverse=True)", "E           AssertionError: assert ['a', 'e', 'f...'k', 'l', ...] == ['~', 'z', 'y...'w', 'u', ...]", "E             At index 0 diff: 'a' != '~'", "E             Right contains 29 more items, first extra item: 'a'", "E             Full diff:", "E               [", "E             -  '~',", "E             ?   ^", "E             +  'a',...", "E             ", "E             ...Full output truncated (57 lines hidden), use '-vv' to show"], "reprfuncargs": {"args": []}, "reprlocals": null, "reprfileloc": {"path": "Q40/command_results_3/Folder_78/tests40_78_3.py", "lineno": 12, "message": "AssertionError"}, "style": "long"}}], "extraline": null, "style": "long"}, {"path": "/home/shahin/Benchmark_Command_T0/Q40/command_results_3/Folder_78/tests40_78_3.py", "lineno": 12, "message": "AssertionError: assert ['a', 'e', 'f...'k', 'l', ...] == ['~', 'z', 'y...'w', 'u', ...]\n  At index 0 diff: 'a' != '~'\n  Right contains 29 more items, first extra item: 'a'\n  Full diff:\n    [\n  -  '~',\n  ?   ^\n  +  'a',...\n  \n  ...Full output truncated (57 lines hidden), use '-vv' to show"}, null]]}, "when": "call", "user_properties": [], "sections": [], "duration": 0.0007320389995584264, "extra": [], "$report_type": "TestReport", "item_index": 0, "worker_id": "gw0", "testrun_uid": "a23032ede6dc481397a280c7b29e84b7", "node": "<WorkerController gw0>"}
{"exitstatus": 2, "$report_type": "SessionFinish"}
