{"pytest_version": "7.2.2", "$report_type": "SessionStart"}
{"nodeid": "tests26_43_2.py::test_nums", "location": ["tests26_43_2.py", 14, "test_nums"], "keywords": {"test_nums": 1, "tests26_43_2.py": 1, "Folder_43": 1}, "outcome": "passed", "longrepr": null, "when": "setup", "user_properties": [], "sections": [], "duration": 0.00011839199942187406, "$report_type": "TestReport", "item_index": 2, "worker_id": "gw1", "testrun_uid": "2a413462e9004d12a9a041a73de614d4", "node": "<WorkerController gw1>"}
{"nodeid": "tests26_43_2.py::test_range_of_given_arguments", "location": ["tests26_43_2.py", 4, "test_range_of_given_arguments"], "keywords": {"test_range_of_given_arguments": 1, "tests26_43_2.py": 1, "Folder_43": 1}, "outcome": "passed", "longrepr": null, "when": "setup", "user_properties": [], "sections": [], "duration": 0.00014465200001723133, "$report_type": "TestReport", "item_index": 0, "worker_id": "gw0", "testrun_uid": "2a413462e9004d12a9a041a73de614d4", "node": "<WorkerController gw0>"}
{"nodeid": "tests26_43_2.py::test_range_of_given_arguments", "location": ["tests26_43_2.py", 4, "test_range_of_given_arguments"], "keywords": {"test_range_of_given_arguments": 1, "tests26_43_2.py": 1, "Folder_43": 1}, "outcome": "failed", "longrepr": {"reprcrash": {"path": "/home/shahin/Benchmark_Command/Q26/command_results_2/Folder_43/tests26_43_2.py", "lineno": 7, "message": "assert 0 == -2639\n +  where 0 = sum_in_range([-74, -73, -72, -71, -70, -69, ...])\n +  and   -2639 = sum([-74, -73, -72, -71, -70, -69, ...])"}, "reprtraceback": {"reprentries": [{"type": "ReprEntry", "data": {"lines": ["    def test_range_of_given_arguments():", "        initial_list = list(range(-74, -17 + 1))", ">       assert sum_in_range(initial_list) == sum(initial_list)", "E       assert 0 == -2639", "E        +  where 0 = sum_in_range([-74, -73, -72, -71, -70, -69, ...])", "E        +  and   -2639 = sum([-74, -73, -72, -71, -70, -69, ...])"], "reprfuncargs": {"args": []}, "reprlocals": null, "reprfileloc": {"path": "Q26/command_results_2/Folder_43/tests26_43_2.py", "lineno": 7, "message": "AssertionError"}, "style": "long"}}], "extraline": null, "style": "long"}, "sections": [], "chain": [[{"reprentries": [{"type": "ReprEntry", "data": {"lines": ["    def test_range_of_given_arguments():", "        initial_list = list(range(-74, -17 + 1))", ">       assert sum_in_range(initial_list) == sum(initial_list)", "E       assert 0 == -2639", "E        +  where 0 = sum_in_range([-74, -73, -72, -71, -70, -69, ...])", "E        +  and   -2639 = sum([-74, -73, -72, -71, -70, -69, ...])"], "reprfuncargs": {"args": []}, "reprlocals": null, "reprfileloc": {"path": "Q26/command_results_2/Folder_43/tests26_43_2.py", "lineno": 7, "message": "AssertionError"}, "style": "long"}}], "extraline": null, "style": "long"}, {"path": "/home/shahin/Benchmark_Command/Q26/command_results_2/Folder_43/tests26_43_2.py", "lineno": 7, "message": "assert 0 == -2639\n +  where 0 = sum_in_range([-74, -73, -72, -71, -70, -69, ...])\n +  and   -2639 = sum([-74, -73, -72, -71, -70, -69, ...])"}, null]]}, "when": "call", "user_properties": [], "sections": [], "duration": 0.0002377559994783951, "extra": [], "$report_type": "TestReport", "item_index": 0, "worker_id": "gw0", "testrun_uid": "2a413462e9004d12a9a041a73de614d4", "node": "<WorkerController gw0>"}
{"exitstatus": 2, "$report_type": "SessionFinish"}
