{"pytest_version": "7.4.3", "$report_type": "SessionStart"}
{"nodeid": "tests39_64_5.py::test_if_result_is_sorted", "location": ["tests39_64_5.py", 20, "test_if_result_is_sorted"], "keywords": {"test_if_result_is_sorted": 1, "tests39_64_5.py": 1, "Folder_64": 1}, "outcome": "passed", "longrepr": null, "when": "setup", "user_properties": [], "sections": [], "duration": 0.00018685401300899684, "start": 1700341957.606868, "stop": 1700341957.607056, "$report_type": "TestReport", "item_index": 2, "worker_id": "gw1", "testrun_uid": "29d282a7c2614da39c943fe8b6f738d1", "node": "<WorkerController gw1>"}
{"nodeid": "tests39_64_5.py::test_strings_of_size_equal_to_39", "location": ["tests39_64_5.py", 5, "test_strings_of_size_equal_to_39"], "keywords": {"test_strings_of_size_equal_to_39": 1, "tests39_64_5.py": 1, "Folder_64": 1}, "outcome": "passed", "longrepr": null, "when": "setup", "user_properties": [], "sections": [], "duration": 0.00019384099869057536, "start": 1700341957.6068063, "stop": 1700341957.6070015, "$report_type": "TestReport", "item_index": 0, "worker_id": "gw0", "testrun_uid": "29d282a7c2614da39c943fe8b6f738d1", "node": "<WorkerController gw0>"}
{"nodeid": "tests39_64_5.py::test_if_result_is_sorted", "location": ["tests39_64_5.py", 20, "test_if_result_is_sorted"], "keywords": {"test_if_result_is_sorted": 1, "tests39_64_5.py": 1, "Folder_64": 1}, "outcome": "failed", "longrepr": {"reprcrash": {"path": "/data/Benchmark_Command/Q39/command_results_5/Folder_64/tests39_64_5.py", "lineno": 28, "message": "AssertionError: assert [' ', '$', '%...'1', '2', ...] == ['}', '{', 'z...'u', 's', ...]\n  At index 0 diff: ' ' != '}'\n  Full diff:\n    [\n  +  ' ',\n  +  '$',\n  +  '%',\n  +  '+',...\n  \n  ...Full output truncated (74 lines hidden), use '-vv' to show"}, "reprtraceback": {"reprentries": [{"type": "ReprEntry", "data": {"lines": ["    def test_if_result_is_sorted():", "        selection_range = string.ascii_letters + string.digits + ' ' + \"!#$%&()*+,-./:;<=>?@[]^_{|}~\"", "        s = ''.join(random.sample(selection_range, k=39 + 1))", "        result = return_n_greatest_chars(s)", "        if 'descending' == 'ascending':", "            assert result == sorted(result)", "        else:", ">           assert result == sorted(result, reverse=True)", "E           AssertionError: assert [' ', '$', '%...'1', '2', ...] == ['}', '{', 'z...'u', 's', ...]", "E             At index 0 diff: ' ' != '}'", "E             Full diff:", "E               [", "E             +  ' ',", "E             +  '$',", "E             +  '%',", "E             +  '+',...", "E             ", "E             ...Full output truncated (74 lines hidden), use '-vv' to show"], "reprfuncargs": {"args": []}, "reprlocals": null, "reprfileloc": {"path": "Q39/command_results_5/Folder_64/tests39_64_5.py", "lineno": 28, "message": "AssertionError"}, "style": "long"}}], "extraline": null, "style": "long"}, "sections": [], "chain": [[{"reprentries": [{"type": "ReprEntry", "data": {"lines": ["    def test_if_result_is_sorted():", "        selection_range = string.ascii_letters + string.digits + ' ' + \"!#$%&()*+,-./:;<=>?@[]^_{|}~\"", "        s = ''.join(random.sample(selection_range, k=39 + 1))", "        result = return_n_greatest_chars(s)", "        if 'descending' == 'ascending':", "            assert result == sorted(result)", "        else:", ">           assert result == sorted(result, reverse=True)", "E           AssertionError: assert [' ', '$', '%...'1', '2', ...] == ['}', '{', 'z...'u', 's', ...]", "E             At index 0 diff: ' ' != '}'", "E             Full diff:", "E               [", "E             +  ' ',", "E             +  '$',", "E             +  '%',", "E             +  '+',...", "E             ", "E             ...Full output truncated (74 lines hidden), use '-vv' to show"], "reprfuncargs": {"args": []}, "reprlocals": null, "reprfileloc": {"path": "Q39/command_results_5/Folder_64/tests39_64_5.py", "lineno": 28, "message": "AssertionError"}, "style": "long"}}], "extraline": null, "style": "long"}, {"path": "/data/Benchmark_Command/Q39/command_results_5/Folder_64/tests39_64_5.py", "lineno": 28, "message": "AssertionError: assert [' ', '$', '%...'1', '2', ...] == ['}', '{', 'z...'u', 's', ...]\n  At index 0 diff: ' ' != '}'\n  Full diff:\n    [\n  +  ' ',\n  +  '$',\n  +  '%',\n  +  '+',...\n  \n  ...Full output truncated (74 lines hidden), use '-vv' to show"}, null]]}, "when": "call", "user_properties": [], "sections": [], "duration": 0.000800370005890727, "start": 1700341957.607364, "stop": 1700341957.6081648, "extras": [], "$report_type": "TestReport", "item_index": 2, "worker_id": "gw1", "testrun_uid": "29d282a7c2614da39c943fe8b6f738d1", "node": "<WorkerController gw1>"}
{"exitstatus": 2, "$report_type": "SessionFinish"}
