{"pytest_version": "7.2.2", "$report_type": "SessionStart"}
{"nodeid": "tests3_74_2.py::test_even_range", "location": ["tests3_74_2.py", 15, "test_even_range"], "keywords": {"test_even_range": 1, "tests3_74_2.py": 1, "Folder_74": 1}, "outcome": "passed", "longrepr": null, "when": "setup", "user_properties": [], "sections": [], "duration": 0.0001417459998265258, "$report_type": "TestReport", "item_index": 2, "worker_id": "gw1", "testrun_uid": "9941962d3f1746d69da3fc743d23b6a4", "node": "<WorkerController gw1>"}
{"nodeid": "tests3_74_2.py::test_large_range", "location": ["tests3_74_2.py", 3, "test_large_range"], "keywords": {"test_large_range": 1, "tests3_74_2.py": 1, "Folder_74": 1}, "outcome": "passed", "longrepr": null, "when": "setup", "user_properties": [], "sections": [], "duration": 0.0001727740000205813, "$report_type": "TestReport", "item_index": 0, "worker_id": "gw0", "testrun_uid": "9941962d3f1746d69da3fc743d23b6a4", "node": "<WorkerController gw0>"}
{"nodeid": "tests3_74_2.py::test_large_range", "location": ["tests3_74_2.py", 3, "test_large_range"], "keywords": {"test_large_range": 1, "tests3_74_2.py": 1, "Folder_74": 1}, "outcome": "failed", "longrepr": {"reprcrash": {"path": "/home/shahin/Benchmark_Command/Q3/command_results_2/Folder_74/tests3_74_2.py", "lineno": 7, "message": "AssertionError: assert [17, 18, 19, 20, 21, 22, ...] == [18, 19, 20, 21, 22, 23, ...]\n  At index 0 diff: 17 != 18\n  Full diff:\n    [\n  +  17,\n     18,\n     19,\n     20,...\n  \n  ...Full output truncated (61 lines hidden), use '-vv' to show"}, "reprtraceback": {"reprentries": [{"type": "ReprEntry", "data": {"lines": ["    def test_large_range():", "        large_list = list(range(1, 78 + 1000))", "        expected_list = large_list[17:78 + 1]", ">       assert all_pos_ints_inclusive(large_list) == expected_list", "E       AssertionError: assert [17, 18, 19, 20, 21, 22, ...] == [18, 19, 20, 21, 22, 23, ...]", "E         At index 0 diff: 17 != 18", "E         Full diff:", "E           [", "E         +  17,", "E            18,", "E            19,", "E            20,...", "E         ", "E         ...Full output truncated (61 lines hidden), use '-vv' to show"], "reprfuncargs": {"args": []}, "reprlocals": null, "reprfileloc": {"path": "Q3/command_results_2/Folder_74/tests3_74_2.py", "lineno": 7, "message": "AssertionError"}, "style": "long"}}], "extraline": null, "style": "long"}, "sections": [], "chain": [[{"reprentries": [{"type": "ReprEntry", "data": {"lines": ["    def test_large_range():", "        large_list = list(range(1, 78 + 1000))", "        expected_list = large_list[17:78 + 1]", ">       assert all_pos_ints_inclusive(large_list) == expected_list", "E       AssertionError: assert [17, 18, 19, 20, 21, 22, ...] == [18, 19, 20, 21, 22, 23, ...]", "E         At index 0 diff: 17 != 18", "E         Full diff:", "E           [", "E         +  17,", "E            18,", "E            19,", "E            20,...", "E         ", "E         ...Full output truncated (61 lines hidden), use '-vv' to show"], "reprfuncargs": {"args": []}, "reprlocals": null, "reprfileloc": {"path": "Q3/command_results_2/Folder_74/tests3_74_2.py", "lineno": 7, "message": "AssertionError"}, "style": "long"}}], "extraline": null, "style": "long"}, {"path": "/home/shahin/Benchmark_Command/Q3/command_results_2/Folder_74/tests3_74_2.py", "lineno": 7, "message": "AssertionError: assert [17, 18, 19, 20, 21, 22, ...] == [18, 19, 20, 21, 22, 23, ...]\n  At index 0 diff: 17 != 18\n  Full diff:\n    [\n  +  17,\n     18,\n     19,\n     20,...\n  \n  ...Full output truncated (61 lines hidden), use '-vv' to show"}, null]]}, "when": "call", "user_properties": [], "sections": [], "duration": 0.0006210950000422599, "extra": [], "$report_type": "TestReport", "item_index": 0, "worker_id": "gw0", "testrun_uid": "9941962d3f1746d69da3fc743d23b6a4", "node": "<WorkerController gw0>"}
{"exitstatus": 2, "$report_type": "SessionFinish"}
