{"pytest_version": "7.2.2", "$report_type": "SessionStart"}
{"nodeid": "tests40_29_3.py::test_if_result_is_sorted", "location": ["tests40_29_3.py", 20, "test_if_result_is_sorted"], "keywords": {"test_if_result_is_sorted": 1, "tests40_29_3.py": 1, "Folder_29": 1}, "outcome": "passed", "longrepr": null, "when": "setup", "user_properties": [], "sections": [], "duration": 0.0001203600040753372, "$report_type": "TestReport", "item_index": 2, "worker_id": "gw1", "testrun_uid": "d6c4d952877942a8ae390a1f6b17a91e", "node": "<WorkerController gw1>"}
{"nodeid": "tests40_29_3.py::test_strings_of_size_equal_to_23", "location": ["tests40_29_3.py", 5, "test_strings_of_size_equal_to_23"], "keywords": {"test_strings_of_size_equal_to_23": 1, "tests40_29_3.py": 1, "Folder_29": 1}, "outcome": "passed", "longrepr": null, "when": "setup", "user_properties": [], "sections": [], "duration": 0.00014467699656961486, "$report_type": "TestReport", "item_index": 0, "worker_id": "gw0", "testrun_uid": "d6c4d952877942a8ae390a1f6b17a91e", "node": "<WorkerController gw0>"}
{"nodeid": "tests40_29_3.py::test_strings_of_size_equal_to_23", "location": ["tests40_29_3.py", 5, "test_strings_of_size_equal_to_23"], "keywords": {"test_strings_of_size_equal_to_23": 1, "tests40_29_3.py": 1, "Folder_29": 1}, "outcome": "failed", "longrepr": {"reprcrash": {"path": "/home/shahin/Benchmark_Command_T0/Q40/command_results_3/Folder_29/tests40_29_3.py", "lineno": 12, "message": "AssertionError: assert ['r', 't', 'g...'p', 'h', ...] == ['~', 'u', 't...'p', 'h', ...]\n  At index 0 diff: 'r' != '~'\n  Right contains 16 more items, first extra item: 'b'\n  Full diff:\n    [\n  -  '~',\n  ?   ^\n  +  'r',...\n  \n  ...Full output truncated (27 lines hidden), use '-vv' to show"}, "reprtraceback": {"reprentries": [{"type": "ReprEntry", "data": {"lines": ["    def test_strings_of_size_equal_to_23():", "        selection_range = string.ascii_letters + string.digits + ' ' + \"!#$%&()*+,-./:;<=>?@[]^_{|}~\"", "        s = ''.join(random.sample(selection_range, k=23))", "        if 'descending' == 'ascending':", "            assert return_n_smallest_chars(s) == sorted(s)", "        else:", ">           assert return_n_smallest_chars(s) == sorted(s, reverse=True)", "E           AssertionError: assert ['r', 't', 'g...'p', 'h', ...] == ['~', 'u', 't...'p', 'h', ...]", "E             At index 0 diff: 'r' != '~'", "E             Right contains 16 more items, first extra item: 'b'", "E             Full diff:", "E               [", "E             -  '~',", "E             ?   ^", "E             +  'r',...", "E             ", "E             ...Full output truncated (27 lines hidden), use '-vv' to show"], "reprfuncargs": {"args": []}, "reprlocals": null, "reprfileloc": {"path": "Q40/command_results_3/Folder_29/tests40_29_3.py", "lineno": 12, "message": "AssertionError"}, "style": "long"}}], "extraline": null, "style": "long"}, "sections": [], "chain": [[{"reprentries": [{"type": "ReprEntry", "data": {"lines": ["    def test_strings_of_size_equal_to_23():", "        selection_range = string.ascii_letters + string.digits + ' ' + \"!#$%&()*+,-./:;<=>?@[]^_{|}~\"", "        s = ''.join(random.sample(selection_range, k=23))", "        if 'descending' == 'ascending':", "            assert return_n_smallest_chars(s) == sorted(s)", "        else:", ">           assert return_n_smallest_chars(s) == sorted(s, reverse=True)", "E           AssertionError: assert ['r', 't', 'g...'p', 'h', ...] == ['~', 'u', 't...'p', 'h', ...]", "E             At index 0 diff: 'r' != '~'", "E             Right contains 16 more items, first extra item: 'b'", "E             Full diff:", "E               [", "E             -  '~',", "E             ?   ^", "E             +  'r',...", "E             ", "E             ...Full output truncated (27 lines hidden), use '-vv' to show"], "reprfuncargs": {"args": []}, "reprlocals": null, "reprfileloc": {"path": "Q40/command_results_3/Folder_29/tests40_29_3.py", "lineno": 12, "message": "AssertionError"}, "style": "long"}}], "extraline": null, "style": "long"}, {"path": "/home/shahin/Benchmark_Command_T0/Q40/command_results_3/Folder_29/tests40_29_3.py", "lineno": 12, "message": "AssertionError: assert ['r', 't', 'g...'p', 'h', ...] == ['~', 'u', 't...'p', 'h', ...]\n  At index 0 diff: 'r' != '~'\n  Right contains 16 more items, first extra item: 'b'\n  Full diff:\n    [\n  -  '~',\n  ?   ^\n  +  'r',...\n  \n  ...Full output truncated (27 lines hidden), use '-vv' to show"}, null]]}, "when": "call", "user_properties": [], "sections": [], "duration": 0.0006246539996936917, "extra": [], "$report_type": "TestReport", "item_index": 0, "worker_id": "gw0", "testrun_uid": "d6c4d952877942a8ae390a1f6b17a91e", "node": "<WorkerController gw0>"}
{"exitstatus": 2, "$report_type": "SessionFinish"}
