{"pytest_version": "7.2.2", "$report_type": "SessionStart"}
{"nodeid": "tests40_65_4.py::test_if_result_is_sorted", "location": ["tests40_65_4.py", 20, "test_if_result_is_sorted"], "keywords": {"test_if_result_is_sorted": 1, "tests40_65_4.py": 1, "Folder_65": 1}, "outcome": "passed", "longrepr": null, "when": "setup", "user_properties": [], "sections": [], "duration": 0.00011599700155784376, "$report_type": "TestReport", "item_index": 2, "worker_id": "gw1", "testrun_uid": "b735c7bde80e4c57a54b28dc602e35f1", "node": "<WorkerController gw1>"}
{"nodeid": "tests40_65_4.py::test_strings_of_size_equal_to_27", "location": ["tests40_65_4.py", 5, "test_strings_of_size_equal_to_27"], "keywords": {"test_strings_of_size_equal_to_27": 1, "tests40_65_4.py": 1, "Folder_65": 1}, "outcome": "passed", "longrepr": null, "when": "setup", "user_properties": [], "sections": [], "duration": 0.0001631459999771323, "$report_type": "TestReport", "item_index": 0, "worker_id": "gw0", "testrun_uid": "b735c7bde80e4c57a54b28dc602e35f1", "node": "<WorkerController gw0>"}
{"nodeid": "tests40_65_4.py::test_strings_of_size_equal_to_27", "location": ["tests40_65_4.py", 5, "test_strings_of_size_equal_to_27"], "keywords": {"test_strings_of_size_equal_to_27": 1, "tests40_65_4.py": 1, "Folder_65": 1}, "outcome": "failed", "longrepr": {"reprcrash": {"path": "/home/shahin/Benchmark_Command/Q40/command_results_4/Folder_65/tests40_65_4.py", "lineno": 12, "message": "AssertionError: assert ['D', 'F', 'M...'T', 'X', ...] == ['z', 'x', 'u...'n', 'j', ...]\n  At index 0 diff: 'D' != 'z'\n  Right contains 20 more items, first extra item: 'g'\n  Full diff:\n    [\n  -  'z',\n  ?   ^\n  +  'D',...\n  \n  ...Full output truncated (44 lines hidden), use '-vv' to show"}, "reprtraceback": {"reprentries": [{"type": "ReprEntry", "data": {"lines": ["    def test_strings_of_size_equal_to_27():", "        selection_range = string.ascii_letters + string.digits + ' ' + \"!#$%&()*+,-./:;<=>?@[]^_{|}~\"", "        s = ''.join(random.sample(selection_range, k=27))", "        if 'descending' == 'ascending':", "            assert return_n_smallest_chars(s) == sorted(s)", "        else:", ">           assert return_n_smallest_chars(s) == sorted(s, reverse=True)", "E           AssertionError: assert ['D', 'F', 'M...'T', 'X', ...] == ['z', 'x', 'u...'n', 'j', ...]", "E             At index 0 diff: 'D' != 'z'", "E             Right contains 20 more items, first extra item: 'g'", "E             Full diff:", "E               [", "E             -  'z',", "E             ?   ^", "E             +  'D',...", "E             ", "E             ...Full output truncated (44 lines hidden), use '-vv' to show"], "reprfuncargs": {"args": []}, "reprlocals": null, "reprfileloc": {"path": "Q40/command_results_4/Folder_65/tests40_65_4.py", "lineno": 12, "message": "AssertionError"}, "style": "long"}}], "extraline": null, "style": "long"}, "sections": [], "chain": [[{"reprentries": [{"type": "ReprEntry", "data": {"lines": ["    def test_strings_of_size_equal_to_27():", "        selection_range = string.ascii_letters + string.digits + ' ' + \"!#$%&()*+,-./:;<=>?@[]^_{|}~\"", "        s = ''.join(random.sample(selection_range, k=27))", "        if 'descending' == 'ascending':", "            assert return_n_smallest_chars(s) == sorted(s)", "        else:", ">           assert return_n_smallest_chars(s) == sorted(s, reverse=True)", "E           AssertionError: assert ['D', 'F', 'M...'T', 'X', ...] == ['z', 'x', 'u...'n', 'j', ...]", "E             At index 0 diff: 'D' != 'z'", "E             Right contains 20 more items, first extra item: 'g'", "E             Full diff:", "E               [", "E             -  'z',", "E             ?   ^", "E             +  'D',...", "E             ", "E             ...Full output truncated (44 lines hidden), use '-vv' to show"], "reprfuncargs": {"args": []}, "reprlocals": null, "reprfileloc": {"path": "Q40/command_results_4/Folder_65/tests40_65_4.py", "lineno": 12, "message": "AssertionError"}, "style": "long"}}], "extraline": null, "style": "long"}, {"path": "/home/shahin/Benchmark_Command/Q40/command_results_4/Folder_65/tests40_65_4.py", "lineno": 12, "message": "AssertionError: assert ['D', 'F', 'M...'T', 'X', ...] == ['z', 'x', 'u...'n', 'j', ...]\n  At index 0 diff: 'D' != 'z'\n  Right contains 20 more items, first extra item: 'g'\n  Full diff:\n    [\n  -  'z',\n  ?   ^\n  +  'D',...\n  \n  ...Full output truncated (44 lines hidden), use '-vv' to show"}, null]]}, "when": "call", "user_properties": [], "sections": [], "duration": 0.0011726490010914858, "extra": [], "$report_type": "TestReport", "item_index": 0, "worker_id": "gw0", "testrun_uid": "b735c7bde80e4c57a54b28dc602e35f1", "node": "<WorkerController gw0>"}
{"exitstatus": 2, "$report_type": "SessionFinish"}
