{"pytest_version": "7.2.2", "$report_type": "SessionStart"}
{"nodeid": "tests40_29_1.py::test_if_result_is_sorted", "location": ["tests40_29_1.py", 20, "test_if_result_is_sorted"], "keywords": {"test_if_result_is_sorted": 1, "tests40_29_1.py": 1, "Folder_29": 1}, "outcome": "passed", "longrepr": null, "when": "setup", "user_properties": [], "sections": [], "duration": 0.00012506900384323671, "$report_type": "TestReport", "item_index": 2, "worker_id": "gw1", "testrun_uid": "63d3cc484cbb43e1afc9dc36a0337d36", "node": "<WorkerController gw1>"}
{"nodeid": "tests40_29_1.py::test_strings_of_size_equal_to_23", "location": ["tests40_29_1.py", 5, "test_strings_of_size_equal_to_23"], "keywords": {"test_strings_of_size_equal_to_23": 1, "tests40_29_1.py": 1, "Folder_29": 1}, "outcome": "passed", "longrepr": null, "when": "setup", "user_properties": [], "sections": [], "duration": 0.00018929199723061174, "$report_type": "TestReport", "item_index": 0, "worker_id": "gw0", "testrun_uid": "63d3cc484cbb43e1afc9dc36a0337d36", "node": "<WorkerController gw0>"}
{"nodeid": "tests40_29_1.py::test_strings_of_size_equal_to_23", "location": ["tests40_29_1.py", 5, "test_strings_of_size_equal_to_23"], "keywords": {"test_strings_of_size_equal_to_23": 1, "tests40_29_1.py": 1, "Folder_29": 1}, "outcome": "failed", "longrepr": {"reprcrash": {"path": "/home/shahin/Benchmark_Command_T0/Q40/command_results_1/Folder_29/tests40_29_1.py", "lineno": 12, "message": "AssertionError: assert ['e', 'x', 'o', 'r', 'k'] == ['~', '}', '|...'r', 'o', ...]\n  At index 0 diff: 'e' != '~'\n  Right contains 18 more items, first extra item: 'o'\n  Full diff:\n    [\n  -  '~',\n  ?   ^\n  +  'e',...\n  \n  ...Full output truncated (26 lines hidden), use '-vv' to show"}, "reprtraceback": {"reprentries": [{"type": "ReprEntry", "data": {"lines": ["    def test_strings_of_size_equal_to_23():", "        selection_range = string.ascii_letters + string.digits + ' ' + \"!#$%&()*+,-./:;<=>?@[]^_{|}~\"", "        s = ''.join(random.sample(selection_range, k=23))", "        if 'descending' == 'ascending':", "            assert return_n_smallest_chars(s) == sorted(s)", "        else:", ">           assert return_n_smallest_chars(s) == sorted(s, reverse=True)", "E           AssertionError: assert ['e', 'x', 'o', 'r', 'k'] == ['~', '}', '|...'r', 'o', ...]", "E             At index 0 diff: 'e' != '~'", "E             Right contains 18 more items, first extra item: 'o'", "E             Full diff:", "E               [", "E             -  '~',", "E             ?   ^", "E             +  'e',...", "E             ", "E             ...Full output truncated (26 lines hidden), use '-vv' to show"], "reprfuncargs": {"args": []}, "reprlocals": null, "reprfileloc": {"path": "Q40/command_results_1/Folder_29/tests40_29_1.py", "lineno": 12, "message": "AssertionError"}, "style": "long"}}], "extraline": null, "style": "long"}, "sections": [], "chain": [[{"reprentries": [{"type": "ReprEntry", "data": {"lines": ["    def test_strings_of_size_equal_to_23():", "        selection_range = string.ascii_letters + string.digits + ' ' + \"!#$%&()*+,-./:;<=>?@[]^_{|}~\"", "        s = ''.join(random.sample(selection_range, k=23))", "        if 'descending' == 'ascending':", "            assert return_n_smallest_chars(s) == sorted(s)", "        else:", ">           assert return_n_smallest_chars(s) == sorted(s, reverse=True)", "E           AssertionError: assert ['e', 'x', 'o', 'r', 'k'] == ['~', '}', '|...'r', 'o', ...]", "E             At index 0 diff: 'e' != '~'", "E             Right contains 18 more items, first extra item: 'o'", "E             Full diff:", "E               [", "E             -  '~',", "E             ?   ^", "E             +  'e',...", "E             ", "E             ...Full output truncated (26 lines hidden), use '-vv' to show"], "reprfuncargs": {"args": []}, "reprlocals": null, "reprfileloc": {"path": "Q40/command_results_1/Folder_29/tests40_29_1.py", "lineno": 12, "message": "AssertionError"}, "style": "long"}}], "extraline": null, "style": "long"}, {"path": "/home/shahin/Benchmark_Command_T0/Q40/command_results_1/Folder_29/tests40_29_1.py", "lineno": 12, "message": "AssertionError: assert ['e', 'x', 'o', 'r', 'k'] == ['~', '}', '|...'r', 'o', ...]\n  At index 0 diff: 'e' != '~'\n  Right contains 18 more items, first extra item: 'o'\n  Full diff:\n    [\n  -  '~',\n  ?   ^\n  +  'e',...\n  \n  ...Full output truncated (26 lines hidden), use '-vv' to show"}, null]]}, "when": "call", "user_properties": [], "sections": [], "duration": 0.0006424780003726482, "extra": [], "$report_type": "TestReport", "item_index": 0, "worker_id": "gw0", "testrun_uid": "63d3cc484cbb43e1afc9dc36a0337d36", "node": "<WorkerController gw0>"}
{"exitstatus": 2, "$report_type": "SessionFinish"}
